{"total": {"lines":{"total":6767,"covered":450,"skipped":0,"pct":6.64},"statements":{"total":7102,"covered":478,"skipped":0,"pct":6.73},"functions":{"total":866,"covered":70,"skipped":0,"pct":8.08},"branches":{"total":4497,"covered":242,"skipped":0,"pct":5.38},"branchesTrue":{"total":0,"covered":0,"skipped":0,"pct":100}}
,"D:\\SEM-5\\FDFED\\PETVERSE\\backend\\src\\app.js": {"lines":{"total":244,"covered":0,"skipped":0,"pct":0},"functions":{"total":26,"covered":0,"skipped":0,"pct":0},"statements":{"total":248,"covered":0,"skipped":0,"pct":0},"branches":{"total":77,"covered":0,"skipped":0,"pct":0}}
,"D:\\SEM-5\\FDFED\\PETVERSE\\backend\\src\\controllers\\admin.js": {"lines":{"total":9,"covered":0,"skipped":0,"pct":0},"functions":{"total":3,"covered":0,"skipped":0,"pct":0},"statements":{"total":9,"covered":0,"skipped":0,"pct":0},"branches":{"total":0,"covered":0,"skipped":0,"pct":100}}
,"D:\\SEM-5\\FDFED\\PETVERSE\\backend\\src\\controllers\\bookingController.js": {"lines":{"total":72,"covered":0,"skipped":0,"pct":0},"functions":{"total":8,"covered":0,"skipped":0,"pct":0},"statements":{"total":74,"covered":0,"skipped":0,"pct":0},"branches":{"total":57,"covered":0,"skipped":0,"pct":0}}
,"D:\\SEM-5\\FDFED\\PETVERSE\\backend\\src\\controllers\\event.js": {"lines":{"total":158,"covered":0,"skipped":0,"pct":0},"functions":{"total":18,"covered":0,"skipped":0,"pct":0},"statements":{"total":168,"covered":0,"skipped":0,"pct":0},"branches":{"total":118,"covered":0,"skipped":0,"pct":0}}
,"D:\\SEM-5\\FDFED\\PETVERSE\\backend\\src\\controllers\\forgotPassword.js": {"lines":{"total":65,"covered":0,"skipped":0,"pct":0},"functions":{"total":3,"covered":0,"skipped":0,"pct":0},"statements":{"total":65,"covered":0,"skipped":0,"pct":0},"branches":{"total":51,"covered":0,"skipped":0,"pct":0}}
,"D:\\SEM-5\\FDFED\\PETVERSE\\backend\\src\\controllers\\foundClaim.controller.js": {"lines":{"total":117,"covered":0,"skipped":0,"pct":0},"functions":{"total":9,"covered":0,"skipped":0,"pct":0},"statements":{"total":117,"covered":0,"skipped":0,"pct":0},"branches":{"total":73,"covered":0,"skipped":0,"pct":0}}
,"D:\\SEM-5\\FDFED\\PETVERSE\\backend\\src\\controllers\\inquiryController.js": {"lines":{"total":83,"covered":0,"skipped":0,"pct":0},"functions":{"total":6,"covered":0,"skipped":0,"pct":0},"statements":{"total":83,"covered":0,"skipped":0,"pct":0},"branches":{"total":39,"covered":0,"skipped":0,"pct":0}}
,"D:\\SEM-5\\FDFED\\PETVERSE\\backend\\src\\controllers\\login.js": {"lines":{"total":32,"covered":0,"skipped":0,"pct":0},"functions":{"total":4,"covered":0,"skipped":0,"pct":0},"statements":{"total":32,"covered":0,"skipped":0,"pct":0},"branches":{"total":15,"covered":0,"skipped":0,"pct":0}}
,"D:\\SEM-5\\FDFED\\PETVERSE\\backend\\src\\controllers\\lostPet.controller.js": {"lines":{"total":153,"covered":0,"skipped":0,"pct":0},"functions":{"total":17,"covered":0,"skipped":0,"pct":0},"statements":{"total":157,"covered":0,"skipped":0,"pct":0},"branches":{"total":73,"covered":0,"skipped":0,"pct":0}}
,"D:\\SEM-5\\FDFED\\PETVERSE\\backend\\src\\controllers\\otpController.js": {"lines":{"total":100,"covered":0,"skipped":0,"pct":0},"functions":{"total":3,"covered":0,"skipped":0,"pct":0},"statements":{"total":100,"covered":0,"skipped":0,"pct":0},"branches":{"total":83,"covered":0,"skipped":0,"pct":0}}
,"D:\\SEM-5\\FDFED\\PETVERSE\\backend\\src\\controllers\\paymentController.js": {"lines":{"total":23,"covered":0,"skipped":0,"pct":0},"functions":{"total":4,"covered":0,"skipped":0,"pct":0},"statements":{"total":24,"covered":0,"skipped":0,"pct":0},"branches":{"total":6,"covered":0,"skipped":0,"pct":0}}
,"D:\\SEM-5\\FDFED\\PETVERSE\\backend\\src\\controllers\\pet.js": {"lines":{"total":78,"covered":0,"skipped":0,"pct":0},"functions":{"total":12,"covered":0,"skipped":0,"pct":0},"statements":{"total":82,"covered":0,"skipped":0,"pct":0},"branches":{"total":44,"covered":0,"skipped":0,"pct":0}}
,"D:\\SEM-5\\FDFED\\PETVERSE\\backend\\src\\controllers\\petMate.js": {"lines":{"total":117,"covered":0,"skipped":0,"pct":0},"functions":{"total":13,"covered":0,"skipped":0,"pct":0},"statements":{"total":121,"covered":0,"skipped":0,"pct":0},"branches":{"total":76,"covered":0,"skipped":0,"pct":0}}
,"D:\\SEM-5\\FDFED\\PETVERSE\\backend\\src\\controllers\\products.js": {"lines":{"total":6,"covered":0,"skipped":0,"pct":0},"functions":{"total":1,"covered":0,"skipped":0,"pct":0},"statements":{"total":6,"covered":0,"skipped":0,"pct":0},"branches":{"total":0,"covered":0,"skipped":0,"pct":100}}
,"D:\\SEM-5\\FDFED\\PETVERSE\\backend\\src\\controllers\\review.js": {"lines":{"total":70,"covered":0,"skipped":0,"pct":0},"functions":{"total":6,"covered":0,"skipped":0,"pct":0},"statements":{"total":70,"covered":0,"skipped":0,"pct":0},"branches":{"total":35,"covered":0,"skipped":0,"pct":0}}
,"D:\\SEM-5\\FDFED\\PETVERSE\\backend\\src\\controllers\\serviceProviderController.js": {"lines":{"total":34,"covered":0,"skipped":0,"pct":0},"functions":{"total":5,"covered":0,"skipped":0,"pct":0},"statements":{"total":36,"covered":0,"skipped":0,"pct":0},"branches":{"total":6,"covered":0,"skipped":0,"pct":0}}
,"D:\\SEM-5\\FDFED\\PETVERSE\\backend\\src\\controllers\\services.js": {"lines":{"total":197,"covered":0,"skipped":0,"pct":0},"functions":{"total":29,"covered":0,"skipped":0,"pct":0},"statements":{"total":217,"covered":0,"skipped":0,"pct":0},"branches":{"total":187,"covered":0,"skipped":0,"pct":0}}
,"D:\\SEM-5\\FDFED\\PETVERSE\\backend\\src\\controllers\\signup.js": {"lines":{"total":85,"covered":0,"skipped":0,"pct":0},"functions":{"total":13,"covered":0,"skipped":0,"pct":0},"statements":{"total":86,"covered":0,"skipped":0,"pct":0},"branches":{"total":53,"covered":0,"skipped":0,"pct":0}}
,"D:\\SEM-5\\FDFED\\PETVERSE\\backend\\src\\controllers\\userController.js": {"lines":{"total":8,"covered":0,"skipped":0,"pct":0},"functions":{"total":2,"covered":0,"skipped":0,"pct":0},"statements":{"total":9,"covered":0,"skipped":0,"pct":0},"branches":{"total":0,"covered":0,"skipped":0,"pct":100}}
,"D:\\SEM-5\\FDFED\\PETVERSE\\backend\\src\\controllers\\wishlist.js": {"lines":{"total":75,"covered":0,"skipped":0,"pct":0},"functions":{"total":8,"covered":0,"skipped":0,"pct":0},"statements":{"total":79,"covered":0,"skipped":0,"pct":0},"branches":{"total":44,"covered":0,"skipped":0,"pct":0}}
,"D:\\SEM-5\\FDFED\\PETVERSE\\backend\\src\\middleware\\admin-auth.js": {"lines":{"total":15,"covered":0,"skipped":0,"pct":0},"functions":{"total":1,"covered":0,"skipped":0,"pct":0},"statements":{"total":15,"covered":0,"skipped":0,"pct":0},"branches":{"total":6,"covered":0,"skipped":0,"pct":0}}
,"D:\\SEM-5\\FDFED\\PETVERSE\\backend\\src\\middleware\\attachWallet.js": {"lines":{"total":5,"covered":0,"skipped":0,"pct":0},"functions":{"total":1,"covered":0,"skipped":0,"pct":0},"statements":{"total":5,"covered":0,"skipped":0,"pct":0},"branches":{"total":2,"covered":0,"skipped":0,"pct":0}}
,"D:\\SEM-5\\FDFED\\PETVERSE\\backend\\src\\middleware\\auth.js": {"lines":{"total":19,"covered":0,"skipped":0,"pct":0},"functions":{"total":2,"covered":0,"skipped":0,"pct":0},"statements":{"total":19,"covered":0,"skipped":0,"pct":0},"branches":{"total":30,"covered":0,"skipped":0,"pct":0}}
,"D:\\SEM-5\\FDFED\\PETVERSE\\backend\\src\\middleware\\cache.js": {"lines":{"total":18,"covered":18,"skipped":0,"pct":100},"functions":{"total":4,"covered":3,"skipped":0,"pct":75},"statements":{"total":19,"covered":19,"skipped":0,"pct":100},"branches":{"total":11,"covered":9,"skipped":0,"pct":81.81}}
,"D:\\SEM-5\\FDFED\\PETVERSE\\backend\\src\\middleware\\errorHandler.js": {"lines":{"total":22,"covered":0,"skipped":0,"pct":0},"functions":{"total":2,"covered":0,"skipped":0,"pct":0},"statements":{"total":22,"covered":0,"skipped":0,"pct":0},"branches":{"total":26,"covered":0,"skipped":0,"pct":0}}
,"D:\\SEM-5\\FDFED\\PETVERSE\\backend\\src\\middleware\\sellerAuth.js": {"lines":{"total":21,"covered":0,"skipped":0,"pct":0},"functions":{"total":1,"covered":0,"skipped":0,"pct":0},"statements":{"total":21,"covered":0,"skipped":0,"pct":0},"branches":{"total":16,"covered":0,"skipped":0,"pct":0}}
,"D:\\SEM-5\\FDFED\\PETVERSE\\backend\\src\\models\\Booking.js": {"lines":{"total":4,"covered":4,"skipped":0,"pct":100},"functions":{"total":0,"covered":0,"skipped":0,"pct":100},"statements":{"total":4,"covered":4,"skipped":0,"pct":100},"branches":{"total":0,"covered":0,"skipped":0,"pct":100}}
,"D:\\SEM-5\\FDFED\\PETVERSE\\backend\\src\\models\\Service.js": {"lines":{"total":6,"covered":0,"skipped":0,"pct":0},"functions":{"total":0,"covered":0,"skipped":0,"pct":100},"statements":{"total":6,"covered":0,"skipped":0,"pct":0},"branches":{"total":0,"covered":0,"skipped":0,"pct":100}}
,"D:\\SEM-5\\FDFED\\PETVERSE\\backend\\src\\models\\availability.js": {"lines":{"total":24,"covered":0,"skipped":0,"pct":0},"functions":{"total":15,"covered":0,"skipped":0,"pct":0},"statements":{"total":26,"covered":0,"skipped":0,"pct":0},"branches":{"total":8,"covered":0,"skipped":0,"pct":0}}
,"D:\\SEM-5\\FDFED\\PETVERSE\\backend\\src\\models\\cart.js": {"lines":{"total":10,"covered":0,"skipped":0,"pct":0},"functions":{"total":1,"covered":0,"skipped":0,"pct":0},"statements":{"total":10,"covered":0,"skipped":0,"pct":0},"branches":{"total":0,"covered":0,"skipped":0,"pct":100}}
,"D:\\SEM-5\\FDFED\\PETVERSE\\backend\\src\\models\\chat.js": {"lines":{"total":8,"covered":0,"skipped":0,"pct":0},"functions":{"total":0,"covered":0,"skipped":0,"pct":100},"statements":{"total":8,"covered":0,"skipped":0,"pct":0},"branches":{"total":0,"covered":0,"skipped":0,"pct":100}}
,"D:\\SEM-5\\FDFED\\PETVERSE\\backend\\src\\models\\event.js": {"lines":{"total":20,"covered":11,"skipped":0,"pct":55},"functions":{"total":10,"covered":0,"skipped":0,"pct":0},"statements":{"total":21,"covered":11,"skipped":0,"pct":52.38},"branches":{"total":0,"covered":0,"skipped":0,"pct":100}}
,"D:\\SEM-5\\FDFED\\PETVERSE\\backend\\src\\models\\fileSchema.js": {"lines":{"total":3,"covered":3,"skipped":0,"pct":100},"functions":{"total":0,"covered":0,"skipped":0,"pct":100},"statements":{"total":3,"covered":3,"skipped":0,"pct":100},"branches":{"total":0,"covered":0,"skipped":0,"pct":100}}
,"D:\\SEM-5\\FDFED\\PETVERSE\\backend\\src\\models\\foundClaim.js": {"lines":{"total":10,"covered":0,"skipped":0,"pct":0},"functions":{"total":2,"covered":0,"skipped":0,"pct":0},"statements":{"total":10,"covered":0,"skipped":0,"pct":0},"branches":{"total":2,"covered":0,"skipped":0,"pct":0}}
,"D:\\SEM-5\\FDFED\\PETVERSE\\backend\\src\\models\\inquiry.js": {"lines":{"total":8,"covered":0,"skipped":0,"pct":0},"functions":{"total":0,"covered":0,"skipped":0,"pct":100},"statements":{"total":8,"covered":0,"skipped":0,"pct":0},"branches":{"total":0,"covered":0,"skipped":0,"pct":100}}
,"D:\\SEM-5\\FDFED\\PETVERSE\\backend\\src\\models\\lostPet.js": {"lines":{"total":9,"covered":0,"skipped":0,"pct":0},"functions":{"total":1,"covered":0,"skipped":0,"pct":0},"statements":{"total":9,"covered":0,"skipped":0,"pct":0},"branches":{"total":2,"covered":0,"skipped":0,"pct":0}}
,"D:\\SEM-5\\FDFED\\PETVERSE\\backend\\src\\models\\order.js": {"lines":{"total":21,"covered":10,"skipped":0,"pct":47.61},"functions":{"total":3,"covered":0,"skipped":0,"pct":0},"statements":{"total":21,"covered":10,"skipped":0,"pct":47.61},"branches":{"total":11,"covered":0,"skipped":0,"pct":0}}
,"D:\\SEM-5\\FDFED\\PETVERSE\\backend\\src\\models\\otp.js": {"lines":{"total":5,"covered":0,"skipped":0,"pct":0},"functions":{"total":0,"covered":0,"skipped":0,"pct":100},"statements":{"total":5,"covered":0,"skipped":0,"pct":0},"branches":{"total":0,"covered":0,"skipped":0,"pct":100}}
,"D:\\SEM-5\\FDFED\\PETVERSE\\backend\\src\\models\\paymentIntent.js": {"lines":{"total":3,"covered":0,"skipped":0,"pct":0},"functions":{"total":0,"covered":0,"skipped":0,"pct":100},"statements":{"total":3,"covered":0,"skipped":0,"pct":0},"branches":{"total":0,"covered":0,"skipped":0,"pct":100}}
,"D:\\SEM-5\\FDFED\\PETVERSE\\backend\\src\\models\\petMate.js": {"lines":{"total":8,"covered":0,"skipped":0,"pct":0},"functions":{"total":0,"covered":0,"skipped":0,"pct":100},"statements":{"total":8,"covered":0,"skipped":0,"pct":0},"branches":{"total":0,"covered":0,"skipped":0,"pct":100}}
,"D:\\SEM-5\\FDFED\\PETVERSE\\backend\\src\\models\\pets.js": {"lines":{"total":10,"covered":0,"skipped":0,"pct":0},"functions":{"total":1,"covered":0,"skipped":0,"pct":0},"statements":{"total":10,"covered":0,"skipped":0,"pct":0},"branches":{"total":2,"covered":0,"skipped":0,"pct":0}}
,"D:\\SEM-5\\FDFED\\PETVERSE\\backend\\src\\models\\products.js": {"lines":{"total":10,"covered":0,"skipped":0,"pct":0},"functions":{"total":1,"covered":0,"skipped":0,"pct":0},"statements":{"total":10,"covered":0,"skipped":0,"pct":0},"branches":{"total":0,"covered":0,"skipped":0,"pct":100}}
,"D:\\SEM-5\\FDFED\\PETVERSE\\backend\\src\\models\\reviews.js": {"lines":{"total":14,"covered":0,"skipped":0,"pct":0},"functions":{"total":3,"covered":0,"skipped":0,"pct":0},"statements":{"total":14,"covered":0,"skipped":0,"pct":0},"branches":{"total":8,"covered":0,"skipped":0,"pct":0}}
,"D:\\SEM-5\\FDFED\\PETVERSE\\backend\\src\\models\\seller.js": {"lines":{"total":12,"covered":0,"skipped":0,"pct":0},"functions":{"total":3,"covered":0,"skipped":0,"pct":0},"statements":{"total":12,"covered":0,"skipped":0,"pct":0},"branches":{"total":2,"covered":0,"skipped":0,"pct":0}}
,"D:\\SEM-5\\FDFED\\PETVERSE\\backend\\src\\models\\serviceProvider.js": {"lines":{"total":8,"covered":0,"skipped":0,"pct":0},"functions":{"total":1,"covered":0,"skipped":0,"pct":0},"statements":{"total":8,"covered":0,"skipped":0,"pct":0},"branches":{"total":0,"covered":0,"skipped":0,"pct":100}}
,"D:\\SEM-5\\FDFED\\PETVERSE\\backend\\src\\models\\transaction.js": {"lines":{"total":6,"covered":0,"skipped":0,"pct":0},"functions":{"total":0,"covered":0,"skipped":0,"pct":100},"statements":{"total":6,"covered":0,"skipped":0,"pct":0},"branches":{"total":0,"covered":0,"skipped":0,"pct":100}}
,"D:\\SEM-5\\FDFED\\PETVERSE\\backend\\src\\models\\users.js": {"lines":{"total":19,"covered":0,"skipped":0,"pct":0},"functions":{"total":5,"covered":0,"skipped":0,"pct":0},"statements":{"total":20,"covered":0,"skipped":0,"pct":0},"branches":{"total":2,"covered":0,"skipped":0,"pct":0}}
,"D:\\SEM-5\\FDFED\\PETVERSE\\backend\\src\\models\\wallet.js": {"lines":{"total":14,"covered":0,"skipped":0,"pct":0},"functions":{"total":2,"covered":0,"skipped":0,"pct":0},"statements":{"total":17,"covered":0,"skipped":0,"pct":0},"branches":{"total":6,"covered":0,"skipped":0,"pct":0}}
,"D:\\SEM-5\\FDFED\\PETVERSE\\backend\\src\\routes\\admin.routes.js": {"lines":{"total":549,"covered":0,"skipped":0,"pct":0},"functions":{"total":71,"covered":0,"skipped":0,"pct":0},"statements":{"total":574,"covered":0,"skipped":0,"pct":0},"branches":{"total":244,"covered":0,"skipped":0,"pct":0}}
,"D:\\SEM-5\\FDFED\\PETVERSE\\backend\\src\\routes\\apiRoutes.js": {"lines":{"total":117,"covered":0,"skipped":0,"pct":0},"functions":{"total":16,"covered":0,"skipped":0,"pct":0},"statements":{"total":123,"covered":0,"skipped":0,"pct":0},"branches":{"total":89,"covered":0,"skipped":0,"pct":0}}
,"D:\\SEM-5\\FDFED\\PETVERSE\\backend\\src\\routes\\auth.routes.js": {"lines":{"total":141,"covered":59,"skipped":0,"pct":41.84},"functions":{"total":14,"covered":8,"skipped":0,"pct":57.14},"statements":{"total":141,"covered":59,"skipped":0,"pct":41.84},"branches":{"total":46,"covered":11,"skipped":0,"pct":23.91}}
,"D:\\SEM-5\\FDFED\\PETVERSE\\backend\\src\\routes\\b2b.routes.js": {"lines":{"total":209,"covered":64,"skipped":0,"pct":30.62},"functions":{"total":36,"covered":11,"skipped":0,"pct":30.55},"statements":{"total":249,"covered":68,"skipped":0,"pct":27.3},"branches":{"total":143,"covered":17,"skipped":0,"pct":11.88}}
,"D:\\SEM-5\\FDFED\\PETVERSE\\backend\\src\\routes\\booking.routes.js": {"lines":{"total":158,"covered":0,"skipped":0,"pct":0},"functions":{"total":15,"covered":0,"skipped":0,"pct":0},"statements":{"total":161,"covered":0,"skipped":0,"pct":0},"branches":{"total":78,"covered":0,"skipped":0,"pct":0}}
,"D:\\SEM-5\\FDFED\\PETVERSE\\backend\\src\\routes\\cart.routes.js": {"lines":{"total":147,"covered":0,"skipped":0,"pct":0},"functions":{"total":17,"covered":0,"skipped":0,"pct":0},"statements":{"total":152,"covered":0,"skipped":0,"pct":0},"branches":{"total":82,"covered":0,"skipped":0,"pct":0}}
,"D:\\SEM-5\\FDFED\\PETVERSE\\backend\\src\\routes\\event.routes.js": {"lines":{"total":282,"covered":0,"skipped":0,"pct":0},"functions":{"total":26,"covered":0,"skipped":0,"pct":0},"statements":{"total":289,"covered":0,"skipped":0,"pct":0},"branches":{"total":214,"covered":0,"skipped":0,"pct":0}}
,"D:\\SEM-5\\FDFED\\PETVERSE\\backend\\src\\routes\\forgotPassword.routes.js": {"lines":{"total":7,"covered":0,"skipped":0,"pct":0},"functions":{"total":0,"covered":0,"skipped":0,"pct":100},"statements":{"total":7,"covered":0,"skipped":0,"pct":0},"branches":{"total":0,"covered":0,"skipped":0,"pct":100}}
,"D:\\SEM-5\\FDFED\\PETVERSE\\backend\\src\\routes\\image.routes.js": {"lines":{"total":148,"covered":0,"skipped":0,"pct":0},"functions":{"total":11,"covered":0,"skipped":0,"pct":0},"statements":{"total":149,"covered":0,"skipped":0,"pct":0},"branches":{"total":86,"covered":0,"skipped":0,"pct":0}}
,"D:\\SEM-5\\FDFED\\PETVERSE\\backend\\src\\routes\\inquiry.routes.js": {"lines":{"total":10,"covered":0,"skipped":0,"pct":0},"functions":{"total":0,"covered":0,"skipped":0,"pct":100},"statements":{"total":10,"covered":0,"skipped":0,"pct":0},"branches":{"total":0,"covered":0,"skipped":0,"pct":100}}
,"D:\\SEM-5\\FDFED\\PETVERSE\\backend\\src\\routes\\lostPet.routes.js": {"lines":{"total":32,"covered":0,"skipped":0,"pct":0},"functions":{"total":3,"covered":0,"skipped":0,"pct":0},"statements":{"total":32,"covered":0,"skipped":0,"pct":0},"branches":{"total":8,"covered":0,"skipped":0,"pct":0}}
,"D:\\SEM-5\\FDFED\\PETVERSE\\backend\\src\\routes\\mate.routes.js": {"lines":{"total":147,"covered":0,"skipped":0,"pct":0},"functions":{"total":25,"covered":0,"skipped":0,"pct":0},"statements":{"total":160,"covered":0,"skipped":0,"pct":0},"branches":{"total":119,"covered":0,"skipped":0,"pct":0}}
,"D:\\SEM-5\\FDFED\\PETVERSE\\backend\\src\\routes\\otp.routes.js": {"lines":{"total":7,"covered":0,"skipped":0,"pct":0},"functions":{"total":0,"covered":0,"skipped":0,"pct":100},"statements":{"total":7,"covered":0,"skipped":0,"pct":0},"branches":{"total":0,"covered":0,"skipped":0,"pct":100}}
,"D:\\SEM-5\\FDFED\\PETVERSE\\backend\\src\\routes\\payments.routes.js": {"lines":{"total":370,"covered":0,"skipped":0,"pct":0},"functions":{"total":22,"covered":0,"skipped":0,"pct":0},"statements":{"total":388,"covered":0,"skipped":0,"pct":0},"branches":{"total":316,"covered":0,"skipped":0,"pct":0}}
,"D:\\SEM-5\\FDFED\\PETVERSE\\backend\\src\\routes\\pet.routes.js": {"lines":{"total":185,"covered":45,"skipped":0,"pct":24.32},"functions":{"total":34,"covered":4,"skipped":0,"pct":11.76},"statements":{"total":205,"covered":49,"skipped":0,"pct":23.9},"branches":{"total":151,"covered":35,"skipped":0,"pct":23.17}}
,"D:\\SEM-5\\FDFED\\PETVERSE\\backend\\src\\routes\\product.routes.js": {"lines":{"total":195,"covered":49,"skipped":0,"pct":25.12},"functions":{"total":31,"covered":3,"skipped":0,"pct":9.67},"statements":{"total":214,"covered":53,"skipped":0,"pct":24.76},"branches":{"total":191,"covered":43,"skipped":0,"pct":22.51}}
,"D:\\SEM-5\\FDFED\\PETVERSE\\backend\\src\\routes\\review.routes.js": {"lines":{"total":203,"covered":0,"skipped":0,"pct":0},"functions":{"total":19,"covered":0,"skipped":0,"pct":0},"statements":{"total":211,"covered":0,"skipped":0,"pct":0},"branches":{"total":155,"covered":0,"skipped":0,"pct":0}}
,"D:\\SEM-5\\FDFED\\PETVERSE\\backend\\src\\routes\\search.routes.js": {"lines":{"total":116,"covered":108,"skipped":0,"pct":93.1},"functions":{"total":24,"covered":20,"skipped":0,"pct":83.33},"statements":{"total":129,"covered":115,"skipped":0,"pct":89.14},"branches":{"total":80,"covered":54,"skipped":0,"pct":67.5}}
,"D:\\SEM-5\\FDFED\\PETVERSE\\backend\\src\\routes\\seller.routes.js": {"lines":{"total":449,"covered":0,"skipped":0,"pct":0},"functions":{"total":54,"covered":0,"skipped":0,"pct":0},"statements":{"total":490,"covered":0,"skipped":0,"pct":0},"branches":{"total":341,"covered":0,"skipped":0,"pct":0}}
,"D:\\SEM-5\\FDFED\\PETVERSE\\backend\\src\\routes\\service.routes.js": {"lines":{"total":206,"covered":0,"skipped":0,"pct":0},"functions":{"total":36,"covered":0,"skipped":0,"pct":0},"statements":{"total":229,"covered":0,"skipped":0,"pct":0},"branches":{"total":213,"covered":0,"skipped":0,"pct":0}}
,"D:\\SEM-5\\FDFED\\PETVERSE\\backend\\src\\routes\\serviceprovider.routes.js": {"lines":{"total":169,"covered":0,"skipped":0,"pct":0},"functions":{"total":23,"covered":0,"skipped":0,"pct":0},"statements":{"total":175,"covered":0,"skipped":0,"pct":0},"branches":{"total":93,"covered":0,"skipped":0,"pct":0}}
,"D:\\SEM-5\\FDFED\\PETVERSE\\backend\\src\\routes\\user.routes.js": {"lines":{"total":661,"covered":0,"skipped":0,"pct":0},"functions":{"total":87,"covered":0,"skipped":0,"pct":0},"statements":{"total":670,"covered":0,"skipped":0,"pct":0},"branches":{"total":483,"covered":0,"skipped":0,"pct":0}}
,"D:\\SEM-5\\FDFED\\PETVERSE\\backend\\src\\routes\\wishlist.routes.js": {"lines":{"total":8,"covered":0,"skipped":0,"pct":0},"functions":{"total":0,"covered":0,"skipped":0,"pct":100},"statements":{"total":8,"covered":0,"skipped":0,"pct":0},"branches":{"total":0,"covered":0,"skipped":0,"pct":100}}
,"D:\\SEM-5\\FDFED\\PETVERSE\\backend\\src\\utils\\cloudinary.js": {"lines":{"total":19,"covered":0,"skipped":0,"pct":0},"functions":{"total":7,"covered":0,"skipped":0,"pct":0},"statements":{"total":21,"covered":0,"skipped":0,"pct":0},"branches":{"total":13,"covered":0,"skipped":0,"pct":0}}
,"D:\\SEM-5\\FDFED\\PETVERSE\\backend\\src\\utils\\emailService.js": {"lines":{"total":53,"covered":0,"skipped":0,"pct":0},"functions":{"total":5,"covered":0,"skipped":0,"pct":0},"statements":{"total":53,"covered":0,"skipped":0,"pct":0},"branches":{"total":34,"covered":0,"skipped":0,"pct":0}}
,"D:\\SEM-5\\FDFED\\PETVERSE\\backend\\src\\utils\\logger.js": {"lines":{"total":21,"covered":0,"skipped":0,"pct":0},"functions":{"total":4,"covered":0,"skipped":0,"pct":0},"statements":{"total":21,"covered":0,"skipped":0,"pct":0},"branches":{"total":8,"covered":0,"skipped":0,"pct":0}}
,"D:\\SEM-5\\FDFED\\PETVERSE\\backend\\src\\utils\\redis.js": {"lines":{"total":40,"covered":34,"skipped":0,"pct":85},"functions":{"total":11,"covered":6,"skipped":0,"pct":54.54},"statements":{"total":45,"covered":37,"skipped":0,"pct":82.22},"branches":{"total":19,"covered":15,"skipped":0,"pct":78.94}}
,"D:\\SEM-5\\FDFED\\PETVERSE\\backend\\src\\utils\\typesense.js": {"lines":{"total":60,"covered":45,"skipped":0,"pct":75},"functions":{"total":26,"covered":15,"skipped":0,"pct":57.69},"statements":{"total":66,"covered":50,"skipped":0,"pct":75.75},"branches":{"total":120,"covered":58,"skipped":0,"pct":48.33}}
}
