TN:
SF:src\app.js
FN:68,(anonymous_0)
FN:68,(anonymous_1)
FN:72,(anonymous_2)
FN:103,(anonymous_3)
FN:136,(anonymous_4)
FN:143,(anonymous_5)
FN:153,(anonymous_6)
FN:177,(anonymous_7)
FN:218,(anonymous_8)
FN:219,(anonymous_9)
FN:222,(anonymous_10)
FN:226,(anonymous_11)
FN:230,(anonymous_12)
FN:297,(anonymous_13)
FN:306,(anonymous_14)
FN:362,(anonymous_15)
FN:366,(anonymous_16)
FN:386,(anonymous_17)
FN:413,(anonymous_18)
FN:466,(anonymous_19)
FN:525,(anonymous_20)
FN:529,(anonymous_21)
FN:542,(anonymous_22)
FN:553,(anonymous_23)
FN:570,(anonymous_24)
FN:576,(anonymous_25)
FNF:26
FNH:0
FNDA:0,(anonymous_0)
FNDA:0,(anonymous_1)
FNDA:0,(anonymous_2)
FNDA:0,(anonymous_3)
FNDA:0,(anonymous_4)
FNDA:0,(anonymous_5)
FNDA:0,(anonymous_6)
FNDA:0,(anonymous_7)
FNDA:0,(anonymous_8)
FNDA:0,(anonymous_9)
FNDA:0,(anonymous_10)
FNDA:0,(anonymous_11)
FNDA:0,(anonymous_12)
FNDA:0,(anonymous_13)
FNDA:0,(anonymous_14)
FNDA:0,(anonymous_15)
FNDA:0,(anonymous_16)
FNDA:0,(anonymous_17)
FNDA:0,(anonymous_18)
FNDA:0,(anonymous_19)
FNDA:0,(anonymous_20)
FNDA:0,(anonymous_21)
FNDA:0,(anonymous_22)
FNDA:0,(anonymous_23)
FNDA:0,(anonymous_24)
FNDA:0,(anonymous_25)
DA:1,0
DA:2,0
DA:3,0
DA:4,0
DA:5,0
DA:6,0
DA:7,0
DA:8,0
DA:9,0
DA:10,0
DA:11,0
DA:12,0
DA:13,0
DA:14,0
DA:15,0
DA:17,0
DA:18,0
DA:21,0
DA:25,0
DA:26,0
DA:27,0
DA:30,0
DA:32,0
DA:39,0
DA:42,0
DA:43,0
DA:44,0
DA:47,0
DA:54,0
DA:55,0
DA:58,0
DA:66,0
DA:68,0
DA:69,0
DA:71,0
DA:74,0
DA:75,0
DA:76,0
DA:85,0
DA:86,0
DA:93,0
DA:94,0
DA:95,0
DA:98,0
DA:101,0
DA:104,0
DA:117,0
DA:131,0
DA:136,0
DA:137,0
DA:138,0
DA:140,0
DA:143,0
DA:144,0
DA:145,0
DA:147,0
DA:153,0
DA:154,0
DA:156,0
DA:157,0
DA:159,0
DA:160,0
DA:161,0
DA:163,0
DA:164,0
DA:165,0
DA:168,0
DA:169,0
DA:170,0
DA:173,0
DA:177,0
DA:179,0
DA:186,0
DA:187,0
DA:190,0
DA:191,0
DA:195,0
DA:196,0
DA:206,0
DA:209,0
DA:210,0
DA:211,0
DA:213,0
DA:218,0
DA:219,0
DA:222,0
DA:223,0
DA:226,0
DA:227,0
DA:230,0
DA:231,0
DA:236,0
DA:237,0
DA:238,0
DA:239,0
DA:240,0
DA:241,0
DA:242,0
DA:243,0
DA:244,0
DA:245,0
DA:246,0
DA:247,0
DA:248,0
DA:249,0
DA:250,0
DA:251,0
DA:252,0
DA:253,0
DA:254,0
DA:255,0
DA:256,0
DA:257,0
DA:260,0
DA:263,0
DA:264,0
DA:265,0
DA:269,0
DA:270,0
DA:271,0
DA:274,0
DA:275,0
DA:276,0
DA:277,0
DA:278,0
DA:279,0
DA:280,0
DA:281,0
DA:282,0
DA:283,0
DA:284,0
DA:285,0
DA:286,0
DA:287,0
DA:288,0
DA:289,0
DA:290,0
DA:291,0
DA:292,0
DA:293,0
DA:294,0
DA:295,0
DA:297,0
DA:298,0
DA:306,0
DA:307,0
DA:329,0
DA:334,0
DA:337,0
DA:341,0
DA:342,0
DA:343,0
DA:345,0
DA:346,0
DA:359,0
DA:360,0
DA:362,0
DA:363,0
DA:366,0
DA:367,0
DA:368,0
DA:369,0
DA:372,0
DA:376,0
DA:377,0
DA:380,0
DA:381,0
DA:386,0
DA:387,0
DA:388,0
DA:389,0
DA:390,0
DA:393,0
DA:403,0
DA:404,0
DA:407,0
DA:408,0
DA:413,0
DA:414,0
DA:415,0
DA:417,0
DA:419,0
DA:420,0
DA:422,0
DA:423,0
DA:424,0
DA:427,0
DA:434,0
DA:441,0
DA:442,0
DA:443,0
DA:446,0
DA:447,0
DA:450,0
DA:460,0
DA:461,0
DA:466,0
DA:467,0
DA:468,0
DA:469,0
DA:471,0
DA:472,0
DA:473,0
DA:476,0
DA:483,0
DA:484,0
DA:491,0
DA:498,0
DA:499,0
DA:500,0
DA:503,0
DA:504,0
DA:506,0
DA:509,0
DA:519,0
DA:520,0
DA:525,0
DA:526,0
DA:527,0
DA:528,0
DA:529,0
DA:530,0
DA:531,0
DA:534,0
DA:537,0
DA:542,0
DA:543,0
DA:544,0
DA:551,0
DA:552,0
DA:553,0
DA:554,0
DA:555,0
DA:556,0
DA:560,0
DA:561,0
DA:562,0
DA:566,0
DA:570,0
DA:571,0
DA:575,0
DA:576,0
DA:577,0
DA:585,0
LF:244
LH:0
BRDA:26,0,0,0
BRDA:26,0,1,0
BRDA:43,1,0,0
BRDA:43,1,1,0
BRDA:74,2,0,0
BRDA:74,2,1,0
BRDA:75,3,0,0
BRDA:75,3,1,0
BRDA:118,4,0,0
BRDA:118,4,1,0
BRDA:125,5,0,0
BRDA:125,5,1,0
BRDA:137,6,0,0
BRDA:137,6,1,0
BRDA:144,7,0,0
BRDA:144,7,1,0
BRDA:154,8,0,0
BRDA:154,8,1,0
BRDA:156,9,0,0
BRDA:156,9,1,0
BRDA:163,10,0,0
BRDA:163,10,1,0
BRDA:186,11,0,0
BRDA:186,11,1,0
BRDA:186,12,0,0
BRDA:186,12,1,0
BRDA:190,13,0,0
BRDA:190,13,1,0
BRDA:195,14,0,0
BRDA:195,14,1,0
BRDA:195,15,0,0
BRDA:195,15,1,0
BRDA:210,16,0,0
BRDA:210,16,1,0
BRDA:264,17,0,0
BRDA:264,17,1,0
BRDA:270,18,0,0
BRDA:270,18,1,0
BRDA:302,19,0,0
BRDA:302,19,1,0
BRDA:341,20,0,0
BRDA:341,20,1,0
BRDA:349,21,0,0
BRDA:349,21,1,0
BRDA:376,22,0,0
BRDA:376,22,1,0
BRDA:403,23,0,0
BRDA:403,23,1,0
BRDA:417,24,0,0
BRDA:417,24,1,0
BRDA:422,25,0,0
BRDA:422,25,1,0
BRDA:454,26,0,0
BRDA:454,26,1,0
BRDA:471,27,0,0
BRDA:471,27,1,0
BRDA:483,28,0,0
BRDA:483,28,1,0
BRDA:513,29,0,0
BRDA:513,29,1,0
BRDA:513,29,2,0
BRDA:528,30,0,0
BRDA:528,30,1,0
BRDA:530,31,0,0
BRDA:530,31,1,0
BRDA:551,32,0,0
BRDA:551,32,1,0
BRDA:554,33,0,0
BRDA:554,33,1,0
BRDA:554,34,0,0
BRDA:554,34,1,0
BRDA:560,35,0,0
BRDA:560,35,1,0
BRDA:575,36,0,0
BRDA:575,36,1,0
BRDA:579,37,0,0
BRDA:579,37,1,0
BRF:77
BRH:0
end_of_record
TN:
SF:src\controllers\admin.js
FN:1,(anonymous_0)
FN:11,(anonymous_1)
FN:22,(anonymous_2)
FNF:3
FNH:0
FNDA:0,(anonymous_0)
FNDA:0,(anonymous_1)
FNDA:0,(anonymous_2)
DA:1,0
DA:2,0
DA:10,0
DA:11,0
DA:22,0
DA:23,0
DA:25,0
DA:31,0
DA:36,0
LF:9
LH:0
BRF:0
BRH:0
end_of_record
TN:
SF:src\controllers\bookingController.js
FN:6,(anonymous_0)
FN:12,(anonymous_1)
FN:20,(anonymous_2)
FN:55,(anonymous_3)
FN:96,(anonymous_4)
FN:123,(anonymous_5)
FN:124,(anonymous_6)
FN:133,(anonymous_7)
FNF:8
FNH:0
FNDA:0,(anonymous_0)
FNDA:0,(anonymous_1)
FNDA:0,(anonymous_2)
FNDA:0,(anonymous_3)
FNDA:0,(anonymous_4)
FNDA:0,(anonymous_5)
FNDA:0,(anonymous_6)
FNDA:0,(anonymous_7)
DA:1,0
DA:2,0
DA:3,0
DA:4,0
DA:6,0
DA:7,0
DA:8,0
DA:12,0
DA:13,0
DA:14,0
DA:15,0
DA:16,0
DA:17,0
DA:20,0
DA:21,0
DA:22,0
DA:25,0
DA:27,0
DA:28,0
DA:32,0
DA:43,0
DA:50,0
DA:51,0
DA:55,0
DA:56,0
DA:57,0
DA:59,0
DA:60,0
DA:64,0
DA:65,0
DA:68,0
DA:71,0
DA:72,0
DA:76,0
DA:83,0
DA:84,0
DA:88,0
DA:89,0
DA:93,0
DA:95,0
DA:96,0
DA:98,0
DA:99,0
DA:101,0
DA:102,0
DA:104,0
DA:105,0
DA:106,0
DA:109,0
DA:117,0
DA:123,0
DA:124,0
DA:126,0
DA:128,0
DA:129,0
DA:133,0
DA:134,0
DA:135,0
DA:137,0
DA:138,0
DA:147,0
DA:148,0
DA:149,0
DA:153,0
DA:165,0
DA:171,0
DA:172,0
DA:181,0
DA:188,0
DA:191,0
DA:193,0
DA:194,0
LF:72
LH:0
BRDA:15,0,0,0
BRDA:15,0,1,0
BRDA:16,1,0,0
BRDA:16,1,1,0
BRDA:27,2,0,0
BRDA:27,2,1,0
BRDA:27,3,0,0
BRDA:27,3,1,0
BRDA:36,4,0,0
BRDA:36,4,1,0
BRDA:37,5,0,0
BRDA:37,5,1,0
BRDA:38,6,0,0
BRDA:38,6,1,0
BRDA:39,7,0,0
BRDA:39,7,1,0
BRDA:40,8,0,0
BRDA:40,8,1,0
BRDA:59,9,0,0
BRDA:59,9,1,0
BRDA:71,10,0,0
BRDA:71,10,1,0
BRDA:71,11,0,0
BRDA:71,11,1,0
BRDA:71,11,2,0
BRDA:83,12,0,0
BRDA:83,12,1,0
BRDA:88,13,0,0
BRDA:88,13,1,0
BRDA:93,14,0,0
BRDA:93,14,1,0
BRDA:93,15,0,0
BRDA:93,15,1,0
BRDA:104,16,0,0
BRDA:104,16,1,0
BRDA:104,16,2,0
BRDA:137,17,0,0
BRDA:137,17,1,0
BRDA:137,18,0,0
BRDA:137,18,1,0
BRDA:137,18,2,0
BRDA:148,19,0,0
BRDA:148,19,1,0
BRDA:148,20,0,0
BRDA:148,20,1,0
BRDA:157,21,0,0
BRDA:157,21,1,0
BRDA:158,22,0,0
BRDA:158,22,1,0
BRDA:159,23,0,0
BRDA:159,23,1,0
BRDA:160,24,0,0
BRDA:160,24,1,0
BRDA:161,25,0,0
BRDA:161,25,1,0
BRDA:171,26,0,0
BRDA:171,26,1,0
BRF:57
BRH:0
end_of_record
TN:
SF:src\controllers\event.js
FN:8,(anonymous_0)
FN:28,(anonymous_1)
FN:71,(anonymous_2)
FN:98,(anonymous_3)
FN:128,(anonymous_4)
FN:136,(anonymous_5)
FN:196,(anonymous_6)
FN:216,(anonymous_7)
FN:271,(anonymous_8)
FN:280,(anonymous_9)
FN:308,(anonymous_10)
FN:315,(anonymous_11)
FN:331,(anonymous_12)
FN:337,(anonymous_13)
FN:393,(anonymous_14)
FN:408,(anonymous_15)
FN:427,(anonymous_16)
FN:449,(anonymous_17)
FNF:18
FNH:0
FNDA:0,(anonymous_0)
FNDA:0,(anonymous_1)
FNDA:0,(anonymous_2)
FNDA:0,(anonymous_3)
FNDA:0,(anonymous_4)
FNDA:0,(anonymous_5)
FNDA:0,(anonymous_6)
FNDA:0,(anonymous_7)
FNDA:0,(anonymous_8)
FNDA:0,(anonymous_9)
FNDA:0,(anonymous_10)
FNDA:0,(anonymous_11)
FNDA:0,(anonymous_12)
FNDA:0,(anonymous_13)
FNDA:0,(anonymous_14)
FNDA:0,(anonymous_15)
FNDA:0,(anonymous_16)
FNDA:0,(anonymous_17)
DA:1,0
DA:2,0
DA:3,0
DA:4,0
DA:5,0
DA:8,0
DA:9,0
DA:10,0
DA:20,0
DA:21,0
DA:28,0
DA:29,0
DA:30,0
DA:33,0
DA:35,0
DA:36,0
DA:39,0
DA:40,0
DA:43,0
DA:44,0
DA:45,0
DA:46,0
DA:47,0
DA:51,0
DA:52,0
DA:53,0
DA:54,0
DA:57,0
DA:58,0
DA:65,0
DA:71,0
DA:83,0
DA:89,0
DA:90,0
DA:98,0
DA:99,0
DA:100,0
DA:104,0
DA:105,0
DA:110,0
DA:112,0
DA:120,0
DA:121,0
DA:128,0
DA:129,0
DA:136,0
DA:137,0
DA:153,0
DA:156,0
DA:157,0
DA:164,0
DA:165,0
DA:172,0
DA:177,0
DA:182,0
DA:196,0
DA:199,0
DA:201,0
DA:207,0
DA:208,0
DA:216,0
DA:217,0
DA:218,0
DA:220,0
DA:222,0
DA:223,0
DA:230,0
DA:231,0
DA:238,0
DA:239,0
DA:246,0
DA:252,0
DA:254,0
DA:262,0
DA:263,0
DA:271,0
DA:272,0
DA:273,0
DA:274,0
DA:275,0
DA:276,0
DA:280,0
DA:281,0
DA:282,0
DA:285,0
DA:300,0
DA:302,0
DA:303,0
DA:308,0
DA:309,0
DA:310,0
DA:311,0
DA:312,0
DA:315,0
DA:316,0
DA:318,0
DA:319,0
DA:325,0
DA:326,0
DA:331,0
DA:332,0
DA:333,0
DA:334,0
DA:335,0
DA:337,0
DA:338,0
DA:340,0
DA:341,0
DA:344,0
DA:345,0
DA:346,0
DA:347,0
DA:348,0
DA:349,0
DA:352,0
DA:360,0
DA:362,0
DA:363,0
DA:364,0
DA:365,0
DA:368,0
DA:370,0
DA:371,0
DA:372,0
DA:373,0
DA:374,0
DA:375,0
DA:376,0
DA:377,0
DA:378,0
DA:382,0
DA:385,0
DA:387,0
DA:388,0
DA:393,0
DA:394,0
DA:395,0
DA:397,0
DA:399,0
DA:400,0
DA:407,0
DA:408,0
DA:411,0
DA:413,0
DA:418,0
DA:419,0
DA:427,0
DA:428,0
DA:429,0
DA:436,0
DA:441,0
DA:442,0
DA:449,0
DA:450,0
DA:451,0
DA:455,0
DA:460,0
DA:461,0
LF:158
LH:0
BRDA:11,0,0,0
BRDA:11,0,1,0
BRDA:35,1,0,0
BRDA:35,1,1,0
BRDA:35,2,0,0
BRDA:35,2,1,0
BRDA:39,3,0,0
BRDA:39,3,1,0
BRDA:43,4,0,0
BRDA:43,4,1,0
BRDA:51,5,0,0
BRDA:51,5,1,0
BRDA:53,6,0,0
BRDA:53,6,1,0
BRDA:57,7,0,0
BRDA:57,7,1,0
BRDA:104,8,0,0
BRDA:104,8,1,0
BRDA:110,9,0,0
BRDA:110,9,1,0
BRDA:114,10,0,0
BRDA:114,10,1,0
BRDA:156,11,0,0
BRDA:156,11,1,0
BRDA:164,12,0,0
BRDA:164,12,1,0
BRDA:190,13,0,0
BRDA:190,13,1,0
BRDA:194,14,0,0
BRDA:194,14,1,0
BRDA:195,15,0,0
BRDA:195,15,1,0
BRDA:196,16,0,0
BRDA:196,16,1,0
BRDA:210,17,0,0
BRDA:210,17,1,0
BRDA:222,18,0,0
BRDA:222,18,1,0
BRDA:230,19,0,0
BRDA:230,19,1,0
BRDA:238,20,0,0
BRDA:238,20,1,0
BRDA:248,21,0,0
BRDA:248,21,1,0
BRDA:249,22,0,0
BRDA:249,22,1,0
BRDA:259,23,0,0
BRDA:259,23,1,0
BRDA:275,24,0,0
BRDA:275,24,1,0
BRDA:280,25,0,0
BRDA:280,25,1,0
BRDA:281,26,0,0
BRDA:281,26,1,0
BRDA:295,27,0,0
BRDA:295,27,1,0
BRDA:297,28,0,0
BRDA:297,28,1,0
BRDA:312,29,0,0
BRDA:312,29,1,0
BRDA:315,30,0,0
BRDA:315,30,1,0
BRDA:316,31,0,0
BRDA:316,31,1,0
BRDA:321,32,0,0
BRDA:321,32,1,0
BRDA:335,33,0,0
BRDA:335,33,1,0
BRDA:337,34,0,0
BRDA:337,34,1,0
BRDA:338,35,0,0
BRDA:338,35,1,0
BRDA:340,36,0,0
BRDA:340,36,1,0
BRDA:341,37,0,0
BRDA:341,37,1,0
BRDA:344,38,0,0
BRDA:344,38,1,0
BRDA:346,39,0,0
BRDA:346,39,1,0
BRDA:347,40,0,0
BRDA:347,40,1,0
BRDA:348,41,0,0
BRDA:348,41,1,0
BRDA:360,42,0,0
BRDA:360,42,1,0
BRDA:362,43,0,0
BRDA:362,43,1,0
BRDA:362,44,0,0
BRDA:362,44,1,0
BRDA:364,45,0,0
BRDA:364,45,1,0
BRDA:368,46,0,0
BRDA:368,46,1,0
BRDA:370,47,0,0
BRDA:370,47,1,0
BRDA:370,48,0,0
BRDA:370,48,1,0
BRDA:371,49,0,0
BRDA:371,49,1,0
BRDA:371,50,0,0
BRDA:371,50,1,0
BRDA:372,51,0,0
BRDA:372,51,1,0
BRDA:372,52,0,0
BRDA:372,52,1,0
BRDA:373,53,0,0
BRDA:373,53,1,0
BRDA:373,54,0,0
BRDA:373,54,1,0
BRDA:377,55,0,0
BRDA:377,55,1,0
BRDA:377,56,0,0
BRDA:377,56,1,0
BRDA:377,56,2,0
BRDA:377,56,3,0
BRDA:399,57,0,0
BRDA:399,57,1,0
BRF:118
BRH:0
end_of_record
TN:
SF:src\controllers\forgotPassword.js
FN:6,(anonymous_0)
FN:62,(anonymous_1)
FN:128,(anonymous_2)
FNF:3
FNH:0
FNDA:0,(anonymous_0)
FNDA:0,(anonymous_1)
FNDA:0,(anonymous_2)
DA:1,0
DA:2,0
DA:4,0
DA:7,0
DA:8,0
DA:10,0
DA:11,0
DA:18,0
DA:20,0
DA:22,0
DA:29,0
DA:30,0
DA:33,0
DA:34,0
DA:35,0
DA:38,0
DA:39,0
DA:41,0
DA:44,0
DA:53,0
DA:54,0
DA:63,0
DA:64,0
DA:66,0
DA:67,0
DA:74,0
DA:76,0
DA:77,0
DA:84,0
DA:85,0
DA:92,0
DA:94,0
DA:95,0
DA:96,0
DA:98,0
DA:105,0
DA:106,0
DA:113,0
DA:119,0
DA:120,0
DA:129,0
DA:130,0
DA:132,0
DA:133,0
DA:140,0
DA:141,0
DA:148,0
DA:150,0
DA:151,0
DA:158,0
DA:159,0
DA:165,0
DA:166,0
DA:167,0
DA:168,0
DA:170,0
DA:176,0
DA:177,0
DA:184,0
DA:185,0
DA:186,0
DA:187,0
DA:189,0
DA:195,0
DA:196,0
LF:65
LH:0
BRDA:10,0,0,0
BRDA:10,0,1,0
BRDA:20,1,0,0
BRDA:20,1,1,0
BRDA:39,2,0,0
BRDA:39,2,1,0
BRDA:39,3,0,0
BRDA:39,3,1,0
BRDA:47,4,0,0
BRDA:47,4,1,0
BRDA:48,5,0,0
BRDA:48,5,1,0
BRDA:48,6,0,0
BRDA:48,6,1,0
BRDA:48,7,0,0
BRDA:48,7,1,0
BRDA:49,8,0,0
BRDA:49,8,1,0
BRDA:49,9,0,0
BRDA:49,9,1,0
BRDA:66,10,0,0
BRDA:66,10,1,0
BRDA:66,11,0,0
BRDA:66,11,1,0
BRDA:76,12,0,0
BRDA:76,12,1,0
BRDA:84,13,0,0
BRDA:84,13,1,0
BRDA:84,14,0,0
BRDA:84,14,1,0
BRDA:92,15,0,0
BRDA:92,15,1,0
BRDA:105,16,0,0
BRDA:105,16,1,0
BRDA:132,17,0,0
BRDA:132,17,1,0
BRDA:132,18,0,0
BRDA:132,18,1,0
BRDA:132,18,2,0
BRDA:140,19,0,0
BRDA:140,19,1,0
BRDA:150,20,0,0
BRDA:150,20,1,0
BRDA:158,21,0,0
BRDA:158,21,1,0
BRDA:158,22,0,0
BRDA:158,22,1,0
BRDA:165,23,0,0
BRDA:165,23,1,0
BRDA:176,24,0,0
BRDA:176,24,1,0
BRF:51
BRH:0
end_of_record
TN:
SF:src\controllers\foundClaim.controller.js
FN:5,(anonymous_0)
FN:59,(anonymous_1)
FN:86,(anonymous_2)
FN:115,(anonymous_3)
FN:158,(anonymous_4)
FN:204,(anonymous_5)
FN:237,(anonymous_6)
FN:308,(anonymous_7)
FN:330,(anonymous_8)
FNF:9
FNH:0
FNDA:0,(anonymous_0)
FNDA:0,(anonymous_1)
FNDA:0,(anonymous_2)
FNDA:0,(anonymous_3)
FNDA:0,(anonymous_4)
FNDA:0,(anonymous_5)
FNDA:0,(anonymous_6)
FNDA:0,(anonymous_7)
FNDA:0,(anonymous_8)
DA:1,0
DA:2,0
DA:5,0
DA:6,0
DA:7,0
DA:10,0
DA:11,0
DA:18,0
DA:19,0
DA:20,0
DA:27,0
DA:28,0
DA:35,0
DA:36,0
DA:43,0
DA:49,0
DA:50,0
DA:57,0
DA:58,0
DA:59,0
DA:60,0
DA:61,0
DA:69,0
DA:86,0
DA:93,0
DA:96,0
DA:97,0
DA:98,0
DA:100,0
DA:106,0
DA:107,0
DA:115,0
DA:116,0
DA:117,0
DA:119,0
DA:121,0
DA:122,0
DA:129,0
DA:130,0
DA:136,0
DA:143,0
DA:148,0
DA:149,0
DA:158,0
DA:159,0
DA:160,0
DA:161,0
DA:163,0
DA:165,0
DA:166,0
DA:173,0
DA:176,0
DA:177,0
DA:183,0
DA:185,0
DA:186,0
DA:187,0
DA:190,0
DA:195,0
DA:196,0
DA:204,0
DA:205,0
DA:206,0
DA:207,0
DA:209,0
DA:211,0
DA:212,0
DA:218,0
DA:221,0
DA:222,0
DA:228,0
DA:229,0
DA:236,0
DA:237,0
DA:238,0
DA:239,0
DA:240,0
DA:241,0
DA:246,0
DA:247,0
DA:248,0
DA:251,0
DA:252,0
DA:255,0
DA:267,0
DA:268,0
DA:270,0
DA:278,0
DA:279,0
DA:280,0
DA:281,0
DA:283,0
DA:284,0
DA:286,0
DA:292,0
DA:298,0
DA:299,0
DA:308,0
DA:309,0
DA:310,0
DA:315,0
DA:320,0
DA:321,0
DA:330,0
DA:331,0
DA:332,0
DA:334,0
DA:336,0
DA:337,0
DA:344,0
DA:345,0
DA:351,0
DA:352,0
DA:358,0
DA:360,0
DA:368,0
DA:369,0
LF:117
LH:0
BRDA:10,0,0,0
BRDA:10,0,1,0
BRDA:10,1,0,0
BRDA:10,1,1,0
BRDA:19,2,0,0
BRDA:19,2,1,0
BRDA:27,3,0,0
BRDA:27,3,1,0
BRDA:35,4,0,0
BRDA:35,4,1,0
BRDA:49,5,0,0
BRDA:49,5,1,0
BRDA:58,6,0,0
BRDA:58,6,1,0
BRDA:58,7,0,0
BRDA:58,7,1,0
BRDA:63,8,0,0
BRDA:63,8,1,0
BRDA:72,9,0,0
BRDA:72,9,1,0
BRDA:74,10,0,0
BRDA:74,10,1,0
BRDA:80,11,0,0
BRDA:80,11,1,0
BRDA:81,12,0,0
BRDA:81,12,1,0
BRDA:97,13,0,0
BRDA:97,13,1,0
BRDA:121,14,0,0
BRDA:121,14,1,0
BRDA:129,15,0,0
BRDA:129,15,1,0
BRDA:165,16,0,0
BRDA:165,16,1,0
BRDA:165,17,0,0
BRDA:165,17,1,0
BRDA:165,17,2,0
BRDA:176,18,0,0
BRDA:176,18,1,0
BRDA:176,19,0,0
BRDA:176,19,1,0
BRDA:185,20,0,0
BRDA:185,20,1,0
BRDA:185,21,0,0
BRDA:185,21,1,0
BRDA:211,22,0,0
BRDA:211,22,1,0
BRDA:221,23,0,0
BRDA:221,23,1,0
BRDA:228,24,0,0
BRDA:228,24,1,0
BRDA:236,25,0,0
BRDA:236,25,1,0
BRDA:236,26,0,0
BRDA:236,26,1,0
BRDA:238,27,0,0
BRDA:238,27,1,0
BRDA:246,28,0,0
BRDA:246,28,1,0
BRDA:252,29,0,0
BRDA:252,29,1,0
BRDA:278,30,0,0
BRDA:278,30,1,0
BRDA:280,31,0,0
BRDA:280,31,1,0
BRDA:281,32,0,0
BRDA:281,32,1,0
BRDA:336,33,0,0
BRDA:336,33,1,0
BRDA:344,34,0,0
BRDA:344,34,1,0
BRDA:351,35,0,0
BRDA:351,35,1,0
BRF:73
BRH:0
end_of_record
TN:
SF:src\controllers\inquiryController.js
FN:5,(anonymous_0)
FN:85,(anonymous_1)
FN:118,(anonymous_2)
FN:146,(anonymous_3)
FN:169,(anonymous_4)
FN:224,(anonymous_5)
FNF:6
FNH:0
FNDA:0,(anonymous_0)
FNDA:0,(anonymous_1)
FNDA:0,(anonymous_2)
FNDA:0,(anonymous_3)
FNDA:0,(anonymous_4)
FNDA:0,(anonymous_5)
DA:1,0
DA:2,0
DA:5,0
DA:6,0
DA:7,0
DA:8,0
DA:11,0
DA:12,0
DA:19,0
DA:20,0
DA:27,0
DA:28,0
DA:29,0
DA:36,0
DA:43,0
DA:45,0
DA:51,0
DA:52,0
DA:55,0
DA:69,0
DA:76,0
DA:77,0
DA:85,0
DA:86,0
DA:87,0
DA:88,0
DA:90,0
DA:91,0
DA:92,0
DA:94,0
DA:97,0
DA:103,0
DA:109,0
DA:110,0
DA:118,0
DA:119,0
DA:120,0
DA:121,0
DA:123,0
DA:129,0
DA:130,0
DA:137,0
DA:138,0
DA:145,0
DA:146,0
DA:147,0
DA:148,0
DA:151,0
DA:154,0
DA:160,0
DA:161,0
DA:169,0
DA:170,0
DA:171,0
DA:172,0
DA:173,0
DA:175,0
DA:176,0
DA:182,0
DA:184,0
DA:185,0
DA:192,0
DA:193,0
DA:200,0
DA:206,0
DA:207,0
DA:209,0
DA:215,0
DA:216,0
DA:224,0
DA:225,0
DA:226,0
DA:227,0
DA:229,0
DA:231,0
DA:232,0
DA:239,0
DA:240,0
DA:246,0
DA:247,0
DA:249,0
DA:255,0
DA:256,0
LF:83
LH:0
BRDA:11,0,0,0
BRDA:11,0,1,0
BRDA:11,1,0,0
BRDA:11,1,1,0
BRDA:11,1,2,0
BRDA:19,2,0,0
BRDA:19,2,1,0
BRDA:28,3,0,0
BRDA:28,3,1,0
BRDA:43,4,0,0
BRDA:43,4,1,0
BRDA:91,5,0,0
BRDA:91,5,1,0
BRDA:129,6,0,0
BRDA:129,6,1,0
BRDA:137,7,0,0
BRDA:137,7,1,0
BRDA:137,8,0,0
BRDA:137,8,1,0
BRDA:145,9,0,0
BRDA:145,9,1,0
BRDA:147,10,0,0
BRDA:147,10,1,0
BRDA:175,11,0,0
BRDA:175,11,1,0
BRDA:175,12,0,0
BRDA:175,12,1,0
BRDA:184,13,0,0
BRDA:184,13,1,0
BRDA:192,14,0,0
BRDA:192,14,1,0
BRDA:192,15,0,0
BRDA:192,15,1,0
BRDA:231,16,0,0
BRDA:231,16,1,0
BRDA:239,17,0,0
BRDA:239,17,1,0
BRDA:239,18,0,0
BRDA:239,18,1,0
BRF:39
BRH:0
end_of_record
TN:
SF:src\controllers\login.js
FN:4,(anonymous_0)
FN:8,(anonymous_1)
FN:58,(anonymous_2)
FN:73,(anonymous_3)
FNF:4
FNH:0
FNDA:0,(anonymous_0)
FNDA:0,(anonymous_1)
FNDA:0,(anonymous_2)
FNDA:0,(anonymous_3)
DA:1,0
DA:3,0
DA:5,0
DA:9,0
DA:10,0
DA:12,0
DA:14,0
DA:15,0
DA:16,0
DA:22,0
DA:23,0
DA:24,0
DA:25,0
DA:32,0
DA:33,0
DA:36,0
DA:37,0
DA:47,0
DA:58,0
DA:59,0
DA:60,0
DA:61,0
DA:67,0
DA:68,0
DA:71,0
DA:73,0
DA:74,0
DA:75,0
DA:76,0
DA:82,0
DA:103,0
DA:104,0
LF:32
LH:0
BRDA:14,0,0,0
BRDA:14,0,1,0
BRDA:23,1,0,0
BRDA:23,1,1,0
BRDA:32,2,0,0
BRDA:32,2,1,0
BRDA:32,3,0,0
BRDA:32,3,1,0
BRDA:32,3,2,0
BRDA:36,4,0,0
BRDA:36,4,1,0
BRDA:59,5,0,0
BRDA:59,5,1,0
BRDA:74,6,0,0
BRDA:74,6,1,0
BRF:15
BRH:0
end_of_record
TN:
SF:src\controllers\lostPet.controller.js
FN:5,(anonymous_0)
FN:18,(anonymous_1)
FN:32,(anonymous_2)
FN:65,(anonymous_3)
FN:91,(anonymous_4)
FN:128,(anonymous_5)
FN:144,(anonymous_6)
FN:148,(anonymous_7)
FN:177,(anonymous_8)
FN:226,(anonymous_9)
FN:256,(anonymous_10)
FN:279,(anonymous_11)
FN:306,(anonymous_12)
FN:347,(anonymous_13)
FN:387,(anonymous_14)
FN:427,(anonymous_15)
FN:463,(anonymous_16)
FNF:17
FNH:0
FNDA:0,(anonymous_0)
FNDA:0,(anonymous_1)
FNDA:0,(anonymous_2)
FNDA:0,(anonymous_3)
FNDA:0,(anonymous_4)
FNDA:0,(anonymous_5)
FNDA:0,(anonymous_6)
FNDA:0,(anonymous_7)
FNDA:0,(anonymous_8)
FNDA:0,(anonymous_9)
FNDA:0,(anonymous_10)
FNDA:0,(anonymous_11)
FNDA:0,(anonymous_12)
FNDA:0,(anonymous_13)
FNDA:0,(anonymous_14)
FNDA:0,(anonymous_15)
FNDA:0,(anonymous_16)
DA:1,0
DA:2,0
DA:5,0
DA:6,0
DA:7,0
DA:8,0
DA:10,0
DA:13,0
DA:14,0
DA:18,0
DA:19,0
DA:20,0
DA:21,0
DA:28,0
DA:29,0
DA:30,0
DA:31,0
DA:32,0
DA:33,0
DA:34,0
DA:41,0
DA:46,0
DA:48,0
DA:65,0
DA:74,0
DA:76,0
DA:82,0
DA:83,0
DA:91,0
DA:92,0
DA:101,0
DA:103,0
DA:105,0
DA:106,0
DA:109,0
DA:110,0
DA:113,0
DA:115,0
DA:123,0
DA:124,0
DA:125,0
DA:126,0
DA:128,0
DA:129,0
DA:136,0
DA:144,0
DA:147,0
DA:148,0
DA:152,0
DA:154,0
DA:167,0
DA:168,0
DA:177,0
DA:178,0
DA:179,0
DA:181,0
DA:186,0
DA:187,0
DA:194,0
DA:197,0
DA:198,0
DA:200,0
DA:202,0
DA:203,0
DA:206,0
DA:207,0
DA:213,0
DA:214,0
DA:220,0
DA:221,0
DA:225,0
DA:226,0
DA:231,0
DA:235,0
DA:242,0
DA:247,0
DA:248,0
DA:256,0
DA:257,0
DA:258,0
DA:260,0
DA:261,0
DA:268,0
DA:269,0
DA:275,0
DA:278,0
DA:279,0
DA:285,0
DA:291,0
DA:297,0
DA:298,0
DA:306,0
DA:307,0
DA:308,0
DA:309,0
DA:311,0
DA:313,0
DA:314,0
DA:320,0
DA:323,0
DA:324,0
DA:325,0
DA:329,0
DA:330,0
DA:333,0
DA:338,0
DA:339,0
DA:347,0
DA:348,0
DA:349,0
DA:350,0
DA:351,0
DA:353,0
DA:355,0
DA:356,0
DA:363,0
DA:364,0
DA:370,0
DA:371,0
DA:373,0
DA:378,0
DA:379,0
DA:387,0
DA:388,0
DA:389,0
DA:390,0
DA:391,0
DA:393,0
DA:395,0
DA:396,0
DA:402,0
DA:408,0
DA:411,0
DA:413,0
DA:418,0
DA:419,0
DA:427,0
DA:428,0
DA:429,0
DA:431,0
DA:432,0
DA:439,0
DA:440,0
DA:446,0
DA:448,0
DA:453,0
DA:454,0
DA:463,0
DA:464,0
DA:465,0
DA:469,0
DA:474,0
DA:475,0
LF:153
LH:0
BRDA:20,0,0,0
BRDA:20,0,1,0
BRDA:20,1,0,0
BRDA:20,1,1,0
BRDA:29,2,0,0
BRDA:29,2,1,0
BRDA:33,3,0,0
BRDA:33,3,1,0
BRDA:33,4,0,0
BRDA:33,4,1,0
BRDA:96,5,0,0
BRDA:97,6,0,0
BRDA:99,7,0,0
BRDA:100,8,0,0
BRDA:105,9,0,0
BRDA:105,9,1,0
BRDA:109,10,0,0
BRDA:109,10,1,0
BRDA:123,11,0,0
BRDA:123,11,1,0
BRDA:123,12,0,0
BRDA:123,12,1,0
BRDA:147,13,0,0
BRDA:147,13,1,0
BRDA:186,14,0,0
BRDA:186,14,1,0
BRDA:200,15,0,0
BRDA:200,15,1,0
BRDA:202,16,0,0
BRDA:202,16,1,0
BRDA:213,17,0,0
BRDA:213,17,1,0
BRDA:220,18,0,0
BRDA:220,18,1,0
BRDA:220,19,0,0
BRDA:220,19,1,0
BRDA:225,20,0,0
BRDA:225,20,1,0
BRDA:225,21,0,0
BRDA:225,21,1,0
BRDA:238,22,0,0
BRDA:238,22,1,0
BRDA:239,23,0,0
BRDA:239,23,1,0
BRDA:260,24,0,0
BRDA:260,24,1,0
BRDA:268,25,0,0
BRDA:268,25,1,0
BRDA:278,26,0,0
BRDA:278,26,1,0
BRDA:278,27,0,0
BRDA:278,27,1,0
BRDA:313,28,0,0
BRDA:313,28,1,0
BRDA:313,29,0,0
BRDA:313,29,1,0
BRDA:313,29,2,0
BRDA:323,30,0,0
BRDA:323,30,1,0
BRDA:323,31,0,0
BRDA:323,31,1,0
BRDA:329,32,0,0
BRDA:329,32,1,0
BRDA:355,33,0,0
BRDA:355,33,1,0
BRDA:363,34,0,0
BRDA:363,34,1,0
BRDA:395,35,0,0
BRDA:395,35,1,0
BRDA:431,36,0,0
BRDA:431,36,1,0
BRDA:439,37,0,0
BRDA:439,37,1,0
BRF:73
BRH:0
end_of_record
TN:
SF:src\controllers\otpController.js
FN:7,(anonymous_0)
FN:113,(anonymous_1)
FN:253,(anonymous_2)
FNF:3
FNH:0
FNDA:0,(anonymous_0)
FNDA:0,(anonymous_1)
FNDA:0,(anonymous_2)
DA:1,0
DA:2,0
DA:3,0
DA:4,0
DA:7,0
DA:8,0
DA:9,0
DA:11,0
DA:12,0
DA:19,0
DA:20,0
DA:21,0
DA:28,0
DA:29,0
DA:30,0
DA:37,0
DA:38,0
DA:40,0
DA:41,0
DA:50,0
DA:61,0
DA:64,0
DA:67,0
DA:76,0
DA:77,0
DA:78,0
DA:85,0
DA:92,0
DA:94,0
DA:104,0
DA:105,0
DA:113,0
DA:114,0
DA:115,0
DA:117,0
DA:118,0
DA:125,0
DA:126,0
DA:133,0
DA:134,0
DA:135,0
DA:136,0
DA:143,0
DA:149,0
DA:150,0
DA:157,0
DA:158,0
DA:159,0
DA:160,0
DA:167,0
DA:169,0
DA:171,0
DA:172,0
DA:174,0
DA:181,0
DA:182,0
DA:185,0
DA:186,0
DA:187,0
DA:188,0
DA:195,0
DA:196,0
DA:199,0
DA:202,0
DA:204,0
DA:207,0
DA:208,0
DA:210,0
DA:211,0
DA:213,0
DA:214,0
DA:216,0
DA:217,0
DA:219,0
DA:220,0
DA:222,0
DA:225,0
DA:244,0
DA:245,0
DA:253,0
DA:254,0
DA:255,0
DA:257,0
DA:258,0
DA:265,0
DA:266,0
DA:267,0
DA:275,0
DA:278,0
DA:281,0
DA:290,0
DA:291,0
DA:292,0
DA:299,0
DA:300,0
DA:303,0
DA:305,0
DA:314,0
DA:315,0
DA:322,0
LF:100
LH:0
BRDA:11,0,0,0
BRDA:11,0,1,0
BRDA:11,1,0,0
BRDA:11,1,1,0
BRDA:20,2,0,0
BRDA:20,2,1,0
BRDA:29,3,0,0
BRDA:29,3,1,0
BRDA:37,4,0,0
BRDA:37,4,1,0
BRDA:38,5,0,0
BRDA:38,5,1,0
BRDA:40,6,0,0
BRDA:40,6,1,0
BRDA:77,7,0,0
BRDA:77,7,1,0
BRDA:77,8,0,0
BRDA:77,8,1,0
BRDA:98,9,0,0
BRDA:98,9,1,0
BRDA:99,10,0,0
BRDA:99,10,1,0
BRDA:99,11,0,0
BRDA:99,11,1,0
BRDA:99,12,0,0
BRDA:99,12,1,0
BRDA:100,13,0,0
BRDA:100,13,1,0
BRDA:100,14,0,0
BRDA:100,14,1,0
BRDA:117,15,0,0
BRDA:117,15,1,0
BRDA:117,16,0,0
BRDA:117,16,1,0
BRDA:125,17,0,0
BRDA:125,17,1,0
BRDA:125,18,0,0
BRDA:125,18,1,0
BRDA:134,19,0,0
BRDA:134,19,1,0
BRDA:149,20,0,0
BRDA:149,20,1,0
BRDA:157,21,0,0
BRDA:157,21,1,0
BRDA:169,22,0,0
BRDA:169,22,1,0
BRDA:186,23,0,0
BRDA:186,23,1,0
BRDA:208,24,0,0
BRDA:208,24,1,0
BRDA:208,24,2,0
BRDA:208,24,3,0
BRDA:208,24,4,0
BRDA:257,25,0,0
BRDA:257,25,1,0
BRDA:257,26,0,0
BRDA:257,26,1,0
BRDA:265,27,0,0
BRDA:265,27,1,0
BRDA:266,28,0,0
BRDA:266,28,1,0
BRDA:266,29,0,0
BRDA:266,29,1,0
BRDA:291,30,0,0
BRDA:291,30,1,0
BRDA:291,31,0,0
BRDA:291,31,1,0
BRDA:299,32,0,0
BRDA:299,32,1,0
BRDA:299,33,0,0
BRDA:299,33,1,0
BRDA:308,34,0,0
BRDA:308,34,1,0
BRDA:309,35,0,0
BRDA:309,35,1,0
BRDA:309,36,0,0
BRDA:309,36,1,0
BRDA:309,37,0,0
BRDA:309,37,1,0
BRDA:310,38,0,0
BRDA:310,38,1,0
BRDA:310,39,0,0
BRDA:310,39,1,0
BRF:83
BRH:0
end_of_record
TN:
SF:src\controllers\paymentController.js
FN:6,(anonymous_0)
FN:12,(anonymous_1)
FN:25,(anonymous_2)
FN:63,(anonymous_3)
FNF:4
FNH:0
FNDA:0,(anonymous_0)
FNDA:0,(anonymous_1)
FNDA:0,(anonymous_2)
FNDA:0,(anonymous_3)
DA:1,0
DA:2,0
DA:3,0
DA:4,0
DA:6,0
DA:7,0
DA:8,0
DA:9,0
DA:12,0
DA:15,0
DA:16,0
DA:17,0
DA:19,0
DA:20,0
DA:23,0
DA:25,0
DA:37,0
DA:46,0
DA:48,0
DA:55,0
DA:63,0
DA:64,0
DA:65,0
LF:23
LH:0
BRDA:16,0,0,0
BRDA:16,0,1,0
BRDA:16,1,0,0
BRDA:16,1,1,0
BRDA:65,2,0,0
BRDA:65,2,1,0
BRF:6
BRH:0
end_of_record
TN:
SF:src\controllers\pet.js
FN:6,(anonymous_0)
FN:22,(anonymous_1)
FN:45,(anonymous_2)
FN:72,(anonymous_3)
FN:110,(anonymous_4)
FN:127,(anonymous_5)
FN:151,(anonymous_6)
FN:178,(anonymous_7)
FN:199,(anonymous_8)
FN:200,(anonymous_9)
FN:202,(anonymous_10)
FN:221,(anonymous_11)
FNF:12
FNH:0
FNDA:0,(anonymous_0)
FNDA:0,(anonymous_1)
FNDA:0,(anonymous_2)
FNDA:0,(anonymous_3)
FNDA:0,(anonymous_4)
FNDA:0,(anonymous_5)
FNDA:0,(anonymous_6)
FNDA:0,(anonymous_7)
FNDA:0,(anonymous_8)
FNDA:0,(anonymous_9)
FNDA:0,(anonymous_10)
FNDA:0,(anonymous_11)
DA:1,0
DA:2,0
DA:3,0
DA:6,0
DA:7,0
DA:9,0
DA:10,0
DA:17,0
DA:19,0
DA:22,0
DA:28,0
DA:30,0
DA:36,0
DA:37,0
DA:45,0
DA:46,0
DA:47,0
DA:48,0
DA:50,0
DA:51,0
DA:53,0
DA:57,0
DA:63,0
DA:64,0
DA:72,0
DA:73,0
DA:74,0
DA:77,0
DA:78,0
DA:82,0
DA:89,0
DA:110,0
DA:121,0
DA:122,0
DA:127,0
DA:128,0
DA:129,0
DA:131,0
DA:132,0
DA:139,0
DA:140,0
DA:146,0
DA:149,0
DA:150,0
DA:151,0
DA:157,0
DA:163,0
DA:169,0
DA:170,0
DA:178,0
DA:179,0
DA:180,0
DA:182,0
DA:183,0
DA:190,0
DA:191,0
DA:198,0
DA:199,0
DA:200,0
DA:201,0
DA:202,0
DA:205,0
DA:207,0
DA:212,0
DA:213,0
DA:221,0
DA:222,0
DA:223,0
DA:224,0
DA:226,0
DA:227,0
DA:230,0
DA:232,0
DA:233,0
DA:235,0
DA:236,0
DA:238,0
DA:239,0
LF:78
LH:0
BRDA:9,0,0,0
BRDA:9,0,1,0
BRDA:9,1,0,0
BRDA:9,1,1,0
BRDA:50,2,0,0
BRDA:50,2,1,0
BRDA:51,3,0,0
BRDA:51,3,1,0
BRDA:77,4,0,0
BRDA:77,4,1,0
BRDA:92,5,0,0
BRDA:92,5,1,0
BRDA:92,6,0,0
BRDA:92,6,1,0
BRDA:96,7,0,0
BRDA:96,7,1,0
BRDA:104,8,0,0
BRDA:104,8,1,0
BRDA:113,9,0,0
BRDA:113,9,1,0
BRDA:113,10,0,0
BRDA:113,10,1,0
BRDA:117,11,0,0
BRDA:117,11,1,0
BRDA:131,12,0,0
BRDA:131,12,1,0
BRDA:139,13,0,0
BRDA:139,13,1,0
BRDA:149,14,0,0
BRDA:149,14,1,0
BRDA:149,15,0,0
BRDA:149,15,1,0
BRDA:182,16,0,0
BRDA:182,16,1,0
BRDA:190,17,0,0
BRDA:190,17,1,0
BRDA:201,18,0,0
BRDA:201,18,1,0
BRDA:226,19,0,0
BRDA:226,19,1,0
BRDA:226,20,0,0
BRDA:226,20,1,0
BRDA:232,21,0,0
BRDA:232,21,1,0
BRF:44
BRH:0
end_of_record
TN:
SF:src\controllers\petMate.js
FN:5,(anonymous_0)
FN:55,(anonymous_1)
FN:66,(anonymous_2)
FN:72,(anonymous_3)
FN:78,(anonymous_4)
FN:80,(anonymous_5)
FN:100,(anonymous_6)
FN:102,(anonymous_7)
FN:130,(anonymous_8)
FN:176,(anonymous_9)
FN:229,(anonymous_10)
FN:251,(anonymous_11)
FN:340,(anonymous_12)
FNF:13
FNH:0
FNDA:0,(anonymous_0)
FNDA:0,(anonymous_1)
FNDA:0,(anonymous_2)
FNDA:0,(anonymous_3)
FNDA:0,(anonymous_4)
FNDA:0,(anonymous_5)
FNDA:0,(anonymous_6)
FNDA:0,(anonymous_7)
FNDA:0,(anonymous_8)
FNDA:0,(anonymous_9)
FNDA:0,(anonymous_10)
FNDA:0,(anonymous_11)
FNDA:0,(anonymous_12)
DA:1,0
DA:2,0
DA:3,0
DA:5,0
DA:6,0
DA:7,0
DA:10,0
DA:12,0
DA:13,0
DA:14,0
DA:16,0
DA:19,0
DA:26,0
DA:49,0
DA:50,0
DA:55,0
DA:56,0
DA:57,0
DA:59,0
DA:65,0
DA:66,0
DA:67,0
DA:71,0
DA:72,0
DA:73,0
DA:77,0
DA:78,0
DA:80,0
DA:84,0
DA:85,0
DA:89,0
DA:90,0
DA:93,0
DA:95,0
DA:97,0
DA:100,0
DA:101,0
DA:102,0
DA:103,0
DA:104,0
DA:106,0
DA:112,0
DA:115,0
DA:121,0
DA:122,0
DA:130,0
DA:131,0
DA:132,0
DA:133,0
DA:136,0
DA:137,0
DA:141,0
DA:142,0
DA:143,0
DA:147,0
DA:148,0
DA:149,0
DA:151,0
DA:152,0
DA:156,0
DA:158,0
DA:176,0
DA:187,0
DA:193,0
DA:194,0
DA:196,0
DA:198,0
DA:201,0
DA:203,0
DA:229,0
DA:230,0
DA:231,0
DA:232,0
DA:234,0
DA:235,0
DA:238,0
DA:240,0
DA:241,0
DA:243,0
DA:244,0
DA:246,0
DA:247,0
DA:251,0
DA:252,0
DA:253,0
DA:254,0
DA:255,0
DA:256,0
DA:259,0
DA:260,0
DA:289,0
DA:290,0
DA:294,0
DA:295,0
DA:296,0
DA:299,0
DA:300,0
DA:301,0
DA:305,0
DA:306,0
DA:308,0
DA:309,0
DA:313,0
DA:314,0
DA:315,0
DA:318,0
DA:319,0
DA:322,0
DA:340,0
DA:351,0
DA:359,0
DA:360,0
DA:362,0
DA:364,0
DA:365,0
DA:368,0
DA:370,0
LF:117
LH:0
BRDA:13,0,0,0
BRDA:13,0,1,0
BRDA:65,1,0,0
BRDA:65,1,1,0
BRDA:71,2,0,0
BRDA:71,2,1,0
BRDA:77,3,0,0
BRDA:77,3,1,0
BRDA:84,4,0,0
BRDA:84,4,1,0
BRDA:89,5,0,0
BRDA:89,5,1,0
BRDA:101,6,0,0
BRDA:101,6,1,0
BRDA:101,7,0,0
BRDA:101,7,1,0
BRDA:103,8,0,0
BRDA:103,8,1,0
BRDA:108,9,0,0
BRDA:108,9,1,0
BRDA:133,10,0,0
BRDA:133,10,1,0
BRDA:136,11,0,0
BRDA:136,11,1,0
BRDA:136,12,0,0
BRDA:136,12,1,0
BRDA:142,13,0,0
BRDA:142,13,1,0
BRDA:148,14,0,0
BRDA:148,14,1,0
BRDA:148,15,0,0
BRDA:148,15,1,0
BRDA:151,16,0,0
BRDA:151,16,1,0
BRDA:151,17,0,0
BRDA:151,17,1,0
BRDA:180,18,0,0
BRDA:180,18,1,0
BRDA:234,19,0,0
BRDA:234,19,1,0
BRDA:234,20,0,0
BRDA:234,20,1,0
BRDA:240,21,0,0
BRDA:240,21,1,0
BRDA:255,22,0,0
BRDA:255,22,1,0
BRDA:256,23,0,0
BRDA:256,23,1,0
BRDA:259,24,0,0
BRDA:259,24,1,0
BRDA:289,25,0,0
BRDA:289,25,1,0
BRDA:289,26,0,0
BRDA:289,26,1,0
BRDA:295,27,0,0
BRDA:295,27,1,0
BRDA:295,28,0,0
BRDA:295,28,1,0
BRDA:300,29,0,0
BRDA:300,29,1,0
BRDA:305,30,0,0
BRDA:305,30,1,0
BRDA:305,31,0,0
BRDA:305,31,1,0
BRDA:308,32,0,0
BRDA:308,32,1,0
BRDA:308,33,0,0
BRDA:308,33,1,0
BRDA:314,34,0,0
BRDA:314,34,1,0
BRDA:314,35,0,0
BRDA:314,35,1,0
BRDA:318,36,0,0
BRDA:318,36,1,0
BRDA:344,37,0,0
BRDA:344,37,1,0
BRF:76
BRH:0
end_of_record
TN:
SF:src\controllers\products.js
FN:4,(anonymous_0)
FNF:1
FNH:0
FNDA:0,(anonymous_0)
DA:1,0
DA:3,0
DA:5,0
DA:6,0
DA:7,0
DA:15,0
LF:6
LH:0
BRF:0
BRH:0
end_of_record
TN:
SF:src\controllers\review.js
FN:6,(anonymous_0)
FN:54,(anonymous_1)
FN:120,(anonymous_2)
FN:151,(anonymous_3)
FN:172,(anonymous_4)
FN:185,(anonymous_5)
FNF:6
FNH:0
FNDA:0,(anonymous_0)
FNDA:0,(anonymous_1)
FNDA:0,(anonymous_2)
FNDA:0,(anonymous_3)
FNDA:0,(anonymous_4)
FNDA:0,(anonymous_5)
DA:1,0
DA:2,0
DA:3,0
DA:6,0
DA:7,0
DA:8,0
DA:9,0
DA:11,0
DA:12,0
DA:18,0
DA:19,0
DA:25,0
DA:31,0
DA:32,0
DA:39,0
DA:45,0
DA:46,0
DA:54,0
DA:55,0
DA:56,0
DA:57,0
DA:59,0
DA:60,0
DA:66,0
DA:67,0
DA:73,0
DA:82,0
DA:83,0
DA:84,0
DA:85,0
DA:86,0
DA:87,0
DA:88,0
DA:89,0
DA:90,0
DA:91,0
DA:94,0
DA:95,0
DA:102,0
DA:108,0
DA:110,0
DA:111,0
DA:112,0
DA:114,0
DA:117,0
DA:118,0
DA:119,0
DA:120,0
DA:123,0
DA:133,0
DA:141,0
DA:142,0
DA:145,0
DA:148,0
DA:149,0
DA:150,0
DA:151,0
DA:154,0
DA:163,0
DA:164,0
DA:172,0
DA:173,0
DA:174,0
DA:176,0
DA:183,0
DA:184,0
DA:185,0
DA:188,0
DA:195,0
DA:196,0
LF:70
LH:0
BRDA:11,0,0,0
BRDA:11,0,1,0
BRDA:18,1,0,0
BRDA:18,1,1,0
BRDA:18,2,0,0
BRDA:18,2,1,0
BRDA:31,3,0,0
BRDA:31,3,1,0
BRDA:59,4,0,0
BRDA:59,4,1,0
BRDA:66,5,0,0
BRDA:66,5,1,0
BRDA:66,6,0,0
BRDA:66,6,1,0
BRDA:66,6,2,0
BRDA:83,7,0,0
BRDA:83,7,1,0
BRDA:86,8,0,0
BRDA:86,8,1,0
BRDA:88,9,0,0
BRDA:88,9,1,0
BRDA:89,10,0,0
BRDA:89,10,1,0
BRDA:91,11,0,0
BRDA:91,11,1,0
BRDA:94,12,0,0
BRDA:94,12,1,0
BRDA:108,13,0,0
BRDA:108,13,1,0
BRDA:119,14,0,0
BRDA:119,14,1,0
BRDA:150,15,0,0
BRDA:150,15,1,0
BRDA:184,16,0,0
BRDA:184,16,1,0
BRF:35
BRH:0
end_of_record
TN:
SF:src\controllers\serviceProviderController.js
FN:6,(anonymous_0)
FN:24,(anonymous_1)
FN:58,(anonymous_2)
FN:62,(anonymous_3)
FN:67,(anonymous_4)
FNF:5
FNH:0
FNDA:0,(anonymous_0)
FNDA:0,(anonymous_1)
FNDA:0,(anonymous_2)
FNDA:0,(anonymous_3)
FNDA:0,(anonymous_4)
DA:1,0
DA:2,0
DA:3,0
DA:4,0
DA:6,0
DA:7,0
DA:9,0
DA:10,0
DA:13,0
DA:14,0
DA:17,0
DA:19,0
DA:20,0
DA:23,0
DA:24,0
DA:26,0
DA:29,0
DA:37,0
DA:40,0
DA:48,0
DA:51,0
DA:56,0
DA:57,0
DA:58,0
DA:62,0
DA:63,0
DA:65,0
DA:66,0
DA:67,0
DA:68,0
DA:72,0
DA:81,0
DA:82,0
DA:86,0
LF:34
LH:0
BRDA:9,0,0,0
BRDA:9,0,1,0
BRDA:57,1,0,0
BRDA:57,1,1,0
BRDA:65,2,0,0
BRDA:65,2,1,0
BRF:6
BRH:0
end_of_record
TN:
SF:src\controllers\services.js
FN:6,(anonymous_0)
FN:25,(anonymous_1)
FN:41,(anonymous_2)
FN:47,(anonymous_3)
FN:49,(anonymous_4)
FN:93,(anonymous_5)
FN:112,(anonymous_6)
FN:128,(anonymous_7)
FN:189,(anonymous_8)
FN:197,(anonymous_9)
FN:226,(anonymous_10)
FN:234,(anonymous_11)
FN:288,(anonymous_12)
FN:301,(anonymous_13)
FN:319,(anonymous_14)
FN:326,(anonymous_15)
FN:333,(anonymous_16)
FN:364,(anonymous_17)
FN:379,(anonymous_18)
FN:402,(anonymous_19)
FN:413,(anonymous_20)
FN:429,(anonymous_21)
FN:437,(anonymous_22)
FN:443,(anonymous_23)
FN:445,(anonymous_24)
FN:489,(anonymous_25)
FN:493,(anonymous_26)
FN:498,(anonymous_27)
FN:503,(anonymous_28)
FNF:29
FNH:0
FNDA:0,(anonymous_0)
FNDA:0,(anonymous_1)
FNDA:0,(anonymous_2)
FNDA:0,(anonymous_3)
FNDA:0,(anonymous_4)
FNDA:0,(anonymous_5)
FNDA:0,(anonymous_6)
FNDA:0,(anonymous_7)
FNDA:0,(anonymous_8)
FNDA:0,(anonymous_9)
FNDA:0,(anonymous_10)
FNDA:0,(anonymous_11)
FNDA:0,(anonymous_12)
FNDA:0,(anonymous_13)
FNDA:0,(anonymous_14)
FNDA:0,(anonymous_15)
FNDA:0,(anonymous_16)
FNDA:0,(anonymous_17)
FNDA:0,(anonymous_18)
FNDA:0,(anonymous_19)
FNDA:0,(anonymous_20)
FNDA:0,(anonymous_21)
FNDA:0,(anonymous_22)
FNDA:0,(anonymous_23)
FNDA:0,(anonymous_24)
FNDA:0,(anonymous_25)
FNDA:0,(anonymous_26)
FNDA:0,(anonymous_27)
FNDA:0,(anonymous_28)
DA:1,0
DA:2,0
DA:3,0
DA:4,0
DA:6,0
DA:7,0
DA:9,0
DA:13,0
DA:15,0
DA:25,0
DA:26,0
DA:29,0
DA:34,0
DA:36,0
DA:37,0
DA:40,0
DA:41,0
DA:42,0
DA:43,0
DA:46,0
DA:47,0
DA:49,0
DA:57,0
DA:58,0
DA:63,0
DA:64,0
DA:65,0
DA:66,0
DA:67,0
DA:68,0
DA:69,0
DA:71,0
DA:74,0
DA:93,0
DA:95,0
DA:97,0
DA:98,0
DA:101,0
DA:107,0
DA:108,0
DA:112,0
DA:113,0
DA:114,0
DA:115,0
DA:117,0
DA:118,0
DA:121,0
DA:126,0
DA:127,0
DA:128,0
DA:131,0
DA:142,0
DA:143,0
DA:144,0
DA:145,0
DA:146,0
DA:147,0
DA:149,0
DA:152,0
DA:167,0
DA:168,0
DA:169,0
DA:176,0
DA:183,0
DA:184,0
DA:189,0
DA:190,0
DA:191,0
DA:192,0
DA:193,0
DA:194,0
DA:197,0
DA:198,0
DA:199,0
DA:200,0
DA:201,0
DA:202,0
DA:205,0
DA:206,0
DA:208,0
DA:219,0
DA:221,0
DA:222,0
DA:226,0
DA:227,0
DA:228,0
DA:229,0
DA:230,0
DA:231,0
DA:234,0
DA:235,0
DA:236,0
DA:237,0
DA:238,0
DA:239,0
DA:241,0
DA:243,0
DA:244,0
DA:245,0
DA:246,0
DA:247,0
DA:248,0
DA:251,0
DA:258,0
DA:259,0
DA:260,0
DA:261,0
DA:262,0
DA:264,0
DA:265,0
DA:266,0
DA:267,0
DA:268,0
DA:269,0
DA:270,0
DA:271,0
DA:272,0
DA:273,0
DA:276,0
DA:280,0
DA:282,0
DA:283,0
DA:288,0
DA:289,0
DA:290,0
DA:292,0
DA:299,0
DA:300,0
DA:301,0
DA:304,0
DA:311,0
DA:312,0
DA:319,0
DA:320,0
DA:321,0
DA:326,0
DA:327,0
DA:332,0
DA:333,0
DA:334,0
DA:336,0
DA:351,0
DA:357,0
DA:358,0
DA:364,0
DA:365,0
DA:366,0
DA:368,0
DA:373,0
DA:374,0
DA:377,0
DA:379,0
DA:388,0
DA:393,0
DA:394,0
DA:402,0
DA:403,0
DA:404,0
DA:406,0
DA:412,0
DA:413,0
DA:414,0
DA:417,0
DA:419,0
DA:429,0
DA:431,0
DA:436,0
DA:437,0
DA:438,0
DA:439,0
DA:442,0
DA:443,0
DA:445,0
DA:453,0
DA:454,0
DA:459,0
DA:460,0
DA:461,0
DA:462,0
DA:463,0
DA:464,0
DA:465,0
DA:467,0
DA:470,0
DA:489,0
DA:491,0
DA:492,0
DA:493,0
DA:496,0
DA:497,0
DA:498,0
DA:501,0
DA:502,0
DA:503,0
DA:506,0
DA:512,0
DA:513,0
LF:197
LH:0
BRDA:36,0,0,0
BRDA:36,0,1,0
BRDA:37,1,0,0
BRDA:37,1,1,0
BRDA:42,2,0,0
BRDA:42,2,1,0
BRDA:53,3,0,0
BRDA:53,3,1,0
BRDA:57,4,0,0
BRDA:57,4,1,0
BRDA:64,5,0,0
BRDA:64,5,1,0
BRDA:64,6,0,0
BRDA:64,6,1,0
BRDA:66,7,0,0
BRDA:66,7,1,0
BRDA:68,8,0,0
BRDA:68,8,1,0
BRDA:68,9,0,0
BRDA:68,9,1,0
BRDA:83,10,0,0
BRDA:83,10,1,0
BRDA:87,11,0,0
BRDA:87,11,1,0
BRDA:88,12,0,0
BRDA:88,12,1,0
BRDA:97,13,0,0
BRDA:97,13,1,0
BRDA:117,14,0,0
BRDA:117,14,1,0
BRDA:117,15,0,0
BRDA:117,15,1,0
BRDA:127,16,0,0
BRDA:127,16,1,0
BRDA:142,17,0,0
BRDA:142,17,1,0
BRDA:142,18,0,0
BRDA:142,18,1,0
BRDA:144,19,0,0
BRDA:144,19,1,0
BRDA:146,20,0,0
BRDA:146,20,1,0
BRDA:146,21,0,0
BRDA:146,21,1,0
BRDA:154,22,0,0
BRDA:154,22,1,0
BRDA:155,23,0,0
BRDA:155,23,1,0
BRDA:155,23,2,0
BRDA:156,24,0,0
BRDA:156,24,1,0
BRDA:157,25,0,0
BRDA:157,25,1,0
BRDA:159,26,0,0
BRDA:159,26,1,0
BRDA:163,27,0,0
BRDA:163,27,1,0
BRDA:168,28,0,0
BRDA:168,28,1,0
BRDA:168,29,0,0
BRDA:168,29,1,0
BRDA:193,30,0,0
BRDA:193,30,1,0
BRDA:193,31,0,0
BRDA:193,31,1,0
BRDA:198,32,0,0
BRDA:198,32,1,0
BRDA:198,33,0,0
BRDA:198,33,1,0
BRDA:199,34,0,0
BRDA:199,34,1,0
BRDA:200,35,0,0
BRDA:200,35,1,0
BRDA:200,36,0,0
BRDA:200,36,1,0
BRDA:200,36,2,0
BRDA:201,37,0,0
BRDA:201,37,1,0
BRDA:210,38,0,0
BRDA:210,38,1,0
BRDA:219,39,0,0
BRDA:219,39,1,0
BRDA:230,40,0,0
BRDA:230,40,1,0
BRDA:230,41,0,0
BRDA:230,41,1,0
BRDA:235,42,0,0
BRDA:235,42,1,0
BRDA:235,43,0,0
BRDA:235,43,1,0
BRDA:236,44,0,0
BRDA:236,44,1,0
BRDA:237,45,0,0
BRDA:237,45,1,0
BRDA:237,46,0,0
BRDA:237,46,1,0
BRDA:237,46,2,0
BRDA:238,47,0,0
BRDA:238,47,1,0
BRDA:243,48,0,0
BRDA:243,48,1,0
BRDA:244,49,0,0
BRDA:244,49,1,0
BRDA:246,50,0,0
BRDA:246,50,1,0
BRDA:247,51,0,0
BRDA:247,51,1,0
BRDA:258,52,0,0
BRDA:258,52,1,0
BRDA:259,53,0,0
BRDA:259,53,1,0
BRDA:259,54,0,0
BRDA:259,54,1,0
BRDA:261,55,0,0
BRDA:261,55,1,0
BRDA:264,56,0,0
BRDA:264,56,1,0
BRDA:265,57,0,0
BRDA:265,57,1,0
BRDA:265,58,0,0
BRDA:265,58,1,0
BRDA:266,59,0,0
BRDA:266,59,1,0
BRDA:266,60,0,0
BRDA:266,60,1,0
BRDA:267,61,0,0
BRDA:267,61,1,0
BRDA:267,62,0,0
BRDA:267,62,1,0
BRDA:268,63,0,0
BRDA:268,63,1,0
BRDA:268,64,0,0
BRDA:268,64,1,0
BRDA:272,65,0,0
BRDA:272,65,1,0
BRDA:272,66,0,0
BRDA:272,66,1,0
BRDA:272,66,2,0
BRDA:272,66,3,0
BRDA:300,67,0,0
BRDA:300,67,1,0
BRDA:334,68,0,0
BRDA:334,68,1,0
BRDA:347,69,0,0
BRDA:347,69,1,0
BRDA:373,70,0,0
BRDA:373,70,1,0
BRDA:412,71,0,0
BRDA:412,71,1,0
BRDA:438,72,0,0
BRDA:438,72,1,0
BRDA:449,73,0,0
BRDA:449,73,1,0
BRDA:453,74,0,0
BRDA:453,74,1,0
BRDA:460,75,0,0
BRDA:460,75,1,0
BRDA:460,76,0,0
BRDA:460,76,1,0
BRDA:462,77,0,0
BRDA:462,77,1,0
BRDA:464,78,0,0
BRDA:464,78,1,0
BRDA:464,79,0,0
BRDA:464,79,1,0
BRDA:472,80,0,0
BRDA:472,80,1,0
BRDA:477,81,0,0
BRDA:477,81,1,0
BRDA:479,82,0,0
BRDA:479,82,1,0
BRDA:483,83,0,0
BRDA:483,83,1,0
BRDA:484,84,0,0
BRDA:484,84,1,0
BRDA:491,85,0,0
BRDA:491,85,1,0
BRDA:493,86,0,0
BRDA:493,86,1,0
BRDA:496,87,0,0
BRDA:496,87,1,0
BRDA:498,88,0,0
BRDA:498,88,1,0
BRDA:501,89,0,0
BRDA:501,89,1,0
BRDA:503,90,0,0
BRDA:503,90,1,0
BRF:187
BRH:0
end_of_record
TN:
SF:src\controllers\signup.js
FN:8,(anonymous_0)
FN:12,(anonymous_1)
FN:29,(anonymous_2)
FN:97,(anonymous_3)
FN:111,(anonymous_4)
FN:112,(anonymous_5)
FN:178,(anonymous_6)
FN:192,(anonymous_7)
FN:193,(anonymous_8)
FN:261,(anonymous_9)
FN:289,(anonymous_10)
FN:290,(anonymous_11)
FN:302,(anonymous_12)
FNF:13
FNH:0
FNDA:0,(anonymous_0)
FNDA:0,(anonymous_1)
FNDA:0,(anonymous_2)
FNDA:0,(anonymous_3)
FNDA:0,(anonymous_4)
FNDA:0,(anonymous_5)
FNDA:0,(anonymous_6)
FNDA:0,(anonymous_7)
FNDA:0,(anonymous_8)
FNDA:0,(anonymous_9)
FNDA:0,(anonymous_10)
FNDA:0,(anonymous_11)
FNDA:0,(anonymous_12)
DA:1,0
DA:2,0
DA:3,0
DA:4,0
DA:5,0
DA:7,0
DA:9,0
DA:13,0
DA:14,0
DA:16,0
DA:17,0
DA:19,0
DA:20,0
DA:22,0
DA:23,0
DA:25,0
DA:30,0
DA:32,0
DA:33,0
DA:34,0
DA:40,0
DA:43,0
DA:44,0
DA:57,0
DA:61,0
DA:62,0
DA:68,0
DA:77,0
DA:89,0
DA:90,0
DA:98,0
DA:100,0
DA:110,0
DA:111,0
DA:112,0
DA:114,0
DA:115,0
DA:123,0
DA:127,0
DA:128,0
DA:135,0
DA:141,0
DA:158,0
DA:169,0
DA:170,0
DA:179,0
DA:181,0
DA:191,0
DA:192,0
DA:193,0
DA:195,0
DA:196,0
DA:204,0
DA:208,0
DA:209,0
DA:216,0
DA:222,0
DA:238,0
DA:240,0
DA:251,0
DA:252,0
DA:262,0
DA:263,0
DA:264,0
DA:266,0
DA:267,0
DA:270,0
DA:271,0
DA:273,0
DA:274,0
DA:275,0
DA:282,0
DA:283,0
DA:284,0
DA:286,0
DA:287,0
DA:288,0
DA:289,0
DA:290,0
DA:296,0
DA:302,0
DA:308,0
DA:314,0
DA:316,0
DA:317,0
LF:85
LH:0
BRDA:14,0,0,0
BRDA:14,0,1,0
BRDA:14,0,2,0
BRDA:14,0,3,0
BRDA:32,1,0,0
BRDA:32,1,1,0
BRDA:32,2,0,0
BRDA:32,2,1,0
BRDA:43,3,0,0
BRDA:43,3,1,0
BRDA:43,4,0,0
BRDA:43,4,1,0
BRDA:43,4,2,0
BRDA:43,4,3,0
BRDA:43,4,4,0
BRDA:61,5,0,0
BRDA:61,5,1,0
BRDA:92,6,0,0
BRDA:92,6,1,0
BRDA:114,7,0,0
BRDA:114,7,1,0
BRDA:114,8,0,0
BRDA:114,8,1,0
BRDA:118,9,0,0
BRDA:118,9,1,0
BRDA:127,10,0,0
BRDA:127,10,1,0
BRDA:150,11,0,0
BRDA:150,11,1,0
BRDA:172,12,0,0
BRDA:172,12,1,0
BRDA:195,13,0,0
BRDA:195,13,1,0
BRDA:195,14,0,0
BRDA:195,14,1,0
BRDA:199,15,0,0
BRDA:199,15,1,0
BRDA:208,16,0,0
BRDA:208,16,1,0
BRDA:254,17,0,0
BRDA:254,17,1,0
BRDA:266,18,0,0
BRDA:266,18,1,0
BRDA:273,19,0,0
BRDA:273,19,1,0
BRDA:286,20,0,0
BRDA:286,20,1,0
BRDA:286,21,0,0
BRDA:286,21,1,0
BRDA:289,22,0,0
BRDA:289,22,1,0
BRDA:298,23,0,0
BRDA:298,23,1,0
BRF:53
BRH:0
end_of_record
TN:
SF:src\controllers\userController.js
FN:3,(anonymous_0)
FN:10,(anonymous_1)
FNF:2
FNH:0
FNDA:0,(anonymous_0)
FNDA:0,(anonymous_1)
DA:1,0
DA:3,0
DA:4,0
DA:6,0
DA:10,0
DA:21,0
DA:26,0
DA:27,0
LF:8
LH:0
BRF:0
BRH:0
end_of_record
TN:
SF:src\controllers\wishlist.js
FN:7,(anonymous_0)
FN:53,(anonymous_1)
FN:84,(anonymous_2)
FN:88,(anonymous_3)
FN:115,(anonymous_4)
FN:146,(anonymous_5)
FN:150,(anonymous_6)
FN:177,(anonymous_7)
FNF:8
FNH:0
FNDA:0,(anonymous_0)
FNDA:0,(anonymous_1)
FNDA:0,(anonymous_2)
FNDA:0,(anonymous_3)
FNDA:0,(anonymous_4)
FNDA:0,(anonymous_5)
FNDA:0,(anonymous_6)
FNDA:0,(anonymous_7)
DA:1,0
DA:2,0
DA:3,0
DA:4,0
DA:7,0
DA:8,0
DA:9,0
DA:11,0
DA:12,0
DA:19,0
DA:21,0
DA:22,0
DA:29,0
DA:34,0
DA:44,0
DA:45,0
DA:53,0
DA:54,0
DA:55,0
DA:56,0
DA:58,0
DA:59,0
DA:65,0
DA:66,0
DA:67,0
DA:74,0
DA:76,0
DA:77,0
DA:83,0
DA:84,0
DA:86,0
DA:88,0
DA:91,0
DA:94,0
DA:96,0
DA:106,0
DA:107,0
DA:115,0
DA:116,0
DA:117,0
DA:118,0
DA:120,0
DA:121,0
DA:127,0
DA:128,0
DA:129,0
DA:136,0
DA:138,0
DA:139,0
DA:145,0
DA:146,0
DA:148,0
DA:150,0
DA:153,0
DA:156,0
DA:158,0
DA:168,0
DA:169,0
DA:177,0
DA:178,0
DA:179,0
DA:180,0
DA:182,0
DA:183,0
DA:190,0
DA:191,0
DA:192,0
DA:193,0
DA:195,0
DA:201,0
DA:202,0
DA:208,0
DA:214,0
DA:215,0
DA:222,0
LF:75
LH:0
BRDA:11,0,0,0
BRDA:11,0,1,0
BRDA:21,1,0,0
BRDA:21,1,1,0
BRDA:30,2,0,0
BRDA:30,2,1,0
BRDA:31,3,0,0
BRDA:31,3,1,0
BRDA:37,4,0,0
BRDA:37,4,1,0
BRDA:38,5,0,0
BRDA:38,5,1,0
BRDA:39,6,0,0
BRDA:39,6,1,0
BRDA:39,7,0,0
BRDA:39,7,1,0
BRDA:58,8,0,0
BRDA:58,8,1,0
BRDA:66,9,0,0
BRDA:66,9,1,0
BRDA:76,10,0,0
BRDA:76,10,1,0
BRDA:86,11,0,0
BRDA:86,11,1,0
BRDA:98,12,0,0
BRDA:98,12,1,0
BRDA:120,13,0,0
BRDA:120,13,1,0
BRDA:128,14,0,0
BRDA:128,14,1,0
BRDA:138,15,0,0
BRDA:138,15,1,0
BRDA:148,16,0,0
BRDA:148,16,1,0
BRDA:160,17,0,0
BRDA:160,17,1,0
BRDA:182,18,0,0
BRDA:182,18,1,0
BRDA:190,19,0,0
BRDA:190,19,1,0
BRDA:192,20,0,0
BRDA:192,20,1,0
BRDA:201,21,0,0
BRDA:201,21,1,0
BRF:44
BRH:0
end_of_record
TN:
SF:src\middleware\admin-auth.js
FN:3,(anonymous_0)
FNF:1
FNH:0
FNDA:0,(anonymous_0)
DA:1,0
DA:3,0
DA:4,0
DA:5,0
DA:6,0
DA:10,0
DA:12,0
DA:13,0
DA:14,0
DA:18,0
DA:20,0
DA:21,0
DA:25,0
DA:29,0
DA:30,0
LF:15
LH:0
BRDA:5,0,0,0
BRDA:5,0,1,0
BRDA:12,1,0,0
BRDA:12,1,1,0
BRDA:20,2,0,0
BRDA:20,2,1,0
BRF:6
BRH:0
end_of_record
TN:
SF:src\middleware\attachWallet.js
FN:3,(anonymous_0)
FNF:1
FNH:0
FNDA:0,(anonymous_0)
DA:1,0
DA:3,0
DA:4,0
DA:5,0
DA:7,0
LF:5
LH:0
BRDA:4,0,0,0
BRDA:4,0,1,0
BRF:2
BRH:0
end_of_record
TN:
SF:src\middleware\auth.js
FN:1,(anonymous_0)
FN:24,(anonymous_1)
FNF:2
FNH:0
FNDA:0,(anonymous_0)
FNDA:0,(anonymous_1)
DA:1,0
DA:2,0
DA:3,0
DA:7,0
DA:8,0
DA:16,0
DA:17,0
DA:21,0
DA:24,0
DA:26,0
DA:28,0
DA:29,0
DA:30,0
DA:31,0
DA:37,0
DA:41,0
DA:44,0
DA:45,0
DA:50,0
LF:19
LH:0
BRDA:2,0,0,0
BRDA:2,0,1,0
BRDA:7,1,0,0
BRDA:7,1,1,0
BRDA:7,2,0,0
BRDA:7,2,1,0
BRDA:7,2,2,0
BRDA:16,3,0,0
BRDA:16,3,1,0
BRDA:16,4,0,0
BRDA:16,4,1,0
BRDA:26,5,0,0
BRDA:26,5,1,0
BRDA:26,6,0,0
BRDA:26,6,1,0
BRDA:26,6,2,0
BRDA:28,7,0,0
BRDA:28,7,1,0
BRDA:28,8,0,0
BRDA:28,8,1,0
BRDA:30,9,0,0
BRDA:30,9,1,0
BRDA:30,10,0,0
BRDA:30,10,1,0
BRDA:30,10,2,0
BRDA:44,11,0,0
BRDA:44,11,1,0
BRDA:44,12,0,0
BRDA:44,12,1,0
BRDA:44,12,2,0
BRF:30
BRH:0
end_of_record
TN:
SF:src\middleware\cache.js
FN:12,cacheMiddleware
FN:13,(anonymous_1)
FN:33,(anonymous_2)
FN:37,(anonymous_3)
FNF:4
FNH:3
FNDA:7,cacheMiddleware
FNDA:25,(anonymous_1)
FNDA:21,(anonymous_2)
FNDA:0,(anonymous_3)
DA:1,3
DA:13,7
DA:15,25
DA:18,24
DA:19,24
DA:21,24
DA:22,24
DA:23,24
DA:24,1
DA:25,1
DA:32,23
DA:33,23
DA:34,21
DA:36,21
DA:37,20
DA:39,21
DA:42,23
DA:46,3
LF:18
LH:18
BRDA:12,0,0,0
BRDA:15,1,0,1
BRDA:15,1,1,24
BRDA:18,2,0,24
BRDA:18,2,1,0
BRDA:23,3,0,1
BRDA:23,3,1,23
BRDA:36,4,0,20
BRDA:36,4,1,1
BRDA:36,5,0,21
BRDA:36,5,1,21
BRF:11
BRH:9
end_of_record
TN:
SF:src\middleware\errorHandler.js
FN:4,(anonymous_0)
FN:82,(anonymous_1)
FNF:2
FNH:0
FNDA:0,(anonymous_0)
FNDA:0,(anonymous_1)
DA:1,0
DA:4,0
DA:5,0
DA:18,0
DA:21,0
DA:22,0
DA:29,0
DA:30,0
DA:36,0
DA:37,0
DA:43,0
DA:44,0
DA:50,0
DA:51,0
DA:58,0
DA:59,0
DA:66,0
DA:67,0
DA:74,0
DA:82,0
DA:83,0
DA:91,0
LF:22
LH:0
BRDA:10,0,0,0
BRDA:10,0,1,0
BRDA:12,1,0,0
BRDA:12,1,1,0
BRDA:14,2,0,0
BRDA:14,2,1,0
BRDA:21,3,0,0
BRDA:21,3,1,0
BRDA:29,4,0,0
BRDA:29,4,1,0
BRDA:36,5,0,0
BRDA:36,5,1,0
BRDA:43,6,0,0
BRDA:43,6,1,0
BRDA:50,7,0,0
BRDA:50,7,1,0
BRDA:58,8,0,0
BRDA:58,8,1,0
BRDA:66,9,0,0
BRDA:66,9,1,0
BRDA:74,10,0,0
BRDA:74,10,1,0
BRDA:76,11,0,0
BRDA:76,11,1,0
BRDA:77,12,0,0
BRDA:77,12,1,0
BRF:26
BRH:0
end_of_record
TN:
SF:src\middleware\sellerAuth.js
FN:1,(anonymous_0)
FNF:1
FNH:0
FNDA:0,(anonymous_0)
DA:1,0
DA:3,0
DA:4,0
DA:5,0
DA:8,0
DA:9,0
DA:11,0
DA:12,0
DA:17,0
DA:21,0
DA:23,0
DA:24,0
DA:25,0
DA:26,0
DA:32,0
DA:36,0
DA:37,0
DA:40,0
DA:42,0
DA:43,0
DA:48,0
LF:21
LH:0
BRDA:8,0,0,0
BRDA:8,0,1,0
BRDA:11,1,0,0
BRDA:11,1,1,0
BRDA:21,2,0,0
BRDA:21,2,1,0
BRDA:21,3,0,0
BRDA:21,3,1,0
BRDA:23,4,0,0
BRDA:23,4,1,0
BRDA:23,5,0,0
BRDA:23,5,1,0
BRDA:25,6,0,0
BRDA:25,6,1,0
BRDA:42,7,0,0
BRDA:42,7,1,0
BRF:16
BRH:0
end_of_record
TN:
SF:src\models\Booking.js
FNF:0
FNH:0
DA:1,1
DA:3,1
DA:12,1
DA:14,1
LF:4
LH:4
BRF:0
BRH:0
end_of_record
TN:
SF:src\models\Service.js
FNF:0
FNH:0
DA:1,0
DA:3,0
DA:49,0
DA:50,0
DA:51,0
DA:53,0
LF:6
LH:0
BRF:0
BRH:0
end_of_record
TN:
SF:src\models\availability.js
FN:23,(anonymous_0)
FN:26,(anonymous_1)
FN:28,(anonymous_2)
FN:35,(anonymous_3)
FN:39,(anonymous_4)
FN:41,(anonymous_5)
FN:50,(anonymous_6)
FN:53,(anonymous_7)
FN:71,(anonymous_8)
FN:77,(anonymous_9)
FN:78,(anonymous_10)
FN:85,(anonymous_11)
FN:90,(anonymous_12)
FN:94,(anonymous_13)
FN:95,(anonymous_14)
FNF:15
FNH:0
FNDA:0,(anonymous_0)
FNDA:0,(anonymous_1)
FNDA:0,(anonymous_2)
FNDA:0,(anonymous_3)
FNDA:0,(anonymous_4)
FNDA:0,(anonymous_5)
FNDA:0,(anonymous_6)
FNDA:0,(anonymous_7)
FNDA:0,(anonymous_8)
FNDA:0,(anonymous_9)
FNDA:0,(anonymous_10)
FNDA:0,(anonymous_11)
FNDA:0,(anonymous_12)
FNDA:0,(anonymous_13)
FNDA:0,(anonymous_14)
DA:1,0
DA:3,0
DA:24,0
DA:26,0
DA:29,0
DA:36,0
DA:37,0
DA:39,0
DA:42,0
DA:51,0
DA:53,0
DA:67,0
DA:68,0
DA:71,0
DA:72,0
DA:73,0
DA:77,0
DA:78,0
DA:85,0
DA:86,0
DA:90,0
DA:94,0
DA:95,0
DA:110,0
LF:24
LH:0
BRDA:36,0,0,0
BRDA:36,0,1,0
BRDA:78,1,0,0
BRDA:78,1,1,0
BRDA:93,2,0,0
BRDA:93,2,1,0
BRDA:94,3,0,0
BRDA:94,3,1,0
BRF:8
BRH:0
end_of_record
TN:
SF:src\models\cart.js
FN:44,(anonymous_0)
FNF:1
FNH:0
FNDA:0,(anonymous_0)
DA:1,0
DA:3,0
DA:4,0
DA:6,0
DA:41,0
DA:44,0
DA:45,0
DA:46,0
DA:49,0
DA:51,0
LF:10
LH:0
BRF:0
BRH:0
end_of_record
TN:
SF:src\models\chat.js
FNF:0
FNH:0
DA:1,0
DA:3,0
DA:24,0
DA:55,0
DA:56,0
DA:57,0
DA:58,0
DA:60,0
LF:8
LH:0
BRF:0
BRH:0
end_of_record
TN:
SF:src\models\event.js
FN:25,(anonymous_0)
FN:35,(anonymous_1)
FN:45,(anonymous_2)
FN:125,(anonymous_3)
FN:132,(anonymous_4)
FN:142,(anonymous_5)
FN:147,(anonymous_6)
FN:157,(anonymous_7)
FN:158,(anonymous_8)
FN:162,(anonymous_9)
FNF:10
FNH:0
FNDA:0,(anonymous_0)
FNDA:0,(anonymous_1)
FNDA:0,(anonymous_2)
FNDA:0,(anonymous_3)
FNDA:0,(anonymous_4)
FNDA:0,(anonymous_5)
FNDA:0,(anonymous_6)
FNDA:0,(anonymous_7)
FNDA:0,(anonymous_8)
FNDA:0,(anonymous_9)
DA:1,1
DA:2,1
DA:4,1
DA:26,0
DA:36,0
DA:46,0
DA:125,0
DA:132,0
DA:142,1
DA:143,0
DA:147,1
DA:148,0
DA:152,1
DA:153,1
DA:154,1
DA:157,1
DA:158,0
DA:162,1
DA:163,0
DA:169,1
LF:20
LH:11
BRF:0
BRH:0
end_of_record
TN:
SF:src\models\fileSchema.js
FNF:0
FNH:0
DA:1,1
DA:3,1
DA:24,1
LF:3
LH:3
BRF:0
BRH:0
end_of_record
TN:
SF:src\models\foundClaim.js
FN:71,(anonymous_0)
FN:79,arrayLimit
FNF:2
FNH:0
FNDA:0,(anonymous_0)
FNDA:0,arrayLimit
DA:1,0
DA:2,0
DA:4,0
DA:72,0
DA:80,0
DA:84,0
DA:85,0
DA:86,0
DA:89,0
DA:91,0
LF:10
LH:0
BRDA:80,0,0,0
BRDA:80,0,1,0
BRF:2
BRH:0
end_of_record
TN:
SF:src\models\inquiry.js
FNF:0
FNH:0
DA:1,0
DA:3,0
DA:24,0
DA:55,0
DA:56,0
DA:57,0
DA:59,0
DA:61,0
LF:8
LH:0
BRF:0
BRH:0
end_of_record
TN:
SF:src\models\lostPet.js
FN:156,arrayLimit
FNF:1
FNH:0
FNDA:0,arrayLimit
DA:1,0
DA:2,0
DA:4,0
DA:157,0
DA:161,0
DA:164,0
DA:165,0
DA:166,0
DA:168,0
LF:9
LH:0
BRDA:157,0,0,0
BRDA:157,0,1,0
BRF:2
BRH:0
end_of_record
TN:
SF:src\models\order.js
FN:126,(anonymous_0)
FN:135,(anonymous_1)
FN:147,(anonymous_2)
FNF:3
FNH:0
FNDA:0,(anonymous_0)
FNDA:0,(anonymous_1)
FNDA:0,(anonymous_2)
DA:1,1
DA:3,1
DA:121,1
DA:122,1
DA:123,1
DA:124,1
DA:126,1
DA:127,0
DA:128,0
DA:129,0
DA:131,0
DA:135,1
DA:136,0
DA:139,0
DA:140,0
DA:143,0
DA:147,1
DA:148,0
DA:149,0
DA:157,0
DA:160,1
LF:21
LH:10
BRDA:127,0,0,0
BRDA:127,0,1,0
BRDA:139,1,0,0
BRDA:139,1,1,0
BRDA:148,2,0,0
BRDA:148,2,1,0
BRDA:148,3,0,0
BRDA:148,3,1,0
BRDA:148,3,2,0
BRDA:150,4,0,0
BRDA:150,4,1,0
BRF:11
BRH:0
end_of_record
TN:
SF:src\models\otp.js
FNF:0
FNH:0
DA:1,0
DA:3,0
DA:34,0
DA:36,0
DA:38,0
LF:5
LH:0
BRF:0
BRH:0
end_of_record
TN:
SF:src\models\paymentIntent.js
FNF:0
FNH:0
DA:1,0
DA:3,0
DA:54,0
LF:3
LH:0
BRF:0
BRH:0
end_of_record
TN:
SF:src\models\petMate.js
FNF:0
FNH:0
DA:1,0
DA:2,0
DA:4,0
DA:93,0
DA:102,0
DA:103,0
DA:104,0
DA:106,0
LF:8
LH:0
BRF:0
BRH:0
end_of_record
TN:
SF:src\models\pets.js
FN:85,arrayLimit
FNF:1
FNH:0
FNDA:0,arrayLimit
DA:1,0
DA:2,0
DA:4,0
DA:79,0
DA:80,0
DA:81,0
DA:82,0
DA:83,0
DA:86,0
DA:88,0
LF:10
LH:0
BRDA:86,0,0,0
BRDA:86,0,1,0
BRF:2
BRH:0
end_of_record
TN:
SF:src\models\products.js
FN:98,arrayLimit
FNF:1
FNH:0
FNDA:0,arrayLimit
DA:1,0
DA:2,0
DA:4,0
DA:92,0
DA:93,0
DA:94,0
DA:95,0
DA:96,0
DA:99,0
DA:102,0
LF:10
LH:0
BRF:0
BRH:0
end_of_record
TN:
SF:src\models\reviews.js
FN:36,(anonymous_0)
FN:42,(anonymous_1)
FN:48,(anonymous_2)
FNF:3
FNH:0
FNDA:0,(anonymous_0)
FNDA:0,(anonymous_1)
FNDA:0,(anonymous_2)
DA:1,0
DA:3,0
DA:34,0
DA:36,0
DA:37,0
DA:38,0
DA:42,0
DA:43,0
DA:44,0
DA:48,0
DA:49,0
DA:65,0
DA:70,0
DA:77,0
LF:14
LH:0
BRDA:37,0,0,0
BRDA:37,0,1,0
BRDA:43,1,0,0
BRDA:43,1,1,0
BRDA:66,2,0,0
BRDA:66,2,1,0
BRDA:67,3,0,0
BRDA:67,3,1,0
BRF:8
BRH:0
end_of_record
TN:
SF:src\models\seller.js
FN:21,(anonymous_0)
FN:34,(anonymous_1)
FN:44,(anonymous_2)
FNF:3
FNH:0
FNDA:0,(anonymous_0)
FNDA:0,(anonymous_1)
FNDA:0,(anonymous_2)
DA:1,0
DA:2,0
DA:3,0
DA:5,0
DA:22,0
DA:34,0
DA:35,0
DA:36,0
DA:39,0
DA:44,0
DA:45,0
DA:48,0
LF:12
LH:0
BRDA:22,0,0,0
BRDA:22,0,1,0
BRF:2
BRH:0
end_of_record
TN:
SF:src\models\serviceProvider.js
FN:22,(anonymous_0)
FNF:1
FNH:0
FNDA:0,(anonymous_0)
DA:1,0
DA:2,0
DA:3,0
DA:5,0
DA:22,0
DA:23,0
DA:24,0
DA:28,0
LF:8
LH:0
BRF:0
BRH:0
end_of_record
TN:
SF:src\models\transaction.js
FNF:0
FNH:0
DA:1,0
DA:3,0
DA:34,0
DA:35,0
DA:36,0
DA:38,0
LF:6
LH:0
BRF:0
BRH:0
end_of_record
TN:
SF:src\models\users.js
FN:10,(anonymous_0)
FN:27,(anonymous_1)
FN:43,(anonymous_2)
FN:82,(anonymous_3)
FN:93,(anonymous_4)
FNF:5
FNH:0
FNDA:0,(anonymous_0)
FNDA:0,(anonymous_1)
FNDA:0,(anonymous_2)
FNDA:0,(anonymous_3)
FNDA:0,(anonymous_4)
DA:1,0
DA:2,0
DA:4,0
DA:10,0
DA:27,0
DA:44,0
DA:79,0
DA:82,0
DA:83,0
DA:84,0
DA:85,0
DA:86,0
DA:88,0
DA:93,0
DA:94,0
DA:95,0
DA:97,0
DA:98,0
DA:102,0
LF:19
LH:0
BRDA:83,0,0,0
BRDA:83,0,1,0
BRF:2
BRH:0
end_of_record
TN:
SF:src\models\wallet.js
FN:23,(anonymous_0)
FN:37,(anonymous_1)
FNF:2
FNH:0
FNDA:0,(anonymous_0)
FNDA:0,(anonymous_1)
DA:2,0
DA:4,0
DA:23,0
DA:24,0
DA:26,0
DA:32,0
DA:33,0
DA:37,0
DA:38,0
DA:40,0
DA:48,0
DA:49,0
DA:50,0
DA:53,0
LF:14
LH:0
BRDA:24,0,0,0
BRDA:24,0,1,0
BRDA:38,1,0,0
BRDA:38,1,1,0
BRDA:48,2,0,0
BRDA:48,2,1,0
BRF:6
BRH:0
end_of_record
TN:
SF:src\routes\admin.routes.js
FN:36,(anonymous_0)
FN:56,(anonymous_1)
FN:121,(anonymous_2)
FN:122,(anonymous_3)
FN:123,(anonymous_4)
FN:124,(anonymous_5)
FN:137,(anonymous_6)
FN:138,(anonymous_7)
FN:139,(anonymous_8)
FN:140,(anonymous_9)
FN:152,(anonymous_10)
FN:170,(anonymous_11)
FN:171,(anonymous_12)
FN:172,(anonymous_13)
FN:295,generateApplicationsFromUsers
FN:333,generateUserGrowthFromDb
FN:342,(anonymous_16)
FN:374,generateProductCategoriesData
FN:378,(anonymous_18)
FN:395,generateMonthlyRevenue
FN:405,(anonymous_20)
FN:449,(anonymous_21)
FN:508,(anonymous_22)
FN:580,(anonymous_23)
FN:650,(anonymous_24)
FN:731,(anonymous_25)
FN:984,(anonymous_26)
FN:1019,(anonymous_27)
FN:1049,(anonymous_28)
FN:1054,(anonymous_29)
FN:1113,(anonymous_30)
FN:1182,(anonymous_31)
FN:1236,(anonymous_32)
FN:1283,(anonymous_33)
FN:1325,(anonymous_34)
FN:1379,(anonymous_35)
FN:1426,(anonymous_36)
FN:1468,(anonymous_37)
FN:1522,(anonymous_38)
FN:1569,(anonymous_39)
FN:1611,(anonymous_40)
FN:1646,(anonymous_41)
FN:1661,(anonymous_42)
FN:1669,(anonymous_43)
FN:1670,(anonymous_44)
FN:1686,(anonymous_45)
FN:1688,(anonymous_46)
FN:1703,(anonymous_47)
FN:1712,(anonymous_48)
FN:1717,(anonymous_49)
FN:1733,(anonymous_50)
FN:1735,(anonymous_51)
FN:1750,(anonymous_52)
FN:1751,(anonymous_53)
FN:1770,(anonymous_54)
FN:1772,(anonymous_55)
FN:1785,(anonymous_56)
FN:1801,(anonymous_57)
FN:1817,(anonymous_58)
FN:1819,(anonymous_59)
FN:1830,(anonymous_60)
FN:1835,(anonymous_61)
FN:1837,(anonymous_62)
FN:1838,(anonymous_63)
FN:1846,(anonymous_64)
FN:1853,(anonymous_65)
FN:1860,(anonymous_66)
FN:1937,getRevenueByMonth
FN:1942,(anonymous_68)
FN:1967,getRevenueByMonthFromOrders
FN:1972,(anonymous_70)
FNF:71
FNH:0
FNDA:0,(anonymous_0)
FNDA:0,(anonymous_1)
FNDA:0,(anonymous_2)
FNDA:0,(anonymous_3)
FNDA:0,(anonymous_4)
FNDA:0,(anonymous_5)
FNDA:0,(anonymous_6)
FNDA:0,(anonymous_7)
FNDA:0,(anonymous_8)
FNDA:0,(anonymous_9)
FNDA:0,(anonymous_10)
FNDA:0,(anonymous_11)
FNDA:0,(anonymous_12)
FNDA:0,(anonymous_13)
FNDA:0,generateApplicationsFromUsers
FNDA:0,generateUserGrowthFromDb
FNDA:0,(anonymous_16)
FNDA:0,generateProductCategoriesData
FNDA:0,(anonymous_18)
FNDA:0,generateMonthlyRevenue
FNDA:0,(anonymous_20)
FNDA:0,(anonymous_21)
FNDA:0,(anonymous_22)
FNDA:0,(anonymous_23)
FNDA:0,(anonymous_24)
FNDA:0,(anonymous_25)
FNDA:0,(anonymous_26)
FNDA:0,(anonymous_27)
FNDA:0,(anonymous_28)
FNDA:0,(anonymous_29)
FNDA:0,(anonymous_30)
FNDA:0,(anonymous_31)
FNDA:0,(anonymous_32)
FNDA:0,(anonymous_33)
FNDA:0,(anonymous_34)
FNDA:0,(anonymous_35)
FNDA:0,(anonymous_36)
FNDA:0,(anonymous_37)
FNDA:0,(anonymous_38)
FNDA:0,(anonymous_39)
FNDA:0,(anonymous_40)
FNDA:0,(anonymous_41)
FNDA:0,(anonymous_42)
FNDA:0,(anonymous_43)
FNDA:0,(anonymous_44)
FNDA:0,(anonymous_45)
FNDA:0,(anonymous_46)
FNDA:0,(anonymous_47)
FNDA:0,(anonymous_48)
FNDA:0,(anonymous_49)
FNDA:0,(anonymous_50)
FNDA:0,(anonymous_51)
FNDA:0,(anonymous_52)
FNDA:0,(anonymous_53)
FNDA:0,(anonymous_54)
FNDA:0,(anonymous_55)
FNDA:0,(anonymous_56)
FNDA:0,(anonymous_57)
FNDA:0,(anonymous_58)
FNDA:0,(anonymous_59)
FNDA:0,(anonymous_60)
FNDA:0,(anonymous_61)
FNDA:0,(anonymous_62)
FNDA:0,(anonymous_63)
FNDA:0,(anonymous_64)
FNDA:0,(anonymous_65)
FNDA:0,(anonymous_66)
FNDA:0,getRevenueByMonth
FNDA:0,(anonymous_68)
FNDA:0,getRevenueByMonthFromOrders
FNDA:0,(anonymous_70)
DA:1,0
DA:2,0
DA:3,0
DA:4,0
DA:5,0
DA:6,0
DA:7,0
DA:8,0
DA:9,0
DA:10,0
DA:11,0
DA:36,0
DA:37,0
DA:38,0
DA:41,0
DA:44,0
DA:45,0
DA:46,0
DA:47,0
DA:50,0
DA:51,0
DA:54,0
DA:55,0
DA:56,0
DA:57,0
DA:59,0
DA:62,0
DA:67,0
DA:72,0
DA:73,0
DA:76,0
DA:80,0
DA:84,0
DA:86,0
DA:87,0
DA:88,0
DA:89,0
DA:90,0
DA:101,0
DA:106,0
DA:111,0
DA:114,0
DA:115,0
DA:116,0
DA:117,0
DA:118,0
DA:119,0
DA:120,0
DA:121,0
DA:122,0
DA:123,0
DA:124,0
DA:126,0
DA:130,0
DA:131,0
DA:132,0
DA:133,0
DA:134,0
DA:135,0
DA:136,0
DA:137,0
DA:138,0
DA:139,0
DA:140,0
DA:142,0
DA:146,0
DA:147,0
DA:148,0
DA:149,0
DA:150,0
DA:151,0
DA:152,0
DA:170,0
DA:171,0
DA:172,0
DA:174,0
DA:178,0
DA:181,0
DA:184,0
DA:187,0
DA:188,0
DA:196,0
DA:197,0
DA:200,0
DA:208,0
DA:216,0
DA:220,0
DA:228,0
DA:231,0
DA:282,0
DA:283,0
DA:285,0
DA:286,0
DA:296,0
DA:298,0
DA:301,0
DA:302,0
DA:303,0
DA:304,0
DA:305,0
DA:306,0
DA:307,0
DA:308,0
DA:311,0
DA:329,0
DA:334,0
DA:335,0
DA:336,0
DA:339,0
DA:342,0
DA:343,0
DA:344,0
DA:345,0
DA:348,0
DA:349,0
DA:350,0
DA:355,0
DA:356,0
DA:357,0
DA:360,0
DA:361,0
DA:362,0
DA:363,0
DA:364,0
DA:367,0
DA:375,0
DA:378,0
DA:379,0
DA:380,0
DA:383,0
DA:384,0
DA:385,0
DA:386,0
DA:389,0
DA:390,0
DA:392,0
DA:396,0
DA:397,0
DA:398,0
DA:400,0
DA:402,0
DA:403,0
DA:405,0
DA:406,0
DA:407,0
DA:408,0
DA:411,0
DA:412,0
DA:413,0
DA:417,0
DA:421,0
DA:422,0
DA:423,0
DA:426,0
DA:449,0
DA:450,0
DA:451,0
DA:452,0
DA:457,0
DA:458,0
DA:508,0
DA:509,0
DA:510,0
DA:513,0
DA:514,0
DA:515,0
DA:516,0
DA:521,0
DA:522,0
DA:523,0
DA:524,0
DA:525,0
DA:526,0
DA:527,0
DA:532,0
DA:533,0
DA:534,0
DA:536,0
DA:542,0
DA:543,0
DA:580,0
DA:581,0
DA:582,0
DA:583,0
DA:584,0
DA:590,0
DA:591,0
DA:592,0
DA:593,0
DA:594,0
DA:595,0
DA:596,0
DA:598,0
DA:604,0
DA:605,0
DA:650,0
DA:651,0
DA:652,0
DA:653,0
DA:654,0
DA:661,0
DA:662,0
DA:665,0
DA:666,0
DA:667,0
DA:668,0
DA:670,0
DA:676,0
DA:677,0
DA:731,0
DA:732,0
DA:733,0
DA:734,0
DA:736,0
DA:738,0
DA:739,0
DA:740,0
DA:747,0
DA:748,0
DA:749,0
DA:751,0
DA:752,0
DA:753,0
DA:759,0
DA:762,0
DA:763,0
DA:764,0
DA:772,0
DA:773,0
DA:774,0
DA:781,0
DA:782,0
DA:785,0
DA:786,0
DA:788,0
DA:790,0
DA:791,0
DA:793,0
DA:800,0
DA:802,0
DA:814,0
DA:815,0
DA:816,0
DA:817,0
DA:819,0
DA:820,0
DA:822,0
DA:829,0
DA:831,0
DA:843,0
DA:844,0
DA:846,0
DA:847,0
DA:853,0
DA:854,0
DA:860,0
DA:861,0
DA:862,0
DA:865,0
DA:866,0
DA:869,0
DA:870,0
DA:871,0
DA:874,0
DA:882,0
DA:883,0
DA:890,0
DA:891,0
DA:892,0
DA:893,0
DA:894,0
DA:896,0
DA:901,0
DA:910,0
DA:911,0
DA:915,0
DA:918,0
DA:919,0
DA:921,0
DA:928,0
DA:930,0
DA:931,0
DA:943,0
DA:944,0
DA:984,0
DA:986,0
DA:987,0
DA:1019,0
DA:1020,0
DA:1021,0
DA:1027,0
DA:1028,0
DA:1034,0
DA:1049,0
DA:1055,0
DA:1072,0
DA:1079,0
DA:1080,0
DA:1113,0
DA:1114,0
DA:1115,0
DA:1116,0
DA:1117,0
DA:1126,0
DA:1127,0
DA:1128,0
DA:1129,0
DA:1130,0
DA:1131,0
DA:1133,0
DA:1139,0
DA:1140,0
DA:1142,0
DA:1143,0
DA:1182,0
DA:1183,0
DA:1184,0
DA:1185,0
DA:1186,0
DA:1187,0
DA:1189,0
DA:1190,0
DA:1191,0
DA:1192,0
DA:1193,0
DA:1195,0
DA:1236,0
DA:1237,0
DA:1238,0
DA:1239,0
DA:1240,0
DA:1241,0
DA:1243,0
DA:1244,0
DA:1245,0
DA:1246,0
DA:1247,0
DA:1248,0
DA:1250,0
DA:1283,0
DA:1284,0
DA:1285,0
DA:1286,0
DA:1287,0
DA:1288,0
DA:1290,0
DA:1292,0
DA:1325,0
DA:1326,0
DA:1327,0
DA:1328,0
DA:1329,0
DA:1330,0
DA:1332,0
DA:1333,0
DA:1334,0
DA:1335,0
DA:1336,0
DA:1338,0
DA:1379,0
DA:1380,0
DA:1381,0
DA:1382,0
DA:1383,0
DA:1384,0
DA:1386,0
DA:1387,0
DA:1388,0
DA:1389,0
DA:1390,0
DA:1391,0
DA:1393,0
DA:1426,0
DA:1427,0
DA:1428,0
DA:1429,0
DA:1430,0
DA:1431,0
DA:1433,0
DA:1435,0
DA:1468,0
DA:1469,0
DA:1470,0
DA:1471,0
DA:1472,0
DA:1473,0
DA:1475,0
DA:1476,0
DA:1477,0
DA:1478,0
DA:1479,0
DA:1481,0
DA:1522,0
DA:1523,0
DA:1524,0
DA:1525,0
DA:1526,0
DA:1527,0
DA:1529,0
DA:1530,0
DA:1531,0
DA:1532,0
DA:1533,0
DA:1534,0
DA:1536,0
DA:1569,0
DA:1570,0
DA:1571,0
DA:1572,0
DA:1573,0
DA:1574,0
DA:1576,0
DA:1578,0
DA:1611,0
DA:1612,0
DA:1613,0
DA:1614,0
DA:1615,0
DA:1617,0
DA:1619,0
DA:1646,0
DA:1647,0
DA:1648,0
DA:1651,0
DA:1652,0
DA:1653,0
DA:1654,0
DA:1657,0
DA:1661,0
DA:1663,0
DA:1664,0
DA:1667,0
DA:1668,0
DA:1669,0
DA:1671,0
DA:1672,0
DA:1673,0
DA:1674,0
DA:1680,0
DA:1681,0
DA:1685,0
DA:1686,0
DA:1688,0
DA:1697,0
DA:1700,0
DA:1701,0
DA:1702,0
DA:1703,0
DA:1704,0
DA:1705,0
DA:1709,0
DA:1712,0
DA:1713,0
DA:1716,0
DA:1717,0
DA:1718,0
DA:1719,0
DA:1720,0
DA:1721,0
DA:1727,0
DA:1728,0
DA:1732,0
DA:1733,0
DA:1735,0
DA:1745,0
DA:1749,0
DA:1750,0
DA:1751,0
DA:1752,0
DA:1753,0
DA:1754,0
DA:1755,0
DA:1762,0
DA:1763,0
DA:1764,0
DA:1769,0
DA:1770,0
DA:1772,0
DA:1784,0
DA:1785,0
DA:1786,0
DA:1787,0
DA:1788,0
DA:1794,0
DA:1795,0
DA:1796,0
DA:1800,0
DA:1801,0
DA:1802,0
DA:1803,0
DA:1804,0
DA:1805,0
DA:1811,0
DA:1812,0
DA:1816,0
DA:1817,0
DA:1819,0
DA:1829,0
DA:1830,0
DA:1831,0
DA:1834,0
DA:1835,0
DA:1837,0
DA:1838,0
DA:1841,0
DA:1842,0
DA:1845,0
DA:1846,0
DA:1849,0
DA:1852,0
DA:1853,0
DA:1854,0
DA:1855,0
DA:1859,0
DA:1860,0
DA:1861,0
DA:1862,0
DA:1866,0
DA:1927,0
DA:1928,0
DA:1938,0
DA:1939,0
DA:1940,0
DA:1942,0
DA:1943,0
DA:1944,0
DA:1945,0
DA:1948,0
DA:1949,0
DA:1950,0
DA:1955,0
DA:1956,0
DA:1957,0
DA:1960,0
DA:1968,0
DA:1969,0
DA:1970,0
DA:1972,0
DA:1973,0
DA:1974,0
DA:1975,0
DA:1978,0
DA:1979,0
DA:1980,0
DA:1985,0
DA:1986,0
DA:1987,0
DA:1990,0
DA:1996,0
LF:549
LH:0
BRDA:89,0,0,0
BRDA:89,0,1,0
BRDA:122,1,0,0
BRDA:122,1,1,0
BRDA:124,2,0,0
BRDA:124,2,1,0
BRDA:138,3,0,0
BRDA:138,3,1,0
BRDA:140,4,0,0
BRDA:140,4,1,0
BRDA:154,5,0,0
BRDA:154,5,1,0
BRDA:154,5,2,0
BRDA:155,6,0,0
BRDA:155,6,1,0
BRDA:155,7,0,0
BRDA:155,7,1,0
BRDA:158,8,0,0
BRDA:158,8,1,0
BRDA:165,9,0,0
BRDA:165,9,1,0
BRDA:170,10,0,0
BRDA:170,10,1,0
BRDA:172,11,0,0
BRDA:172,11,1,0
BRDA:225,12,0,0
BRDA:225,12,1,0
BRDA:225,12,2,0
BRDA:301,13,0,0
BRDA:301,13,1,0
BRDA:303,14,0,0
BRDA:303,14,1,0
BRDA:305,15,0,0
BRDA:305,15,1,0
BRDA:307,16,0,0
BRDA:307,16,1,0
BRDA:316,17,0,0
BRDA:316,17,1,0
BRDA:318,18,0,0
BRDA:318,18,1,0
BRDA:321,19,0,0
BRDA:321,19,1,0
BRDA:321,19,2,0
BRDA:348,20,0,0
BRDA:348,20,1,0
BRDA:348,21,0,0
BRDA:348,21,1,0
BRDA:348,21,2,0
BRDA:379,22,0,0
BRDA:379,22,1,0
BRDA:380,23,0,0
BRDA:380,23,1,0
BRDA:383,24,0,0
BRDA:383,24,1,0
BRDA:384,25,0,0
BRDA:384,25,1,0
BRDA:385,26,0,0
BRDA:385,26,1,0
BRDA:386,27,0,0
BRDA:386,27,1,0
BRDA:411,28,0,0
BRDA:411,28,1,0
BRDA:411,29,0,0
BRDA:411,29,1,0
BRDA:411,29,2,0
BRDA:513,30,0,0
BRDA:513,30,1,0
BRDA:515,31,0,0
BRDA:515,31,1,0
BRDA:515,32,0,0
BRDA:515,32,1,0
BRDA:515,32,2,0
BRDA:521,33,0,0
BRDA:521,33,1,0
BRDA:524,34,0,0
BRDA:524,34,1,0
BRDA:526,35,0,0
BRDA:526,35,1,0
BRDA:526,36,0,0
BRDA:526,36,1,0
BRDA:526,36,2,0
BRDA:532,37,0,0
BRDA:532,37,1,0
BRDA:583,38,0,0
BRDA:583,38,1,0
BRDA:653,39,0,0
BRDA:653,39,1,0
BRDA:661,40,0,0
BRDA:661,40,1,0
BRDA:739,41,0,0
BRDA:739,41,1,0
BRDA:752,42,0,0
BRDA:752,42,1,0
BRDA:762,43,0,0
BRDA:762,43,1,0
BRDA:762,44,0,0
BRDA:762,44,1,0
BRDA:772,45,0,0
BRDA:772,45,1,0
BRDA:772,46,0,0
BRDA:772,46,1,0
BRDA:772,46,2,0
BRDA:781,47,0,0
BRDA:781,47,1,0
BRDA:781,48,0,0
BRDA:781,48,1,0
BRDA:785,49,0,0
BRDA:785,49,1,0
BRDA:790,50,0,0
BRDA:790,50,1,0
BRDA:814,51,0,0
BRDA:814,51,1,0
BRDA:814,52,0,0
BRDA:814,52,1,0
BRDA:819,53,0,0
BRDA:819,53,1,0
BRDA:846,54,0,0
BRDA:846,54,1,0
BRDA:853,55,0,0
BRDA:853,55,1,0
BRDA:891,56,0,0
BRDA:891,56,1,0
BRDA:918,57,0,0
BRDA:918,57,1,0
BRDA:1027,58,0,0
BRDA:1027,58,1,0
BRDA:1036,59,0,0
BRDA:1036,59,1,0
BRDA:1039,60,0,0
BRDA:1039,60,1,0
BRDA:1046,61,0,0
BRDA:1046,61,1,0
BRDA:1046,61,2,0
BRDA:1052,62,0,0
BRDA:1052,62,1,0
BRDA:1052,62,2,0
BRDA:1054,63,0,0
BRDA:1054,63,1,0
BRDA:1062,64,0,0
BRDA:1062,64,1,0
BRDA:1063,65,0,0
BRDA:1063,65,1,0
BRDA:1064,66,0,0
BRDA:1064,66,1,0
BRDA:1065,67,0,0
BRDA:1065,67,1,0
BRDA:1066,68,0,0
BRDA:1066,68,1,0
BRDA:1069,69,0,0
BRDA:1069,69,1,0
BRDA:1116,70,0,0
BRDA:1116,70,1,0
BRDA:1126,71,0,0
BRDA:1126,71,1,0
BRDA:1126,72,0,0
BRDA:1126,72,1,0
BRDA:1129,73,0,0
BRDA:1129,73,1,0
BRDA:1129,74,0,0
BRDA:1129,74,1,0
BRDA:1186,75,0,0
BRDA:1186,75,1,0
BRDA:1240,76,0,0
BRDA:1240,76,1,0
BRDA:1244,77,0,0
BRDA:1244,77,1,0
BRDA:1287,78,0,0
BRDA:1287,78,1,0
BRDA:1329,79,0,0
BRDA:1329,79,1,0
BRDA:1383,80,0,0
BRDA:1383,80,1,0
BRDA:1387,81,0,0
BRDA:1387,81,1,0
BRDA:1430,82,0,0
BRDA:1430,82,1,0
BRDA:1472,83,0,0
BRDA:1472,83,1,0
BRDA:1526,84,0,0
BRDA:1526,84,1,0
BRDA:1530,85,0,0
BRDA:1530,85,1,0
BRDA:1573,86,0,0
BRDA:1573,86,1,0
BRDA:1614,87,0,0
BRDA:1614,87,1,0
BRDA:1672,88,0,0
BRDA:1672,88,1,0
BRDA:1673,89,0,0
BRDA:1673,89,1,0
BRDA:1704,90,0,0
BRDA:1704,90,1,0
BRDA:1705,91,0,0
BRDA:1705,91,1,0
BRDA:1719,92,0,0
BRDA:1719,92,1,0
BRDA:1720,93,0,0
BRDA:1720,93,1,0
BRDA:1741,94,0,0
BRDA:1741,94,1,0
BRDA:1753,95,0,0
BRDA:1753,95,1,0
BRDA:1753,96,0,0
BRDA:1753,96,1,0
BRDA:1754,97,0,0
BRDA:1754,97,1,0
BRDA:1780,98,0,0
BRDA:1780,98,1,0
BRDA:1786,99,0,0
BRDA:1786,99,1,0
BRDA:1787,100,0,0
BRDA:1787,100,1,0
BRDA:1803,101,0,0
BRDA:1803,101,1,0
BRDA:1804,102,0,0
BRDA:1804,102,1,0
BRDA:1825,103,0,0
BRDA:1825,103,1,0
BRDA:1854,104,0,0
BRDA:1854,104,1,0
BRDA:1855,105,0,0
BRDA:1855,105,1,0
BRDA:1861,106,0,0
BRDA:1861,106,1,0
BRDA:1862,107,0,0
BRDA:1862,107,1,0
BRDA:1885,108,0,0
BRDA:1885,108,1,0
BRDA:1899,109,0,0
BRDA:1899,109,1,0
BRDA:1911,110,0,0
BRDA:1911,110,1,0
BRDA:1918,111,0,0
BRDA:1918,111,1,0
BRDA:1948,112,0,0
BRDA:1948,112,1,0
BRDA:1948,113,0,0
BRDA:1948,113,1,0
BRDA:1948,113,2,0
BRDA:1978,114,0,0
BRDA:1978,114,1,0
BRDA:1978,115,0,0
BRDA:1978,115,1,0
BRDA:1978,115,2,0
BRF:244
BRH:0
end_of_record
TN:
SF:src\routes\apiRoutes.js
FN:25,(anonymous_0)
FN:33,(anonymous_1)
FN:62,(anonymous_2)
FN:70,(anonymous_3)
FN:105,(anonymous_4)
FN:143,(anonymous_5)
FN:149,(anonymous_6)
FN:189,(anonymous_7)
FN:225,(anonymous_8)
FN:231,(anonymous_9)
FN:272,(anonymous_10)
FN:331,(anonymous_11)
FN:374,(anonymous_12)
FN:379,(anonymous_13)
FN:425,(anonymous_14)
FN:491,(anonymous_15)
FNF:16
FNH:0
FNDA:0,(anonymous_0)
FNDA:0,(anonymous_1)
FNDA:0,(anonymous_2)
FNDA:0,(anonymous_3)
FNDA:0,(anonymous_4)
FNDA:0,(anonymous_5)
FNDA:0,(anonymous_6)
FNDA:0,(anonymous_7)
FNDA:0,(anonymous_8)
FNDA:0,(anonymous_9)
FNDA:0,(anonymous_10)
FNDA:0,(anonymous_11)
FNDA:0,(anonymous_12)
FNDA:0,(anonymous_13)
FNDA:0,(anonymous_14)
FNDA:0,(anonymous_15)
DA:1,0
DA:2,0
DA:4,0
DA:5,0
DA:6,0
DA:7,0
DA:25,0
DA:26,0
DA:27,0
DA:33,0
DA:38,0
DA:39,0
DA:41,0
DA:42,0
DA:62,0
DA:63,0
DA:64,0
DA:70,0
DA:75,0
DA:76,0
DA:78,0
DA:79,0
DA:105,0
DA:106,0
DA:107,0
DA:122,0
DA:143,0
DA:144,0
DA:145,0
DA:149,0
DA:154,0
DA:155,0
DA:157,0
DA:158,0
DA:189,0
DA:190,0
DA:191,0
DA:194,0
DA:195,0
DA:197,0
DA:198,0
DA:206,0
DA:207,0
DA:225,0
DA:226,0
DA:227,0
DA:231,0
DA:236,0
DA:237,0
DA:238,0
DA:240,0
DA:241,0
DA:272,0
DA:273,0
DA:274,0
DA:277,0
DA:278,0
DA:280,0
DA:281,0
DA:288,0
DA:289,0
DA:331,0
DA:332,0
DA:333,0
DA:334,0
DA:335,0
DA:338,0
DA:340,0
DA:374,0
DA:379,0
DA:384,0
DA:385,0
DA:387,0
DA:388,0
DA:425,0
DA:426,0
DA:427,0
DA:428,0
DA:429,0
DA:432,0
DA:433,0
DA:434,0
DA:435,0
DA:437,0
DA:438,0
DA:441,0
DA:443,0
DA:444,0
DA:446,0
DA:447,0
DA:449,0
DA:450,0
DA:451,0
DA:453,0
DA:454,0
DA:491,0
DA:492,0
DA:493,0
DA:494,0
DA:495,0
DA:498,0
DA:499,0
DA:500,0
DA:501,0
DA:503,0
DA:504,0
DA:507,0
DA:509,0
DA:510,0
DA:512,0
DA:513,0
DA:515,0
DA:516,0
DA:517,0
DA:519,0
DA:520,0
DA:524,0
LF:117
LH:0
BRDA:33,0,0,0
BRDA:33,0,1,0
BRDA:35,1,0,0
BRDA:35,1,1,0
BRDA:35,2,0,0
BRDA:35,2,1,0
BRDA:70,3,0,0
BRDA:70,3,1,0
BRDA:72,4,0,0
BRDA:72,4,1,0
BRDA:72,5,0,0
BRDA:72,5,1,0
BRDA:106,6,0,0
BRDA:106,6,1,0
BRDA:106,7,0,0
BRDA:106,7,1,0
BRDA:106,7,2,0
BRDA:149,8,0,0
BRDA:149,8,1,0
BRDA:151,9,0,0
BRDA:151,9,1,0
BRDA:151,10,0,0
BRDA:151,10,1,0
BRDA:194,11,0,0
BRDA:194,11,1,0
BRDA:202,12,0,0
BRDA:202,12,1,0
BRDA:202,13,0,0
BRDA:202,13,1,0
BRDA:231,14,0,0
BRDA:231,14,1,0
BRDA:233,15,0,0
BRDA:233,15,1,0
BRDA:233,16,0,0
BRDA:233,16,1,0
BRDA:277,17,0,0
BRDA:277,17,1,0
BRDA:334,18,0,0
BRDA:334,18,1,0
BRDA:374,19,0,0
BRDA:374,19,1,0
BRDA:376,20,0,0
BRDA:376,20,1,0
BRDA:376,21,0,0
BRDA:376,21,1,0
BRDA:379,22,0,0
BRDA:379,22,1,0
BRDA:381,23,0,0
BRDA:381,23,1,0
BRDA:381,24,0,0
BRDA:381,24,1,0
BRDA:428,25,0,0
BRDA:428,25,1,0
BRDA:428,26,0,0
BRDA:428,26,1,0
BRDA:428,26,2,0
BRDA:433,27,0,0
BRDA:433,27,1,0
BRDA:434,28,0,0
BRDA:434,28,1,0
BRDA:434,29,0,0
BRDA:434,29,1,0
BRDA:437,30,0,0
BRDA:437,30,1,0
BRDA:443,31,0,0
BRDA:443,31,1,0
BRDA:446,32,0,0
BRDA:446,32,1,0
BRDA:449,33,0,0
BRDA:449,33,1,0
BRDA:494,34,0,0
BRDA:494,34,1,0
BRDA:494,35,0,0
BRDA:494,35,1,0
BRDA:494,35,2,0
BRDA:499,36,0,0
BRDA:499,36,1,0
BRDA:500,37,0,0
BRDA:500,37,1,0
BRDA:500,38,0,0
BRDA:500,38,1,0
BRDA:503,39,0,0
BRDA:503,39,1,0
BRDA:509,40,0,0
BRDA:509,40,1,0
BRDA:512,41,0,0
BRDA:512,41,1,0
BRDA:515,42,0,0
BRDA:515,42,1,0
BRF:89
BRH:0
end_of_record
TN:
SF:src\routes\auth.routes.js
FN:40,(anonymous_0)
FN:146,(anonymous_1)
FN:236,(anonymous_2)
FN:308,(anonymous_3)
FN:383,(anonymous_4)
FN:457,(anonymous_5)
FN:530,(anonymous_6)
FN:592,(anonymous_7)
FN:656,(anonymous_8)
FN:715,(anonymous_9)
FN:775,(anonymous_10)
FN:784,(anonymous_11)
FN:828,(anonymous_12)
FN:836,(anonymous_13)
FNF:14
FNH:8
FNDA:5,(anonymous_0)
FNDA:1,(anonymous_1)
FNDA:3,(anonymous_2)
FNDA:1,(anonymous_3)
FNDA:1,(anonymous_4)
FNDA:1,(anonymous_5)
FNDA:0,(anonymous_6)
FNDA:0,(anonymous_7)
FNDA:0,(anonymous_8)
FNDA:0,(anonymous_9)
FNDA:1,(anonymous_10)
FNDA:1,(anonymous_11)
FNDA:0,(anonymous_12)
FNDA:0,(anonymous_13)
DA:1,1
DA:2,1
DA:3,1
DA:4,1
DA:5,1
DA:6,1
DA:40,1
DA:41,5
DA:42,5
DA:43,5
DA:45,5
DA:47,3
DA:48,0
DA:49,0
DA:50,0
DA:51,0
DA:53,0
DA:54,0
DA:55,0
DA:56,0
DA:66,3
DA:67,3
DA:88,2
DA:146,1
DA:147,1
DA:149,1
DA:152,1
DA:153,1
DA:157,0
DA:158,0
DA:159,0
DA:161,0
DA:162,0
DA:164,0
DA:165,0
DA:167,0
DA:168,0
DA:170,0
DA:171,0
DA:174,0
DA:193,0
DA:194,0
DA:236,1
DA:237,3
DA:239,3
DA:241,3
DA:242,1
DA:249,2
DA:251,2
DA:257,0
DA:258,0
DA:308,1
DA:309,1
DA:310,1
DA:313,1
DA:314,1
DA:318,0
DA:324,0
DA:325,0
DA:326,0
DA:383,1
DA:384,1
DA:385,1
DA:387,1
DA:388,1
DA:391,0
DA:397,0
DA:398,0
DA:399,0
DA:457,1
DA:458,1
DA:459,1
DA:461,1
DA:462,1
DA:465,0
DA:471,0
DA:472,0
DA:473,0
DA:530,1
DA:531,0
DA:532,0
DA:534,0
DA:535,0
DA:538,0
DA:543,0
DA:544,0
DA:545,0
DA:592,1
DA:593,0
DA:594,0
DA:595,0
DA:601,0
DA:602,0
DA:604,0
DA:605,0
DA:611,0
DA:618,0
DA:619,0
DA:656,1
DA:657,0
DA:658,0
DA:659,0
DA:661,0
DA:668,0
DA:678,0
DA:679,0
DA:715,1
DA:716,0
DA:717,0
DA:718,0
DA:720,0
DA:727,0
DA:737,0
DA:738,0
DA:775,1
DA:777,1
DA:778,1
DA:779,1
DA:781,1
DA:782,1
DA:784,1
DA:785,1
DA:786,0
DA:787,0
DA:794,1
DA:795,1
DA:797,1
DA:828,1
DA:829,0
DA:830,0
DA:831,0
DA:833,0
DA:834,0
DA:836,0
DA:837,0
DA:838,0
DA:839,0
DA:846,0
DA:847,0
DA:849,0
DA:857,1
LF:141
LH:59
BRDA:45,0,0,3
BRDA:45,0,1,2
BRDA:47,1,0,0
BRDA:47,1,1,3
BRDA:66,2,0,3
BRDA:66,2,1,0
BRDA:152,3,0,1
BRDA:152,3,1,0
BRDA:158,4,0,0
BRDA:158,4,1,0
BRDA:158,5,0,0
BRDA:158,5,1,0
BRDA:159,6,0,0
BRDA:159,6,1,0
BRDA:159,6,2,0
BRDA:159,6,3,0
BRDA:241,7,0,1
BRDA:241,7,1,2
BRDA:313,8,0,1
BRDA:313,8,1,0
BRDA:325,9,0,0
BRDA:325,9,1,0
BRDA:387,10,0,1
BRDA:387,10,1,0
BRDA:398,11,0,0
BRDA:398,11,1,0
BRDA:461,12,0,1
BRDA:461,12,1,0
BRDA:472,13,0,0
BRDA:472,13,1,0
BRDA:534,14,0,0
BRDA:534,14,1,0
BRDA:544,15,0,0
BRDA:544,15,1,0
BRDA:594,16,0,0
BRDA:594,16,1,0
BRDA:604,17,0,0
BRDA:604,17,1,0
BRDA:604,18,0,0
BRDA:604,18,1,0
BRDA:614,19,0,0
BRDA:614,19,1,0
BRDA:785,20,0,0
BRDA:785,20,1,1
BRDA:837,21,0,0
BRDA:837,21,1,0
BRF:46
BRH:11
end_of_record
TN:
SF:src\routes\b2b.routes.js
FN:63,b2bAuth
FN:76,(anonymous_1)
FN:103,fetchExternalJson
FN:104,(anonymous_3)
FN:105,(anonymous_4)
FN:107,(anonymous_5)
FN:108,(anonymous_6)
FN:159,(anonymous_7)
FN:174,(anonymous_8)
FN:184,(anonymous_9)
FN:231,(anonymous_10)
FN:246,(anonymous_11)
FN:256,(anonymous_12)
FN:298,(anonymous_13)
FN:308,(anonymous_14)
FN:339,(anonymous_15)
FN:384,(anonymous_16)
FN:423,(anonymous_17)
FN:501,(anonymous_18)
FN:523,(anonymous_19)
FN:528,(anonymous_20)
FN:592,(anonymous_21)
FN:682,(anonymous_22)
FN:772,(anonymous_23)
FN:785,(anonymous_24)
FN:796,(anonymous_25)
FN:838,(anonymous_26)
FN:858,(anonymous_27)
FN:911,(anonymous_28)
FN:928,(anonymous_29)
FN:999,(anonymous_30)
FN:1025,(anonymous_31)
FN:1043,(anonymous_32)
FN:1044,(anonymous_33)
FN:1081,(anonymous_34)
FN:1088,(anonymous_35)
FNF:36
FNH:11
FNDA:8,b2bAuth
FNDA:7,(anonymous_1)
FNDA:0,fetchExternalJson
FNDA:0,(anonymous_3)
FNDA:0,(anonymous_4)
FNDA:0,(anonymous_5)
FNDA:0,(anonymous_6)
FNDA:3,(anonymous_7)
FNDA:1,(anonymous_8)
FNDA:1,(anonymous_9)
FNDA:1,(anonymous_10)
FNDA:1,(anonymous_11)
FNDA:1,(anonymous_12)
FNDA:1,(anonymous_13)
FNDA:1,(anonymous_14)
FNDA:1,(anonymous_15)
FNDA:0,(anonymous_16)
FNDA:0,(anonymous_17)
FNDA:0,(anonymous_18)
FNDA:0,(anonymous_19)
FNDA:0,(anonymous_20)
FNDA:0,(anonymous_21)
FNDA:0,(anonymous_22)
FNDA:0,(anonymous_23)
FNDA:0,(anonymous_24)
FNDA:0,(anonymous_25)
FNDA:0,(anonymous_26)
FNDA:0,(anonymous_27)
FNDA:0,(anonymous_28)
FNDA:0,(anonymous_29)
FNDA:0,(anonymous_30)
FNDA:0,(anonymous_31)
FNDA:0,(anonymous_32)
FNDA:0,(anonymous_33)
FNDA:0,(anonymous_34)
FNDA:0,(anonymous_35)
DA:41,1
DA:42,1
DA:43,1
DA:45,1
DA:46,1
DA:47,1
DA:48,1
DA:49,1
DA:50,1
DA:64,8
DA:65,8
DA:66,1
DA:73,7
DA:74,7
DA:76,7
DA:79,7
DA:81,0
DA:82,0
DA:88,0
DA:91,7
DA:92,1
DA:98,6
DA:104,0
DA:105,0
DA:106,0
DA:107,0
DA:108,0
DA:109,0
DA:110,0
DA:159,1
DA:160,3
DA:161,3
DA:162,3
DA:163,3
DA:165,3
DA:166,3
DA:167,3
DA:174,3
DA:184,1
DA:188,3
DA:201,0
DA:231,1
DA:232,1
DA:233,1
DA:234,1
DA:235,1
DA:237,1
DA:238,1
DA:239,1
DA:246,1
DA:256,1
DA:260,1
DA:273,0
DA:298,1
DA:299,1
DA:300,1
DA:301,1
DA:302,1
DA:304,1
DA:308,1
DA:317,1
DA:319,0
DA:339,1
DA:340,1
DA:341,1
DA:348,1
DA:359,0
DA:384,1
DA:385,0
DA:386,0
DA:387,0
DA:393,0
DA:423,1
DA:424,0
DA:425,0
DA:426,0
DA:427,0
DA:433,0
DA:501,1
DA:502,0
DA:503,0
DA:505,0
DA:506,0
DA:507,0
DA:508,0
DA:509,0
DA:510,0
DA:513,0
DA:514,0
DA:515,0
DA:516,0
DA:523,0
DA:528,0
DA:536,0
DA:541,0
DA:592,1
DA:593,0
DA:594,0
DA:596,0
DA:597,0
DA:600,0
DA:607,0
DA:608,0
DA:609,0
DA:611,0
DA:612,0
DA:613,0
DA:620,0
DA:621,0
DA:622,0
DA:623,0
DA:630,0
DA:631,0
DA:633,0
DA:682,1
DA:683,0
DA:684,0
DA:685,0
DA:688,0
DA:695,0
DA:696,0
DA:699,0
DA:700,0
DA:701,0
DA:703,0
DA:704,0
DA:706,0
DA:713,0
DA:714,0
DA:716,0
DA:718,0
DA:719,0
DA:721,0
DA:772,1
DA:773,0
DA:774,0
DA:776,0
DA:777,0
DA:778,0
DA:780,0
DA:785,0
DA:796,0
DA:798,0
DA:800,0
DA:838,1
DA:839,0
DA:840,0
DA:842,0
DA:843,0
DA:845,0
DA:846,0
DA:849,0
DA:851,0
DA:857,0
DA:858,0
DA:859,0
DA:860,0
DA:861,0
DA:864,0
DA:874,0
DA:911,1
DA:912,0
DA:914,0
DA:915,0
DA:916,0
DA:918,0
DA:919,0
DA:920,0
DA:921,0
DA:928,0
DA:944,0
DA:949,0
DA:999,1
DA:1000,0
DA:1001,0
DA:1003,0
DA:1004,0
DA:1006,0
DA:1007,0
DA:1010,0
DA:1011,0
DA:1012,0
DA:1013,0
DA:1015,0
DA:1016,0
DA:1018,0
DA:1019,0
DA:1021,0
DA:1022,0
DA:1023,0
DA:1025,0
DA:1026,0
DA:1028,0
DA:1034,0
DA:1035,0
DA:1038,0
DA:1040,0
DA:1043,0
DA:1044,0
DA:1050,0
DA:1081,1
DA:1082,0
DA:1083,0
DA:1086,0
DA:1087,0
DA:1088,0
DA:1099,0
DA:1101,0
DA:1105,1
LF:209
LH:64
BRDA:65,0,0,1
BRDA:65,0,1,7
BRDA:73,1,0,7
BRDA:73,1,1,0
BRDA:79,2,0,0
BRDA:79,2,1,7
BRDA:81,3,0,0
BRDA:81,3,1,0
BRDA:91,4,0,1
BRDA:91,4,1,6
BRDA:161,5,0,3
BRDA:161,6,0,3
BRDA:163,7,0,1
BRDA:163,7,1,2
BRDA:184,8,0,1
BRDA:184,8,1,0
BRDA:233,9,0,1
BRDA:233,10,0,1
BRDA:235,11,0,0
BRDA:235,11,1,1
BRDA:256,12,0,1
BRDA:256,12,1,0
BRDA:302,13,0,0
BRDA:302,13,1,1
BRDA:310,14,0,1
BRDA:310,14,1,0
BRDA:425,15,0,0
BRDA:425,15,1,0
BRDA:502,16,0,0
BRDA:502,17,0,0
BRDA:503,18,0,0
BRDA:503,18,1,0
BRDA:506,19,0,0
BRDA:506,19,1,0
BRDA:507,20,0,0
BRDA:507,20,1,0
BRDA:507,21,0,0
BRDA:507,21,1,0
BRDA:509,22,0,0
BRDA:509,22,1,0
BRDA:510,23,0,0
BRDA:510,23,1,0
BRDA:531,24,0,0
BRDA:531,24,1,0
BRDA:596,25,0,0
BRDA:596,25,1,0
BRDA:596,26,0,0
BRDA:596,26,1,0
BRDA:609,27,0,0
BRDA:609,27,1,0
BRDA:611,28,0,0
BRDA:611,28,1,0
BRDA:612,29,0,0
BRDA:612,29,1,0
BRDA:621,30,0,0
BRDA:621,30,1,0
BRDA:622,31,0,0
BRDA:622,31,1,0
BRDA:627,32,0,0
BRDA:627,32,1,0
BRDA:627,33,0,0
BRDA:627,33,1,0
BRDA:684,34,0,0
BRDA:684,34,1,0
BRDA:684,35,0,0
BRDA:684,35,1,0
BRDA:695,36,0,0
BRDA:695,36,1,0
BRDA:701,37,0,0
BRDA:701,37,1,0
BRDA:704,38,0,0
BRDA:704,38,1,0
BRDA:704,39,0,0
BRDA:704,39,1,0
BRDA:707,40,0,0
BRDA:707,40,1,0
BRDA:713,41,0,0
BRDA:713,41,1,0
BRDA:713,42,0,0
BRDA:713,42,1,0
BRDA:716,43,0,0
BRDA:716,43,1,0
BRDA:773,44,0,0
BRDA:774,45,0,0
BRDA:774,45,1,0
BRDA:778,46,0,0
BRDA:778,46,1,0
BRDA:840,47,0,0
BRDA:840,47,1,0
BRDA:842,48,0,0
BRDA:842,48,1,0
BRDA:843,49,0,0
BRDA:843,49,1,0
BRDA:849,50,0,0
BRDA:849,50,1,0
BRDA:860,51,0,0
BRDA:860,51,1,0
BRDA:912,52,0,0
BRDA:912,53,0,0
BRDA:914,54,0,0
BRDA:914,54,1,0
BRDA:915,55,0,0
BRDA:915,55,1,0
BRDA:916,56,0,0
BRDA:916,56,1,0
BRDA:937,57,0,0
BRDA:937,57,1,0
BRDA:938,58,0,0
BRDA:938,58,1,0
BRDA:939,59,0,0
BRDA:939,59,1,0
BRDA:940,60,0,0
BRDA:940,60,1,0
BRDA:1003,61,0,0
BRDA:1003,61,1,0
BRDA:1003,62,0,0
BRDA:1003,62,1,0
BRDA:1006,63,0,0
BRDA:1006,63,1,0
BRDA:1012,64,0,0
BRDA:1012,64,1,0
BRDA:1013,65,0,0
BRDA:1013,65,1,0
BRDA:1016,66,0,0
BRDA:1016,66,1,0
BRDA:1022,67,0,0
BRDA:1022,67,1,0
BRDA:1023,68,0,0
BRDA:1023,68,1,0
BRDA:1026,69,0,0
BRDA:1026,69,1,0
BRDA:1031,70,0,0
BRDA:1031,70,1,0
BRDA:1032,71,0,0
BRDA:1032,71,1,0
BRDA:1038,72,0,0
BRDA:1038,72,1,0
BRDA:1083,73,0,0
BRDA:1083,73,1,0
BRDA:1088,74,0,0
BRDA:1088,74,1,0
BRDA:1099,75,0,0
BRDA:1099,75,1,0
BRF:143
BRH:17
end_of_record
TN:
SF:src\routes\booking.routes.js
FN:8,(anonymous_0)
FN:13,(anonymous_1)
FN:50,(anonymous_2)
FN:152,(anonymous_3)
FN:202,(anonymous_4)
FN:212,(anonymous_5)
FN:231,(anonymous_6)
FN:260,(anonymous_7)
FN:261,(anonymous_8)
FN:336,(anonymous_9)
FN:427,(anonymous_10)
FN:484,(anonymous_11)
FN:562,(anonymous_12)
FN:653,(anonymous_13)
FN:723,(anonymous_14)
FNF:15
FNH:0
FNDA:0,(anonymous_0)
FNDA:0,(anonymous_1)
FNDA:0,(anonymous_2)
FNDA:0,(anonymous_3)
FNDA:0,(anonymous_4)
FNDA:0,(anonymous_5)
FNDA:0,(anonymous_6)
FNDA:0,(anonymous_7)
FNDA:0,(anonymous_8)
FNDA:0,(anonymous_9)
FNDA:0,(anonymous_10)
FNDA:0,(anonymous_11)
FNDA:0,(anonymous_12)
FNDA:0,(anonymous_13)
FNDA:0,(anonymous_14)
DA:1,0
DA:2,0
DA:3,0
DA:4,0
DA:5,0
DA:6,0
DA:8,0
DA:9,0
DA:10,0
DA:13,0
DA:14,0
DA:15,0
DA:16,0
DA:17,0
DA:18,0
DA:50,0
DA:51,0
DA:52,0
DA:54,0
DA:56,0
DA:57,0
DA:63,0
DA:76,0
DA:88,0
DA:89,0
DA:152,0
DA:153,0
DA:154,0
DA:156,0
DA:157,0
DA:158,0
DA:159,0
DA:161,0
DA:162,0
DA:168,0
DA:170,0
DA:171,0
DA:173,0
DA:175,0
DA:177,0
DA:179,0
DA:180,0
DA:181,0
DA:193,0
DA:199,0
DA:200,0
DA:202,0
DA:203,0
DA:206,0
DA:207,0
DA:209,0
DA:210,0
DA:212,0
DA:214,0
DA:215,0
DA:216,0
DA:217,0
DA:218,0
DA:228,0
DA:229,0
DA:230,0
DA:231,0
DA:232,0
DA:233,0
DA:235,0
DA:236,0
DA:238,0
DA:239,0
DA:240,0
DA:242,0
DA:248,0
DA:251,0
DA:253,0
DA:258,0
DA:260,0
DA:261,0
DA:263,0
DA:264,0
DA:265,0
DA:267,0
DA:277,0
DA:279,0
DA:280,0
DA:336,0
DA:337,0
DA:338,0
DA:340,0
DA:341,0
DA:348,0
DA:349,0
DA:350,0
DA:356,0
DA:362,0
DA:363,0
DA:369,0
DA:378,0
DA:380,0
DA:381,0
DA:383,0
DA:402,0
DA:403,0
DA:427,0
DA:428,0
DA:429,0
DA:433,0
DA:440,0
DA:441,0
DA:484,0
DA:485,0
DA:486,0
DA:490,0
DA:491,0
DA:497,0
DA:499,0
DA:505,0
DA:512,0
DA:513,0
DA:562,0
DA:563,0
DA:564,0
DA:566,0
DA:567,0
DA:573,0
DA:574,0
DA:580,0
DA:581,0
DA:582,0
DA:584,0
DA:585,0
DA:591,0
DA:593,0
DA:598,0
DA:599,0
DA:653,0
DA:654,0
DA:655,0
DA:656,0
DA:658,0
DA:659,0
DA:665,0
DA:666,0
DA:672,0
DA:673,0
DA:674,0
DA:681,0
DA:682,0
DA:684,0
DA:692,0
DA:693,0
DA:723,0
DA:724,0
DA:725,0
DA:726,0
DA:732,0
DA:736,0
DA:743,0
DA:744,0
DA:752,0
LF:158
LH:0
BRDA:16,0,0,0
BRDA:16,0,1,0
BRDA:17,1,0,0
BRDA:17,1,1,0
BRDA:56,2,0,0
BRDA:56,2,1,0
BRDA:56,3,0,0
BRDA:56,3,1,0
BRDA:67,4,0,0
BRDA:67,4,1,0
BRDA:68,5,0,0
BRDA:68,5,1,0
BRDA:69,6,0,0
BRDA:69,6,1,0
BRDA:70,7,0,0
BRDA:70,7,1,0
BRDA:71,8,0,0
BRDA:71,8,1,0
BRDA:161,9,0,0
BRDA:161,9,1,0
BRDA:161,10,0,0
BRDA:161,10,1,0
BRDA:179,11,0,0
BRDA:179,11,1,0
BRDA:179,12,0,0
BRDA:179,12,1,0
BRDA:179,12,2,0
BRDA:199,13,0,0
BRDA:199,13,1,0
BRDA:203,14,0,0
BRDA:203,14,1,0
BRDA:203,14,2,0
BRDA:206,15,0,0
BRDA:206,15,1,0
BRDA:214,16,0,0
BRDA:214,16,1,0
BRDA:216,17,0,0
BRDA:216,17,1,0
BRDA:228,18,0,0
BRDA:228,18,1,0
BRDA:228,19,0,0
BRDA:228,19,1,0
BRDA:238,20,0,0
BRDA:238,20,1,0
BRDA:238,20,2,0
BRDA:340,21,0,0
BRDA:340,21,1,0
BRDA:340,22,0,0
BRDA:340,22,1,0
BRDA:340,22,2,0
BRDA:349,23,0,0
BRDA:349,23,1,0
BRDA:349,24,0,0
BRDA:349,24,1,0
BRDA:362,25,0,0
BRDA:362,25,1,0
BRDA:374,26,0,0
BRDA:374,26,1,0
BRDA:490,27,0,0
BRDA:490,27,1,0
BRDA:497,28,0,0
BRDA:497,28,1,0
BRDA:497,29,0,0
BRDA:497,29,1,0
BRDA:566,30,0,0
BRDA:566,30,1,0
BRDA:573,31,0,0
BRDA:573,31,1,0
BRDA:584,32,0,0
BRDA:584,32,1,0
BRDA:658,33,0,0
BRDA:658,33,1,0
BRDA:665,34,0,0
BRDA:665,34,1,0
BRDA:673,35,0,0
BRDA:673,35,1,0
BRDA:725,36,0,0
BRDA:725,36,1,0
BRF:78
BRH:0
end_of_record
TN:
SF:src\routes\cart.routes.js
FN:51,(anonymous_0)
FN:77,(anonymous_1)
FN:109,(anonymous_2)
FN:112,(anonymous_3)
FN:161,(anonymous_4)
FN:164,(anonymous_5)
FN:228,(anonymous_6)
FN:314,(anonymous_7)
FN:338,(anonymous_8)
FN:405,(anonymous_9)
FN:440,(anonymous_10)
FN:482,(anonymous_11)
FN:491,(anonymous_12)
FN:541,(anonymous_13)
FN:561,(anonymous_14)
FN:576,(anonymous_15)
FN:611,(anonymous_16)
FNF:17
FNH:0
FNDA:0,(anonymous_0)
FNDA:0,(anonymous_1)
FNDA:0,(anonymous_2)
FNDA:0,(anonymous_3)
FNDA:0,(anonymous_4)
FNDA:0,(anonymous_5)
FNDA:0,(anonymous_6)
FNDA:0,(anonymous_7)
FNDA:0,(anonymous_8)
FNDA:0,(anonymous_9)
FNDA:0,(anonymous_10)
FNDA:0,(anonymous_11)
FNDA:0,(anonymous_12)
FNDA:0,(anonymous_13)
FNDA:0,(anonymous_14)
FNDA:0,(anonymous_15)
FNDA:0,(anonymous_16)
DA:1,0
DA:2,0
DA:3,0
DA:4,0
DA:5,0
DA:6,0
DA:51,0
DA:52,0
DA:53,0
DA:59,0
DA:60,0
DA:74,0
DA:75,0
DA:77,0
DA:78,0
DA:79,0
DA:82,0
DA:83,0
DA:85,0
DA:86,0
DA:87,0
DA:90,0
DA:91,0
DA:92,0
DA:94,0
DA:109,0
DA:111,0
DA:112,0
DA:114,0
DA:128,0
DA:129,0
DA:161,0
DA:162,0
DA:163,0
DA:164,0
DA:166,0
DA:173,0
DA:174,0
DA:228,0
DA:229,0
DA:230,0
DA:232,0
DA:240,0
DA:241,0
DA:242,0
DA:248,0
DA:249,0
DA:250,0
DA:256,0
DA:257,0
DA:258,0
DA:259,0
DA:265,0
DA:266,0
DA:269,0
DA:270,0
DA:271,0
DA:272,0
DA:275,0
DA:276,0
DA:282,0
DA:283,0
DA:290,0
DA:291,0
DA:292,0
DA:298,0
DA:299,0
DA:300,0
DA:306,0
DA:308,0
DA:309,0
DA:314,0
DA:315,0
DA:318,0
DA:319,0
DA:321,0
DA:322,0
DA:330,0
DA:332,0
DA:336,0
DA:338,0
DA:340,0
DA:354,0
DA:355,0
DA:405,0
DA:406,0
DA:407,0
DA:409,0
DA:410,0
DA:416,0
DA:417,0
DA:423,0
DA:424,0
DA:431,0
DA:433,0
DA:434,0
DA:440,0
DA:441,0
DA:444,0
DA:445,0
DA:451,0
DA:452,0
DA:453,0
DA:454,0
DA:460,0
DA:461,0
DA:469,0
DA:475,0
DA:476,0
DA:482,0
DA:483,0
DA:486,0
DA:487,0
DA:488,0
DA:491,0
DA:493,0
DA:503,0
DA:504,0
DA:541,0
DA:542,0
DA:543,0
DA:545,0
DA:546,0
DA:552,0
DA:554,0
DA:555,0
DA:561,0
DA:562,0
DA:565,0
DA:566,0
DA:572,0
DA:574,0
DA:576,0
DA:578,0
DA:586,0
DA:587,0
DA:611,0
DA:612,0
DA:613,0
DA:615,0
DA:616,0
DA:622,0
DA:623,0
DA:625,0
DA:633,0
DA:634,0
DA:642,0
LF:147
LH:0
BRDA:59,0,0,0
BRDA:59,0,1,0
BRDA:59,1,0,0
BRDA:59,1,1,0
BRDA:78,2,0,0
BRDA:78,2,1,0
BRDA:85,3,0,0
BRDA:85,3,1,0
BRDA:85,4,0,0
BRDA:85,4,1,0
BRDA:100,5,0,0
BRDA:100,5,1,0
BRDA:164,6,0,0
BRDA:164,6,1,0
BRDA:240,7,0,0
BRDA:240,7,1,0
BRDA:240,8,0,0
BRDA:240,8,1,0
BRDA:248,9,0,0
BRDA:248,9,1,0
BRDA:257,10,0,0
BRDA:257,10,1,0
BRDA:265,11,0,0
BRDA:265,11,1,0
BRDA:269,12,0,0
BRDA:269,12,1,0
BRDA:271,13,0,0
BRDA:271,13,1,0
BRDA:275,14,0,0
BRDA:275,14,1,0
BRDA:282,15,0,0
BRDA:282,15,1,0
BRDA:282,16,0,0
BRDA:282,16,1,0
BRDA:290,17,0,0
BRDA:290,17,1,0
BRDA:290,18,0,0
BRDA:290,18,1,0
BRDA:298,19,0,0
BRDA:298,19,1,0
BRDA:298,20,0,0
BRDA:298,20,1,0
BRDA:308,21,0,0
BRDA:308,21,1,0
BRDA:318,22,0,0
[...]
DA:925,0
DA:926,0
DA:932,0
DA:933,0
DA:934,0
DA:940,0
DA:941,0
DA:944,0
DA:945,0
DA:946,0
DA:947,0
DA:949,0
DA:951,0
DA:952,0
DA:955,0
DA:963,0
DA:969,0
DA:970,0
DA:1008,0
DA:1009,0
DA:1010,0
DA:1012,0
DA:1013,0
DA:1014,0
DA:1020,0
DA:1021,0
DA:1024,0
DA:1026,0
DA:1027,0
DA:1030,0
DA:1038,0
DA:1039,0
DA:1048,0
DA:1049,0
DA:1050,0
DA:1056,0
DA:1057,0
DA:1064,0
DA:1066,0
DA:1067,0
DA:1073,0
DA:1074,0
DA:1075,0
DA:1076,0
DA:1079,0
DA:1080,0
DA:1081,0
DA:1083,0
DA:1086,0
DA:1112,0
DA:1113,0
DA:1122,0
DA:1123,0
DA:1124,0
DA:1130,0
DA:1131,0
DA:1137,0
DA:1140,0
DA:1142,0
DA:1149,0
DA:1150,0
DA:1156,0
DA:1157,0
DA:1163,0
DA:1164,0
DA:1165,0
DA:1166,0
DA:1169,0
DA:1170,0
DA:1171,0
DA:1174,0
DA:1175,0
DA:1185,0
DA:1194,0
DA:1204,0
DA:1205,0
DA:1214,0
DA:1215,0
DA:1216,0
DA:1217,0
DA:1225,0
DA:1226,0
DA:1227,0
DA:1231,0
DA:1235,0
DA:1239,0
DA:1244,0
DA:1245,0
DA:1246,0
DA:1247,0
DA:1248,0
DA:1250,0
DA:1254,0
DA:1256,0
DA:1270,0
DA:1271,0
DA:1272,0
DA:1274,0
DA:1282,0
DA:1296,0
DA:1297,0
DA:1306,0
DA:1307,0
DA:1308,0
DA:1309,0
DA:1315,0
DA:1316,0
DA:1317,0
DA:1320,0
DA:1321,0
DA:1323,0
DA:1324,0
DA:1327,0
DA:1328,0
DA:1329,0
DA:1330,0
DA:1336,0
DA:1337,0
DA:1343,0
DA:1346,0
DA:1350,0
DA:1351,0
DA:1354,0
DA:1356,0
DA:1366,0
DA:1367,0
DA:1368,0
DA:1370,0
DA:1371,0
DA:1373,0
DA:1382,0
DA:1383,0
DA:1384,0
DA:1385,0
DA:1390,0
DA:1391,0
DA:1393,0
DA:1397,0
DA:1403,0
DA:1410,0
DA:1420,0
DA:1423,0
DA:1424,0
DA:1425,0
DA:1426,0
DA:1430,0
DA:1431,0
DA:1433,0
DA:1443,0
DA:1444,0
DA:1495,0
DA:1496,0
DA:1497,0
DA:1502,0
DA:1503,0
DA:1510,0
DA:1511,0
DA:1517,0
DA:1518,0
DA:1524,0
DA:1527,0
DA:1528,0
DA:1529,0
DA:1536,0
DA:1537,0
DA:1540,0
DA:1541,0
DA:1543,0
DA:1544,0
DA:1550,0
DA:1551,0
DA:1557,0
DA:1558,0
DA:1559,0
DA:1562,0
DA:1563,0
DA:1566,0
DA:1567,0
DA:1568,0
DA:1571,0
DA:1579,0
DA:1580,0
DA:1587,0
DA:1588,0
DA:1589,0
DA:1590,0
DA:1591,0
DA:1593,0
DA:1598,0
DA:1606,0
DA:1607,0
DA:1608,0
DA:1609,0
DA:1610,0
DA:1612,0
DA:1613,0
DA:1617,0
DA:1620,0
DA:1621,0
DA:1623,0
DA:1631,0
DA:1633,0
DA:1644,0
DA:1645,0
DA:1654,0
DA:1655,0
DA:1656,0
DA:1658,0
DA:1659,0
DA:1665,0
DA:1670,0
DA:1671,0
DA:1678,0
DA:1681,0
DA:1688,0
DA:1689,0
DA:1691,0
DA:1702,0
DA:1703,0
DA:1711,0
DA:1712,0
DA:1713,0
DA:1717,0
DA:1718,0
DA:1724,0
DA:1736,0
DA:1751,0
DA:1752,0
DA:1810,0
DA:1811,0
DA:1812,0
DA:1814,0
DA:1815,0
DA:1816,0
DA:1819,0
DA:1820,0
DA:1822,0
DA:1829,0
DA:1830,0
DA:1831,0
DA:1834,0
DA:1852,0
DA:1865,0
DA:1866,0
DA:1917,0
DA:1918,0
DA:1919,0
DA:1927,0
DA:1928,0
DA:1934,0
DA:1940,0
DA:1946,0
DA:1971,0
DA:1972,0
DA:1981,0
DA:1982,0
DA:1983,0
DA:1984,0
DA:1986,0
DA:1987,0
DA:1994,0
DA:1995,0
DA:1996,0
DA:1998,0
DA:1999,0
DA:2000,0
DA:2002,0
DA:2003,0
DA:2005,0
DA:2006,0
DA:2007,0
DA:2009,0
DA:2010,0
DA:2011,0
DA:2013,0
DA:2014,0
DA:2017,0
DA:2023,0
DA:2025,0
DA:2035,0
DA:2036,0
DA:2045,0
DA:2046,0
DA:2047,0
DA:2048,0
DA:2049,0
DA:2055,0
DA:2060,0
DA:2063,0
DA:2074,0
DA:2089,0
DA:2090,0
DA:2099,0
DA:2100,0
DA:2101,0
DA:2102,0
DA:2103,0
DA:2110,0
DA:2111,0
DA:2112,0
DA:2115,0
DA:2121,0
DA:2124,0
DA:2127,0
DA:2129,0
DA:2137,0
DA:2145,0
DA:2146,0
DA:2147,0
DA:2149,0
DA:2150,0
DA:2151,0
DA:2152,0
DA:2154,0
DA:2159,0
DA:2162,0
DA:2165,0
DA:2177,0
DA:2191,0
DA:2192,0
DA:2195,0
DA:2196,0
DA:2199,0
DA:2200,0
DA:2203,0
DA:2204,0
DA:2205,0
DA:2206,0
DA:2208,0
DA:2210,0
DA:2211,0
DA:2213,0
DA:2214,0
DA:2216,0
DA:2219,0
DA:2223,0
DA:2226,0
DA:2228,0
DA:2231,0
DA:2233,0
DA:2236,0
DA:2238,0
DA:2241,0
DA:2243,0
DA:2247,0
DA:2265,0
DA:2266,0
DA:2275,0
DA:2276,0
DA:2277,0
DA:2279,0
DA:2280,0
DA:2286,0
DA:2287,0
DA:2293,0
DA:2294,0
DA:2295,0
DA:2297,0
DA:2298,0
DA:2304,0
DA:2305,0
DA:2307,0
DA:2319,0
DA:2329,0
DA:2330,0
DA:2332,0
DA:2349,0
DA:2350,0
DA:2359,0
DA:2360,0
DA:2361,0
DA:2362,0
DA:2364,0
DA:2365,0
DA:2371,0
DA:2372,0
DA:2378,0
DA:2379,0
DA:2380,0
DA:2386,0
DA:2387,0
DA:2393,0
DA:2394,0
DA:2400,0
DA:2405,0
DA:2406,0
DA:2413,0
DA:2414,0
DA:2415,0
DA:2416,0
DA:2419,0
DA:2421,0
DA:2429,0
DA:2430,0
DA:2431,0
DA:2432,0
DA:2433,0
DA:2435,0
DA:2443,0
DA:2444,0
DA:2453,0
DA:2454,0
DA:2455,0
DA:2456,0
DA:2457,0
DA:2463,0
DA:2464,0
DA:2465,0
DA:2471,0
DA:2472,0
DA:2478,0
DA:2479,0
DA:2481,0
DA:2486,0
DA:2487,0
DA:2526,0
DA:2527,0
DA:2528,0
DA:2530,0
DA:2536,0
DA:2537,0
DA:2544,0
DA:2545,0
DA:2546,0
DA:2553,0
DA:2554,0
DA:2555,0
DA:2562,0
DA:2567,0
DA:2568,0
DA:2575,0
DA:2582,0
DA:2583,0
DA:2584,0
DA:2589,0
DA:2590,0
DA:2594,0
DA:2600,0
DA:2601,0
DA:2608,0
DA:2609,0
DA:2611,0
DA:2613,0
DA:2621,0
DA:2622,0
DA:2630,0
LF:661
LH:0
BRDA:20,0,0,0
BRDA:20,0,1,0
BRDA:20,1,0,0
BRDA:20,1,1,0
BRDA:26,2,0,0
BRDA:26,2,1,0
BRDA:26,3,0,0
BRDA:26,3,1,0
BRDA:83,4,0,0
BRDA:83,4,1,0
BRDA:119,5,0,0
BRDA:119,5,1,0
BRDA:119,6,0,0
BRDA:119,6,1,0
BRDA:120,7,0,0
BRDA:120,7,1,0
BRDA:127,8,0,0
BRDA:127,8,1,0
BRDA:128,9,0,0
BRDA:128,9,1,0
BRDA:134,10,0,0
BRDA:134,10,1,0
BRDA:134,11,0,0
BRDA:134,11,1,0
BRDA:135,12,0,0
BRDA:135,12,1,0
BRDA:203,13,0,0
BRDA:203,13,1,0
BRDA:203,14,0,0
BRDA:203,14,1,0
BRDA:221,15,0,0
BRDA:221,15,1,0
BRDA:221,16,0,0
BRDA:221,16,1,0
BRDA:234,17,0,0
BRDA:234,17,1,0
BRDA:244,18,0,0
BRDA:244,18,1,0
BRDA:244,19,0,0
BRDA:244,19,1,0
BRDA:272,20,0,0
BRDA:272,20,1,0
BRDA:286,21,0,0
BRDA:286,21,1,0
BRDA:294,22,0,0
BRDA:294,22,1,0
BRDA:312,23,0,0
BRDA:312,23,1,0
BRDA:319,24,0,0
BRDA:319,24,1,0
BRDA:351,25,0,0
BRDA:351,25,1,0
BRDA:352,26,0,0
BRDA:352,26,1,0
BRDA:363,27,0,0
BRDA:363,27,1,0
BRDA:364,28,0,0
BRDA:364,28,1,0
BRDA:365,29,0,0
BRDA:365,29,1,0
BRDA:388,30,0,0
BRDA:388,30,1,0
BRDA:388,31,0,0
BRDA:388,31,1,0
BRDA:417,32,0,0
BRDA:417,32,1,0
BRDA:417,33,0,0
BRDA:417,33,1,0
BRDA:423,34,0,0
BRDA:423,34,1,0
BRDA:425,35,0,0
BRDA:425,35,1,0
BRDA:426,36,0,0
BRDA:426,36,1,0
BRDA:429,37,0,0
BRDA:429,37,1,0
BRDA:430,38,0,0
BRDA:430,38,1,0
BRDA:443,39,0,0
BRDA:443,39,1,0
BRDA:443,40,0,0
BRDA:443,40,1,0
BRDA:454,41,0,0
BRDA:454,41,1,0
BRDA:454,42,0,0
BRDA:454,42,1,0
BRDA:462,43,0,0
BRDA:462,43,1,0
BRDA:463,44,0,0
BRDA:463,44,1,0
BRDA:463,45,0,0
BRDA:463,45,1,0
BRDA:483,46,0,0
BRDA:483,46,1,0
BRDA:483,47,0,0
BRDA:483,47,1,0
BRDA:498,48,0,0
BRDA:498,48,1,0
BRDA:505,49,0,0
BRDA:505,49,1,0
BRDA:554,50,0,0
BRDA:554,50,1,0
BRDA:554,51,0,0
BRDA:554,51,1,0
BRDA:576,52,0,0
BRDA:576,52,1,0
BRDA:577,53,0,0
BRDA:577,53,1,0
BRDA:638,54,0,0
BRDA:638,54,1,0
BRDA:640,55,0,0
BRDA:640,55,1,0
BRDA:668,56,0,0
BRDA:668,56,1,0
BRDA:669,57,0,0
BRDA:669,57,1,0
BRDA:728,58,0,0
BRDA:728,58,1,0
BRDA:743,59,0,0
BRDA:743,59,1,0
BRDA:743,60,0,0
BRDA:743,60,1,0
BRDA:752,61,0,0
BRDA:752,61,1,0
BRDA:755,62,0,0
BRDA:755,62,1,0
BRDA:755,63,0,0
BRDA:755,63,1,0
BRDA:756,64,0,0
BRDA:756,64,1,0
BRDA:772,65,0,0
BRDA:772,65,1,0
BRDA:803,66,0,0
BRDA:803,66,1,0
BRDA:866,67,0,0
BRDA:866,67,1,0
BRDA:866,68,0,0
BRDA:866,68,1,0
BRDA:873,69,0,0
BRDA:873,69,1,0
BRDA:876,70,0,0
BRDA:876,70,1,0
BRDA:884,71,0,0
BRDA:884,71,1,0
BRDA:887,72,0,0
BRDA:887,72,1,0
BRDA:925,73,0,0
BRDA:925,73,1,0
BRDA:925,74,0,0
BRDA:925,74,1,0
BRDA:933,75,0,0
BRDA:933,75,1,0
BRDA:944,76,0,0
BRDA:944,76,1,0
BRDA:946,77,0,0
BRDA:946,77,1,0
BRDA:1013,78,0,0
BRDA:1013,78,1,0
BRDA:1056,79,0,0
BRDA:1056,79,1,0
BRDA:1056,80,0,0
BRDA:1056,80,1,0
BRDA:1066,81,0,0
BRDA:1066,81,1,0
BRDA:1074,82,0,0
BRDA:1074,82,1,0
BRDA:1075,83,0,0
BRDA:1075,83,1,0
BRDA:1079,84,0,0
BRDA:1079,84,1,0
BRDA:1092,85,0,0
BRDA:1092,85,1,0
BRDA:1092,86,0,0
BRDA:1092,86,1,0
BRDA:1093,87,0,0
BRDA:1093,87,1,0
BRDA:1105,88,0,0
BRDA:1105,88,1,0
BRDA:1106,89,0,0
BRDA:1106,89,1,0
BRDA:1107,90,0,0
BRDA:1107,90,1,0
BRDA:1107,90,2,0
BRDA:1130,91,0,0
BRDA:1130,91,1,0
BRDA:1130,92,0,0
BRDA:1130,92,1,0
BRDA:1140,93,0,0
BRDA:1140,93,1,0
BRDA:1140,94,0,0
BRDA:1140,94,1,0
BRDA:1140,94,2,0
BRDA:1140,94,3,0
BRDA:1140,94,4,0
BRDA:1140,94,5,0
BRDA:1149,95,0,0
BRDA:1149,95,1,0
BRDA:1156,96,0,0
BRDA:1156,96,1,0
BRDA:1164,97,0,0
BRDA:1164,97,1,0
BRDA:1165,98,0,0
BRDA:1165,98,1,0
BRDA:1169,99,0,0
BRDA:1169,99,1,0
BRDA:1182,100,0,0
BRDA:1182,100,1,0
BRDA:1216,101,0,0
BRDA:1216,101,1,0
BRDA:1216,102,0,0
BRDA:1216,102,1,0
BRDA:1226,103,0,0
BRDA:1226,103,1,0
BRDA:1244,104,0,0
BRDA:1244,104,1,0
BRDA:1244,105,0,0
BRDA:1244,105,1,0
BRDA:1248,106,0,0
BRDA:1248,106,1,0
BRDA:1250,107,0,0
BRDA:1250,107,1,0
BRDA:1262,108,0,0
BRDA:1262,108,1,0
BRDA:1262,109,0,0
BRDA:1262,109,1,0
BRDA:1263,110,0,0
BRDA:1263,110,1,0
BRDA:1270,111,0,0
BRDA:1270,111,1,0
BRDA:1308,112,0,0
BRDA:1308,112,1,0
BRDA:1308,113,0,0
BRDA:1308,113,1,0
BRDA:1323,114,0,0
BRDA:1323,114,1,0
BRDA:1327,115,0,0
BRDA:1327,115,1,0
BRDA:1329,116,0,0
BRDA:1329,116,1,0
BRDA:1336,117,0,0
BRDA:1336,117,1,0
BRDA:1350,118,0,0
BRDA:1350,118,1,0
BRDA:1351,119,0,0
BRDA:1351,119,1,0
BRDA:1368,120,0,0
BRDA:1368,120,1,0
BRDA:1382,121,0,0
BRDA:1382,121,1,0
BRDA:1384,122,0,0
BRDA:1384,122,1,0
BRDA:1390,123,0,0
BRDA:1390,123,1,0
BRDA:1390,124,0,0
BRDA:1390,124,1,0
BRDA:1391,125,0,0
BRDA:1391,125,1,0
BRDA:1393,126,0,0
BRDA:1393,126,1,0
BRDA:1393,127,0,0
BRDA:1393,127,1,0
BRDA:1393,127,2,0
BRDA:1393,127,3,0
BRDA:1412,128,0,0
BRDA:1412,128,1,0
BRDA:1424,129,0,0
BRDA:1424,129,1,0
BRDA:1502,130,0,0
BRDA:1502,130,1,0
BRDA:1510,131,0,0
BRDA:1510,131,1,0
BRDA:1517,132,0,0
BRDA:1517,132,1,0
BRDA:1517,133,0,0
BRDA:1517,133,1,0
BRDA:1527,134,0,0
BRDA:1527,134,1,0
BRDA:1536,135,0,0
BRDA:1536,135,1,0
BRDA:1536,136,0,0
BRDA:1536,136,1,0
BRDA:1543,137,0,0
BRDA:1543,137,1,0
BRDA:1550,138,0,0
BRDA:1550,138,1,0
BRDA:1588,139,0,0
BRDA:1588,139,1,0
BRDA:1608,140,0,0
BRDA:1608,140,1,0
BRDA:1620,141,0,0
BRDA:1620,141,1,0
BRDA:1640,142,0,0
BRDA:1640,142,1,0
BRDA:1658,143,0,0
BRDA:1658,143,1,0
BRDA:1670,144,0,0
BRDA:1670,144,1,0
BRDA:1678,145,0,0
BRDA:1678,145,1,0
BRDA:1678,146,0,0
BRDA:1678,146,1,0
BRDA:1678,146,2,0
BRDA:1678,146,3,0
BRDA:1678,146,4,0
BRDA:1717,147,0,0
BRDA:1717,147,1,0
BRDA:1740,148,0,0
BRDA:1740,148,1,0
BRDA:1740,149,0,0
BRDA:1740,149,1,0
BRDA:1812,150,0,0
BRDA:1812,151,0,0
BRDA:1815,152,0,0
BRDA:1815,152,1,0
BRDA:1815,153,0,0
BRDA:1815,153,1,0
BRDA:1838,154,0,0
BRDA:1838,154,1,0
BRDA:1838,155,0,0
BRDA:1838,155,1,0
BRDA:1927,156,0,0
BRDA:1927,156,1,0
BRDA:1945,157,0,0
BRDA:1945,157,1,0
BRDA:1946,158,0,0
BRDA:1946,158,1,0
BRDA:1958,159,0,0
BRDA:1958,159,1,0
BRDA:1960,160,0,0
BRDA:1960,160,1,0
BRDA:1986,161,0,0
BRDA:1986,161,1,0
BRDA:1994,162,0,0
BRDA:1994,162,1,0
BRDA:1998,163,0,0
BRDA:1998,163,1,0
BRDA:2005,164,0,0
BRDA:2005,164,1,0
BRDA:2009,165,0,0
BRDA:2009,165,1,0
BRDA:2027,166,0,0
BRDA:2027,166,1,0
BRDA:2048,167,0,0
BRDA:2048,167,1,0
BRDA:2056,168,0,0
BRDA:2056,168,1,0
BRDA:2057,169,0,0
BRDA:2057,169,1,0
BRDA:2070,170,0,0
BRDA:2070,170,1,0
BRDA:2070,171,0,0
BRDA:2070,171,1,0
BRDA:2078,172,0,0
BRDA:2078,172,1,0
BRDA:2079,173,0,0
BRDA:2079,173,1,0
BRDA:2082,174,0,0
BRDA:2082,174,1,0
BRDA:2082,175,0,0
BRDA:2082,175,1,0
BRDA:2102,176,0,0
BRDA:2102,176,1,0
BRDA:2111,177,0,0
BRDA:2111,177,1,0
BRDA:2151,178,0,0
BRDA:2151,178,1,0
BRDA:2192,179,0,0
BRDA:2192,179,1,0
BRDA:2196,180,0,0
BRDA:2196,180,1,0
BRDA:2200,181,0,0
BRDA:2200,181,1,0
BRDA:2200,181,2,0
BRDA:2200,181,3,0
BRDA:2203,182,0,0
BRDA:2203,182,1,0
BRDA:2205,183,0,0
BRDA:2205,183,1,0
BRDA:2206,184,0,0
BRDA:2206,184,1,0
BRDA:2208,185,0,0
BRDA:2208,185,1,0
BRDA:2210,186,0,0
BRDA:2210,186,1,0
BRDA:2210,187,0,0
BRDA:2210,187,1,0
BRDA:2211,188,0,0
BRDA:2211,188,1,0
BRDA:2211,188,2,0
BRDA:2211,188,3,0
BRDA:2211,188,4,0
BRDA:2211,188,5,0
BRDA:2211,188,6,0
BRDA:2211,188,7,0
BRDA:2211,188,8,0
BRDA:2216,189,0,0
BRDA:2216,189,1,0
BRDA:2223,190,0,0
BRDA:2223,190,1,0
BRDA:2228,191,0,0
BRDA:2228,191,1,0
BRDA:2233,192,0,0
BRDA:2233,192,1,0
BRDA:2238,193,0,0
BRDA:2238,193,1,0
BRDA:2243,194,0,0
BRDA:2243,194,1,0
BRDA:2279,195,0,0
BRDA:2279,195,1,0
BRDA:2279,196,0,0
BRDA:2279,196,1,0
BRDA:2286,197,0,0
BRDA:2286,197,1,0
BRDA:2286,198,0,0
BRDA:2286,198,1,0
BRDA:2295,199,0,0
BRDA:2295,199,1,0
BRDA:2297,200,0,0
BRDA:2297,200,1,0
BRDA:2297,201,0,0
BRDA:2297,201,1,0
BRDA:2342,202,0,0
BRDA:2342,202,1,0
BRDA:2342,202,2,0
BRDA:2343,203,0,0
BRDA:2343,203,1,0
BRDA:2344,204,0,0
BRDA:2344,204,1,0
BRDA:2361,205,0,0
BRDA:2361,205,1,0
BRDA:2364,206,0,0
BRDA:2364,206,1,0
BRDA:2371,207,0,0
BRDA:2371,207,1,0
BRDA:2371,208,0,0
BRDA:2371,208,1,0
BRDA:2371,208,2,0
BRDA:2371,208,3,0
BRDA:2379,209,0,0
BRDA:2379,209,1,0
BRDA:2379,210,0,0
BRDA:2379,210,1,0
BRDA:2379,210,2,0
BRDA:2386,211,0,0
BRDA:2386,211,1,0
BRDA:2393,212,0,0
BRDA:2393,212,1,0
BRDA:2393,213,0,0
BRDA:2393,213,1,0
BRDA:2405,214,0,0
BRDA:2405,214,1,0
BRDA:2414,215,0,0
BRDA:2414,215,1,0
BRDA:2455,216,0,0
BRDA:2455,216,1,0
BRDA:2456,217,0,0
BRDA:2456,217,1,0
BRDA:2464,218,0,0
BRDA:2464,218,1,0
BRDA:2464,219,0,0
BRDA:2464,219,1,0
BRDA:2464,219,2,0
BRDA:2471,220,0,0
BRDA:2471,220,1,0
BRDA:2536,221,0,0
BRDA:2536,221,1,0
BRDA:2536,222,0,0
BRDA:2536,222,1,0
BRDA:2536,222,2,0
BRDA:2545,223,0,0
BRDA:2545,223,1,0
BRDA:2554,224,0,0
BRDA:2554,224,1,0
BRDA:2567,225,0,0
BRDA:2567,225,1,0
BRDA:2582,226,0,0
BRDA:2582,226,1,0
BRDA:2583,227,0,0
BRDA:2583,227,1,0
BRDA:2583,228,0,0
BRDA:2583,228,1,0
BRDA:2600,229,0,0
BRDA:2600,229,1,0
BRF:483
BRH:0
end_of_record
TN:
SF:src\routes\wishlist.routes.js
FNF:0
FNH:0
DA:1,0
DA:2,0
DA:3,0
DA:41,0
DA:85,0
DA:123,0
DA:165,0
DA:167,0
LF:8
LH:0
BRF:0
BRH:0
end_of_record
TN:
SF:src\utils\cloudinary.js
FN:17,(anonymous_0)
FN:18,(anonymous_1)
FN:29,(anonymous_2)
FN:48,(anonymous_3)
FN:49,(anonymous_4)
FN:60,(anonymous_5)
FN:69,(anonymous_6)
FNF:7
FNH:0
FNDA:0,(anonymous_0)
FNDA:0,(anonymous_1)
FNDA:0,(anonymous_2)
FNDA:0,(anonymous_3)
FNDA:0,(anonymous_4)
FNDA:0,(anonymous_5)
FNDA:0,(anonymous_6)
DA:1,0
DA:3,0
DA:17,0
DA:18,0
DA:19,0
DA:27,0
DA:30,0
DA:31,0
DA:38,0
DA:48,0
DA:49,0
DA:50,0
DA:52,0
DA:60,0
DA:61,0
DA:69,0
DA:70,0
DA:71,0
DA:74,0
LF:19
LH:0
BRDA:17,0,0,0
BRDA:20,1,0,0
BRDA:20,1,1,0
BRDA:21,2,0,0
BRDA:21,2,1,0
BRDA:22,3,0,0
BRDA:22,3,1,0
BRDA:30,4,0,0
BRDA:30,4,1,0
BRDA:70,5,0,0
BRDA:70,5,1,0
BRDA:70,6,0,0
BRDA:70,6,1,0
BRF:13
BRH:0
end_of_record
TN:
SF:src\utils\emailService.js
FN:3,(anonymous_0)
FN:9,(anonymous_1)
FN:14,(anonymous_2)
FN:49,(anonymous_3)
FN:54,(anonymous_4)
FNF:5
FNH:0
FNDA:0,(anonymous_0)
FNDA:0,(anonymous_1)
FNDA:0,(anonymous_2)
FNDA:0,(anonymous_3)
FNDA:0,(anonymous_4)
DA:1,0
DA:3,0
DA:6,0
DA:9,0
DA:10,0
DA:14,0
DA:15,0
DA:16,0
DA:18,0
DA:19,0
DA:23,0
DA:24,0
DA:25,0
DA:26,0
DA:33,0
DA:34,0
DA:35,0
DA:37,0
DA:49,0
DA:50,0
DA:54,0
DA:55,0
DA:56,0
DA:61,0
DA:63,0
DA:64,0
DA:107,0
DA:111,0
DA:112,0
DA:155,0
DA:158,0
DA:159,0
DA:198,0
DA:201,0
DA:202,0
DA:205,0
DA:212,0
DA:213,0
DA:214,0
DA:215,0
DA:216,0
DA:217,0
DA:218,0
DA:219,0
DA:222,0
DA:223,0
DA:226,0
DA:228,0
DA:230,0
DA:231,0
DA:233,0
DA:234,0
DA:238,0
LF:53
LH:0
BRDA:6,0,0,0
BRDA:6,0,1,0
BRDA:10,1,0,0
BRDA:10,1,1,0
BRDA:18,2,0,0
BRDA:18,2,1,0
BRDA:18,3,0,0
BRDA:18,3,1,0
BRDA:23,4,0,0
BRDA:23,4,1,0
BRDA:25,5,0,0
BRDA:25,5,1,0
BRDA:25,6,0,0
BRDA:25,6,1,0
BRDA:33,7,0,0
BRDA:33,7,1,0
BRDA:34,8,0,0
BRDA:34,8,1,0
BRDA:35,9,0,0
BRDA:35,9,1,0
BRDA:54,10,0,0
BRDA:61,11,0,0
BRDA:61,11,1,0
BRDA:61,11,2,0
BRDA:61,11,3,0
BRDA:61,11,4,0
BRDA:206,12,0,0
BRDA:206,12,1,0
BRDA:206,13,0,0
BRDA:206,13,1,0
BRDA:212,14,0,0
BRDA:212,14,1,0
BRDA:222,15,0,0
BRDA:222,15,1,0
BRF:34
BRH:0
end_of_record
TN:
SF:src\utils\logger.js
FN:20,formatErrorLog
FN:28,logError
FN:49,logWarning
FN:63,logInfo
FNF:4
FNH:0
FNDA:0,formatErrorLog
FNDA:0,logError
FNDA:0,logWarning
FNDA:0,logInfo
DA:1,0
DA:2,0
DA:3,0
DA:6,0
DA:7,0
DA:8,0
DA:12,0
DA:21,0
DA:29,0
DA:35,0
DA:38,0
DA:39,0
DA:50,0
DA:55,0
DA:57,0
DA:58,0
DA:64,0
DA:69,0
DA:71,0
DA:72,0
DA:76,0
LF:21
LH:0
BRDA:7,0,0,0
BRDA:7,0,1,0
BRDA:38,1,0,0
BRDA:38,1,1,0
BRDA:57,2,0,0
BRDA:57,2,1,0
BRDA:71,3,0,0
BRDA:71,3,1,0
BRF:8
BRH:0
end_of_record
TN:
SF:src\utils\redis.js
FN:6,getClient
FN:17,(anonymous_1)
FN:20,(anonymous_2)
FN:25,(anonymous_3)
FN:33,(anonymous_4)
FN:38,(anonymous_5)
FN:46,cacheGet
FN:60,cacheSet
FN:73,cacheDel
FN:86,cacheInvalidatePattern
FN:102,isRedisConnected
FNF:11
FNH:6
FNDA:68,getClient
FNDA:0,(anonymous_1)
FNDA:19,(anonymous_2)
FNDA:0,(anonymous_3)
FNDA:0,(anonymous_4)
FNDA:0,(anonymous_5)
FNDA:22,cacheGet
FNDA:22,cacheSet
FNDA:2,cacheDel
FNDA:2,cacheInvalidatePattern
FNDA:0,isRedisConnected
DA:1,22
DA:3,22
DA:4,22
DA:7,68
DA:9,22
DA:11,22
DA:17,0
DA:20,22
DA:21,19
DA:22,19
DA:25,22
DA:26,0
DA:28,0
DA:29,0
DA:33,22
DA:34,0
DA:38,22
DA:40,22
DA:47,22
DA:48,22
DA:49,22
DA:50,3
DA:51,2
DA:53,1
DA:61,22
DA:62,22
DA:63,22
DA:64,3
DA:74,2
DA:75,2
DA:76,2
DA:77,2
DA:87,2
DA:88,2
DA:89,2
DA:90,2
DA:91,2
DA:92,1
DA:103,0
DA:106,22
LF:40
LH:34
BRDA:7,0,0,46
BRDA:7,0,1,22
BRDA:9,1,0,22
BRDA:9,1,1,22
BRDA:28,2,0,0
BRDA:28,2,1,0
BRDA:49,3,0,19
BRDA:49,3,1,3
BRDA:51,4,0,1
BRDA:51,4,1,1
BRDA:60,5,0,2
BRDA:63,6,0,19
BRDA:63,6,1,3
BRDA:76,7,0,0
BRDA:76,7,1,2
BRDA:89,8,0,0
BRDA:89,8,1,2
BRDA:91,9,0,1
BRDA:91,9,1,1
BRF:19
BRH:15
end_of_record
TN:
SF:src\utils\typesense.js
FN:18,getClient
FN:124,ensureCollections
FN:140,initTypesense
FN:153,petToDoc
FN:169,productToDoc
FN:186,serviceToDoc
FN:198,eventToDoc
FN:214,mateToDoc
FN:231,upsert
FN:240,remove
FN:253,syncPet
FN:254,syncProduct
FN:255,syncService
FN:256,syncEvent
FN:257,syncMate
FN:259,deletePet
FN:260,deleteProduct
FN:261,deleteService
FN:262,deleteEvent
FN:263,deleteMate
FN:267,bulkImport
FN:289,multiSearch
FN:297,(anonymous_22)
FN:311,(anonymous_23)
FN:312,(anonymous_24)
FN:327,(anonymous_25)
FNF:26
FNH:15
FNDA:22,getClient
FNDA:13,ensureCollections
FNDA:13,initTypesense
FNDA:6,petToDoc
FNDA:3,productToDoc
FNDA:1,serviceToDoc
FNDA:0,eventToDoc
FNDA:0,mateToDoc
FNDA:3,upsert
FNDA:3,remove
FNDA:3,syncPet
FNDA:0,syncProduct
FNDA:0,syncService
FNDA:0,syncEvent
FNDA:0,syncMate
FNDA:3,deletePet
FNDA:0,deleteProduct
FNDA:0,deleteService
FNDA:0,deleteEvent
FNDA:0,deleteMate
FNDA:0,bulkImport
FNDA:5,multiSearch
FNDA:22,(anonymous_22)
FNDA:22,(anonymous_23)
FNDA:2,(anonymous_24)
FNDA:5,(anonymous_25)
DA:13,24
DA:15,24
DA:16,24
DA:19,22
DA:21,13
DA:33,13
DA:38,24
DA:125,13
DA:126,13
DA:127,57
DA:128,57
DA:130,7
DA:131,5
DA:132,5
DA:134,2
DA:141,13
DA:142,13
DA:143,11
DA:144,11
DA:146,2
DA:147,2
DA:154,6
DA:170,3
DA:187,1
DA:199,0
DA:215,0
DA:232,3
DA:233,2
DA:234,2
DA:236,1
DA:241,3
DA:242,2
DA:243,2
DA:245,1
DA:246,0
DA:253,3
DA:254,0
DA:255,0
DA:256,0
DA:257,0
DA:259,3
DA:260,0
DA:261,0
DA:262,0
DA:263,0
DA:268,0
DA:269,0
DA:271,0
DA:272,0
DA:277,24
DA:290,5
DA:292,5
DA:297,22
DA:308,5
DA:310,5
DA:311,5
DA:312,22
DA:317,5
DA:320,24
DA:327,5
LF:60
LH:45
BRDA:19,0,0,9
BRDA:19,0,1,13
BRDA:23,1,0,13
BRDA:23,1,1,13
BRDA:24,2,0,13
BRDA:24,2,1,13
BRDA:25,3,0,13
BRDA:25,3,1,13
BRDA:27,4,0,13
BRDA:27,4,1,0
BRDA:130,5,0,5
BRDA:130,5,1,2
BRDA:156,6,0,6
BRDA:156,6,1,0
BRDA:157,7,0,6
BRDA:157,7,1,0
BRDA:158,8,0,6
BRDA:158,8,1,0
BRDA:159,9,0,6
BRDA:159,9,1,0
BRDA:160,10,0,1
BRDA:160,10,1,5
BRDA:161,11,0,6
BRDA:161,11,1,0
BRDA:162,12,0,6
BRDA:162,12,1,5
BRDA:164,13,0,6
BRDA:164,13,1,5
BRDA:165,14,0,1
BRDA:165,14,1,5
BRDA:172,15,0,3
BRDA:172,15,1,0
BRDA:173,16,0,3
BRDA:173,16,1,2
BRDA:174,17,0,3
BRDA:174,17,1,0
BRDA:175,18,0,3
BRDA:175,18,1,0
BRDA:176,19,0,3
BRDA:176,19,1,2
BRDA:177,20,0,3
BRDA:177,20,1,1
BRDA:178,21,0,3
BRDA:178,21,1,2
BRDA:179,22,0,3
BRDA:179,22,1,2
BRDA:180,23,0,3
BRDA:180,23,1,2
BRDA:182,24,0,1
BRDA:182,24,1,2
BRDA:189,25,0,1
BRDA:189,25,1,0
BRDA:190,26,0,1
BRDA:190,26,1,0
BRDA:191,27,0,1
BRDA:191,27,1,0
BRDA:192,28,0,1
BRDA:192,28,1,0
BRDA:193,29,0,1
BRDA:193,29,1,0
BRDA:194,30,0,1
BRDA:194,30,1,0
BRDA:201,31,0,0
BRDA:201,31,1,0
BRDA:202,32,0,0
BRDA:202,32,1,0
BRDA:203,33,0,0
BRDA:203,33,1,0
BRDA:204,34,0,0
BRDA:204,34,1,0
BRDA:205,35,0,0
BRDA:205,35,1,0
BRDA:206,36,0,0
BRDA:206,36,1,0
BRDA:207,37,0,0
BRDA:207,37,1,0
BRDA:208,38,0,0
BRDA:208,38,1,0
BRDA:208,39,0,0
BRDA:208,39,1,0
BRDA:209,40,0,0
BRDA:209,40,1,0
BRDA:210,41,0,0
BRDA:210,41,1,0
BRDA:217,42,0,0
BRDA:217,42,1,0
BRDA:218,43,0,0
BRDA:218,43,1,0
BRDA:219,44,0,0
BRDA:219,44,1,0
BRDA:220,45,0,0
BRDA:220,45,1,0
BRDA:221,46,0,0
BRDA:221,46,1,0
BRDA:222,47,0,0
BRDA:222,47,1,0
BRDA:223,48,0,0
BRDA:223,48,1,0
BRDA:224,49,0,0
BRDA:224,49,1,0
BRDA:225,50,0,0
BRDA:225,50,1,0
BRDA:232,51,0,1
BRDA:232,51,1,2
BRDA:241,52,0,1
BRDA:241,52,1,2
BRDA:245,53,0,0
BRDA:245,53,1,1
BRDA:268,54,0,0
BRDA:268,54,1,0
BRDA:289,55,0,0
BRDA:289,56,0,0
BRDA:300,57,0,22
BRDA:300,57,1,0
BRDA:304,58,0,4
BRDA:304,58,1,18
BRDA:305,59,0,9
BRDA:305,59,1,13
BRDA:312,60,0,22
BRDA:312,60,1,0
BRF:120
BRH:58
end_of_record
